3; 21.11.2006 17:03:49; Прогноз для станции 27459 на 024 часа успешно раскодирован
3; 21.11.2006 17:03:49; Прогноз для станции 27459 на 048 часа успешно раскодирован
3; 21.11.2006 17:03:49; Прогноз для станции 27459 на 072 часа успешно раскодирован
3; 21.11.2006 17:03:49; Прогноз для станции 27760 на 024 часа успешно раскодирован
3; 21.11.2006 17:03:49; Прогноз для станции 27760 на 048 часа успешно раскодирован
3; 21.11.2006 17:03:49; Прогноз для станции 27760 на 072 часа успешно раскодирован
3; 21.11.2006 17:03:49; Прогноз для станции 27485 на 024 часа успешно раскодирован
3; 21.11.2006 17:03:49; Прогноз для станции 27485 на 048 часа успешно раскодирован
3; 21.11.2006 17:03:49; Прогноз для станции 27485 на 072 часа успешно раскодирован
3; 21.11.2006 17:03:49; Прогноз для станции 27581 на 024 часа успешно раскодирован
3; 21.11.2006 17:03:49; Прогноз для станции 27581 на 048 часа успешно раскодирован
3; 21.11.2006 17:03:49; Прогноз для станции 27581 на 072 часа успешно раскодирован
3; 21.11.2006 17:03:49; Прогноз для станции 27199 на 024 часа успешно раскодирован
3; 21.11.2006 17:03:49; Прогноз для станции 27199 на 048 часа успешно раскодирован
3; 21.11.2006 17:03:49; Прогноз для станции 27199 на 072 часа успешно раскодирован
3; 21.11.2006 17:03:49; Прогноз для станции 28411 на 024 часа успешно раскодирован
3; 21.11.2006 17:03:49; Прогноз для станции 28411 на 048 часа ус3; 21.11.2006 17:08:12; Прогноз для станции 27459 на 024 часа успешно раскодирован
3; 21.11.2006 17:08:12; Прогноз для станции 27459 на 048 часа успешно раскодирован
3; 21.11.2006 17:08:12; Прогноз для станции 27459 на 072 часа успешно раскодирован
3; 21.11.2006 17:08:12; Прогноз для станции 27760 на 024 часа успешно раскодирован
3; 21.11.2006 17:08:12; Прогноз для станции 27760 на 048 часа успешно раскодирован
3; 21.11.2006 17:08:12; Прогноз для станции 27760 на 072 часа успешно раскодирован
3; 21.11.2006 17:08:12; Прогноз для станции 27485 на 024 часа успешно раскодирован
3; 21.11.2006 17:08:12; Прогноз для станции 27485 на 048 часа успешно раскодирован
3; 21.11.2006 17:08:12; Прогноз для станции 27485 на 072 часа успешно раскодирован
3; 21.11.2006 17:08:12; Прогноз для станции 27581 на 024 часа успешно раскодирован
3; 21.11.2006 17:08:12; Прогноз для станции 27581 на 048 часа успешно раскодирован
3; 21.11.2006 17:08:12; Прогноз для станции 27581 на 072 часа успешно раскодирован
3; 21.11.2006 17:08:12; Прогноз для станции 27199 на 024 часа успешно раскодирован
3; 21.11.2006 17:08:12; Прогноз для станции 27199 на 048 часа успешно раскодирован
3; 21.11.2006 17:08:12; Прогноз для станции 27199 на 072 часа успешно раскодирован
3; 21.11.2006 17:08:12; Прогноз для станции 28411 на 024 часа успешно раскодирован
3; 21.11.2006 17:08:12; Прогноз для станции 28411 на 048 часа ус3; 21.11.2006 17:09:42; Прогноз для станции 27459 на 024 часа успешно раскодирован
3; 21.11.2006 17:09:42; Прогноз для станции 27459 на 048 часа успешно раскодирован
3; 21.11.2006 17:09:42; Прогноз для станции 27459 на 072 часа успешно раскодирован
3; 21.11.2006 17:09:42; Прогноз для станции 27760 на 024 часа успешно раскодирован
3; 21.11.2006 17:09:42; Прогноз для станции 27760 на 048 часа успешно раскодирован
3; 21.11.2006 17:09:42; Прогноз для станции 27760 на 072 часа успешно раскодирован
3; 21.11.2006 17:09:42; Прогноз для станции 27485 на 024 часа успешно раскодирован
3; 21.11.2006 17:09:42; Прогноз для станции 27485 на 048 часа успешно раскодирован
3; 21.11.2006 17:09:42; Прогноз для станции 27485 на 072 часа успешно раскодирован
3; 21.11.2006 17:09:42; Прогноз для станции 27581 на 024 часа успешно раскодирован
3; 21.11.2006 17:09:42; Прогноз для станции 27581 на 048 часа успешно раскодирован
3; 21.11.2006 17:09:42; Прогноз для станции 27581 на 072 часа успешно раскодирован
3; 21.11.2006 17:09:42; Прогноз для станции 27199 на 024 часа успешно раскодирован
3; 21.11.2006 17:09:42; Прогноз для станции 27199 на 048 часа успешно раскодирован
3; 21.11.2006 17:09:42; Прогноз для станции 27199 на 072 часа успешно раскодирован
3; 21.11.2006 17:09:42; Прогноз для станции 28411 на 024 часа успешно раскодирован
3; 21.11.2006 17:09:42; Прогноз для станции 28411 на 048 часа ус3; 21.11.2006 17:30:24; Прогноз для станции 27459 на 024 часа успешно раскодирован
3; 21.11.2006 17:30:24; Прогноз для станции 27459 на 048 часа успешно раскодирован
3; 21.11.2006 17:30:24; Прогноз для станции 27459 на 072 часа успешно раскодирован
3; 21.11.2006 17:30:24; Прогноз для станции 27760 на 024 часа успешно раскодирован
3; 21.11.2006 17:30:24; Прогноз для станции 27760 на 048 часа успешно раскодирован
3; 21.11.2006 17:30:24; Прогноз для станции 27760 на 072 часа успешно раскодирован
3; 21.11.2006 17:30:24; Прогноз для станции 27485 на 024 часа успешно раскодирован
3; 21.11.2006 17:30:24; Прогноз для станции 27485 на 048 часа успешно раскодирован
3; 21.11.2006 17:30:24; Прогноз для станции 27485 на 072 часа успешно раскодирован
3; 21.11.2006 17:30:24; Прогноз для станции 27581 на 024 часа успешно раскодирован
3; 21.11.2006 17:30:24; Прогноз для станции 27581 на 048 часа успешно раскодирован
3; 21.11.2006 17:30:24; Прогноз для станции 27581 на 072 часа успешно раскодирован
3; 21.11.2006 17:30:24; Прогноз для станции 27199 на 024 часа успешно раскодирован
3; 21.11.2006 17:30:24; Прогноз для станции 27199 на 048 часа успешно раскодирован
3; 21.11.2006 17:30:24; Прогноз для станции 27199 на 072 часа успешно раскодирован
3; 21.11.2006 17:30:24; Прогноз для станции 28411 на 024 часа успешно раскодирован
3; 21.11.2006 17:30:24; Прогноз для станции 28411 на 048 часа ус3; 21.11.2006 17:30:59; Прогноз для станции 27459 на 024 часа успешно раскодирован
3; 21.11.2006 17:30:59; Прогноз для станции 27459 на 048 часа успешно раскодирован
3; 21.11.2006 17:30:59; Прогноз для станции 27459 на 072 часа успешно раскодирован
3; 21.11.2006 17:30:59; Прогноз для станции 27760 на 024 часа успешно раскодирован
3; 21.11.2006 17:30:59; Прогноз для станции 27760 на 048 часа успешно раскодирован
3; 21.11.2006 17:30:59; Прогноз для станции 27760 на 072 часа успешно раскодирован
3; 21.11.2006 17:30:59; Прогноз для станции 27485 на 024 часа успешно раскодирован
3; 21.11.2006 17:30:59; Прогноз для станции 27485 на 048 часа успешно раскодирован
3; 21.11.2006 17:30:59; Прогноз для станции 27485 на 072 часа успешно раскодирован
3; 21.11.2006 17:30:59; Прогноз для станции 27581 на 024 часа успешно раскодирован
3; 21.11.2006 17:30:59; Прогноз для станции 27581 на 048 часа успешно раскодирован
3; 21.11.2006 17:30:59; Прогноз для станции 27581 на 072 часа успешно раскодирован
3; 21.11.2006 17:30:59; Прогноз для станции 27199 на 024 часа успешно раскодирован
3; 21.11.2006 17:30:59; Прогноз для станции 27199 на 048 часа успешно раскодирован
3; 21.11.2006 17:30:59; Прогноз для станции 27199 на 072 часа успешно раскодирован
3; 21.11.2006 17:30:59; Прогноз для станции 28411 на 024 часа успешно раскодирован
3; 21.11.2006 17:30:59; Прогноз для станции 28411 на 048 часа ус3; 21.11.2006 17:41:24; Прогноз для станции 27459 на 024 часа успешно раскодирован
3; 21.11.2006 17:41:24; Прогноз для станции 27459 на 048 часа успешно раскодирован
3; 21.11.2006 17:41:24; Прогноз для станции 27459 на 072 часа успешно раскодирован
3; 21.11.2006 17:41:24; Прогноз для станции 27760 на 024 часа успешно раскодирован
3; 21.11.2006 17:41:24; Прогноз для станции 27760 на 048 часа успешно раскодирован
3; 21.11.2006 17:41:24; Прогноз для станции 27760 на 072 часа успешно раскодирован
3; 21.11.2006 17:41:24; Прогноз для станции 27485 на 024 часа успешно раскодирован
3; 21.11.2006 17:41:24; Прогноз для станции 27485 на 048 часа успешно раскодирован
3; 21.11.2006 17:41:24; Прогноз для станции 27485 на 072 часа успешно раскодирован
3; 21.11.2006 17:41:24; Прогноз для станции 27581 на 024 часа успешно раскодирован
3; 21.11.2006 17:41:24; Прогноз для станции 27581 на 048 часа успешно раскодирован
3; 21.11.2006 17:41:24; Прогноз для станции 27581 на 072 часа успешно раскодирован
3; 21.11.2006 17:41:24; Прогноз для станции 27199 на 024 часа успешно раскодирован
3; 21.11.2006 17:41:24; Прогноз для станции 27199 на 048 часа успешно раскодирован
3; 21.11.2006 17:41:24; Прогноз для станции 27199 на 072 часа успешно раскодирован
3; 21.11.2006 17:41:24; Прогноз для станции 28411 на 024 часа успешно раскодирован
3; 21.11.2006 17:41:24; Прогноз для станции 28411 на 048 часа ус3; 21.11.2006 17:42:34; Прогноз для станции 27459 на 024 часа успешно раскодирован
3; 21.11.2006 17:42:34; Прогноз для станции 27459 на 048 часа успешно раскодирован
3; 21.11.2006 17:42:34; Прогноз для станции 27459 на 072 часа успешно раскодирован
3; 21.11.2006 17:42:34; Прогноз для станции 27760 на 024 часа успешно раскодирован
3; 21.11.2006 17:42:34; Прогноз для станции 27760 на 048 часа успешно раскодирован
3; 21.11.2006 17:42:34; Прогноз для станции 27760 на 072 часа успешно раскодирован
3; 21.11.2006 17:42:34; Прогноз для станции 27485 на 024 часа успешно раскодирован
3; 21.11.2006 17:42:34; Прогноз для станции 27485 на 048 часа успешно раскодирован
3; 21.11.2006 17:42:34; Прогноз для станции 27485 на 072 часа успешно раскодирован
3; 21.11.2006 17:42:34; Прогноз для станции 27581 на 024 часа успешно раскодирован
3; 21.11.2006 17:42:34; Прогноз для станции 27581 на 048 часа успешно раскодирован
3; 21.11.2006 17:42:34; Прогноз для станции 27581 на 072 часа успешно раскодирован
3; 21.11.2006 17:42:34; Прогноз для станции 27199 на 024 часа успешно раскодирован
3; 21.11.2006 17:42:34; Прогноз для станции 27199 на 048 часа успешно раскодирован
3; 21.11.2006 17:42:34; Прогноз для станции 27199 на 072 часа успешно раскодирован
3; 21.11.2006 17:42:34; Прогноз для станции 28411 на 024 часа успешно раскодирован
3; 21.11.2006 17:42:34; Прогноз для станции 28411 на 048 часа успешно раскодирован
3; 21.11.2006 17:42:34; Прогноз для станции 28411 на 072 часа успешно раскодирован
0; 21.11.2006 17:42:47; 3; 21.11.2006 17:43:44; Прогноз для станции 27459 на 024 часа успешно раскодирован
3; 21.11.2006 17:43:44; Прогноз для станции 27459 на 048 часа успешно раскодирован
3; 21.11.2006 17:43:44; Прогноз для станции 27459 на 072 часа успешно раскодирован
3; 21.11.2006 17:43:44; Прогноз для станции 27760 на 024 часа успешно раскодирован
3; 21.11.2006 17:43:44; Прогноз для станции 27760 на 048 часа успешно раскодирован
3; 21.11.2006 17:43:44; Прогноз для станции 27760 на 072 часа успешно раскодирован
3; 21.11.2006 17:43:44; Прогноз для станции 27485 на 024 часа успешно раскодирован
3; 21.11.2006 17:43:44; Прогноз для станции 27485 на 048 часа успешно раскодирован
3; 21.11.2006 17:43:44; Прогноз для станции 27485 на 072 часа успешно раскодирован
3; 21.11.2006 17:43:44; Прогноз для станции 27581 на 024 часа успешно раскодирован
3; 21.11.2006 17:43:44; Прогноз для станции 27581 на 048 часа успешно раскодирован
3; 21.11.2006 17:43:44; Прогноз для станции 27581 на 072 часа успешно раскодирован
3; 21.11.2006 17:43:44; Прогноз для станции 27199 на 024 часа успешно раскодирован
3; 21.11.2006 17:43:44; Прогноз для станции 27199 на 048 часа успешно раскодирован
3; 21.11.2006 17:43:44; Прогноз для станции 27199 на 072 часа успешно раскодирован
3; 21.11.2006 17:43:44; Прогноз для станции 28411 на 024 часа успешно раскодирован
3; 21.11.2006 17:43:44; Прогноз для станции 28411 на 048 часа успешно раскодирован
3; 21.11.2006 17:43:44; Прогноз для станции 28411 на 072 часа успешно раскодирован
0; 21.11.2006 17:43:48; Данные не записаны на сайт ВВ УГМС. Отсутствует соединение с сервером
0; 21.11.2006 17:43:51; Данные не записаны на сайт ВВ УГМС. Отсутствует соединение с сервером
0; 21.11.2006 17:43:54; Данные не записаны на сайт ВВ УГМС. Отсутствует соединение с сервером
0; 21.11.2006 17:43:57; Данные не записаны на сайт ВВ УГМС. Отсутствует соединение с сервером
0; 21.11.2006 17:44:00; Данные не записаны на сайт ВВ УГМС. Отсутствует соединение с сервером
0; 21.11.2006 17:44:03; Данные не записаны на сайт ВВ УГМС. Отсутствует соединение с сервером
0; 21.11.2006 17:44:06; Данные не записаны на сайт ВВ УГМС. Отсутствует соединение с сервером
0; 21.11.2006 17:44:09; Данные не записаны на сайт ВВ УГМС. Отсутствует соединение с сервером
0; 21.11.2006 17:44:12; Данные не записаны на сайт ВВ УГМС. Отсутствует соединение с сервером
0; 21.11.2006 17:44:15; Данные не записаны на сайт ВВ УГМС. Отсутствует соединение с сервером
0; 21.11.2006 17:44:18; Данные не записаны на сайт ВВ УГМС. Отсутствует соединение с сервером
0; 21.11.2006 17:44:21; Данные не записаны на сайт ВВ УГМС. Отсутствует соединение с сервером
0; 21.11.2006 17:44:24; Данные не записаны на сайт ВВ УГМС. Отсутствует соединение с сервером
0; 21.11.2006 17:44:27; Данные не записаны на сайт ВВ УГМС. Отсутствует соединение с сервером
0; 21.11.2006 17:44:30; Данные не записаны на сайт ВВ УГМС. Отсутствует соединение с сервером
0; 21.11.2006 17:44:33; Данные не записаны на сайт ВВ УГМС. Отсутствует соединение с сервером
0; 21.11.2006 17:44:36; Данные не записаны на сайт ВВ УГМС. Отсутствует соединение с сервером
0; 21.11.2006 17:44:39; Данные не записаны на сайт ВВ УГМС. Отсутствует с3; 21.11.2006 17:54:12; Прогноз для станции 27459 на 024 часа успешно раскодирован
3; 21.11.2006 17:54:12; Прогноз для станции 27459 на 048 часа успешно раскодирован
3; 21.11.2006 17:54:12; Прогноз для станции 27459 на 072 часа успешно раскодирован
3; 21.11.2006 17:54:12; Прогноз для станции 27760 на 024 часа успешно раскодирован
3; 21.11.2006 17:54:12; Прогноз для станции 27760 на 048 часа успешно раскодирован
3; 21.11.2006 17:54:12; Прогноз для станции 27760 на 072 часа успешно раскодирован
3; 21.11.2006 17:54:12; Прогноз для станции 27485 на 024 часа успешно раскодирован
3; 21.11.2006 17:54:12; Прогноз для станции 27485 на 048 часа успешно раскодирован
3; 21.11.2006 17:54:12; Прогноз для станции 27485 на 072 часа успешно раскодирован
3; 21.11.2006 17:54:12; Прогноз для станции 27581 на 024 часа успешно раскодирован
3; 21.11.2006 17:54:12; Прогноз для станции 27581 на 048 часа успешно раскодирован
3; 21.11.2006 17:54:12; Прогноз для станции 27581 на 072 часа успешно раскодирован
3; 21.11.2006 17:54:12; Прогноз для станции 27199 на 024 часа успешно раскодирован
3; 21.11.2006 17:54:12; Прогноз для станции 27199 на 048 часа успешно раскодирован
3; 21.11.2006 17:54:12; Прогноз для станции 27199 на 072 часа успешно раскодирован
3; 21.11.2006 17:54:12; Прогноз для станции 28411 на 024 часа успешно раскодирован
3; 21.11.2006 17:54:12; Прогноз для станции 28411 на 048 часа ус3; 21.11.2006 17:55:48; Прогноз для станции 27459 на 024 часа успешно раскодирован
3; 21.11.2006 17:55:48; Прогноз для станции 27459 на 048 часа успешно раскодирован
3; 21.11.2006 17:55:48; Прогноз для станции 27459 на 072 часа успешно раскодирован
3; 21.11.2006 17:55:48; Прогноз для станции 27760 на 024 часа успешно раскодирован
3; 21.11.2006 17:55:48; Прогноз для станции 27760 на 048 часа успешно раскодирован
3; 21.11.2006 17:55:48; Прогноз для станции 27760 на 072 часа успешно раскодирован
3; 21.11.2006 17:55:48; Прогноз для станции 27485 на 024 часа успешно раскодирован
3; 21.11.2006 17:55:48; Прогноз для станции 27485 на 048 часа успешно раскодирован
3; 21.11.2006 17:55:48; Прогноз для станции 27485 на 072 часа успешно раскодирован
3; 21.11.2006 17:55:48; Прогноз для станции 27581 на 024 часа успешно раскодирован
3; 21.11.2006 17:55:48; Прогноз для станции 27581 на 048 часа успешно раскодирован
3; 21.11.2006 17:55:48; Прогноз для станции 27581 на 072 часа успешно раскодирован
3; 21.11.2006 17:55:48; Прогноз для станции 27199 на 024 часа успешно раскодирован
3; 21.11.2006 17:55:48; Прогноз для станции 27199 на 048 часа успешно раскодирован
3; 21.11.2006 17:55:48; Прогноз для станции 27199 на 072 часа успешно раскодирован
3; 21.11.2006 17:55:48; Прогноз для станции 28411 на 024 часа успешно раскодирован
3; 21.11.2006 17:55:48; Прогноз для станции 28411 на 048 часа ус3; 21.11.2006 17:58:14; Прогноз для станции 27459 на 024 часа успешно раскодирован
3; 21.11.2006 17:58:14; Прогноз для станции 27459 на 048 часа успешно раскодирован
3; 21.11.2006 17:58:14; Прогноз для станции 27459 на 072 часа успешно раскодирован
3; 21.11.2006 17:58:14; Прогноз для станции 27760 на 024 часа успешно раскодирован
3; 21.11.2006 17:58:14; Прогноз для станции 27760 на 048 часа успешно раскодирован
3; 21.11.2006 17:58:14; Прогноз для станции 27760 на 072 часа успешно раскодирован
3; 21.11.2006 17:58:14; Прогноз для станции 27485 на 024 часа успешно раскодирован
3; 21.11.2006 17:58:14; Прогноз для станции 27485 на 048 часа успешно раскодирован
3; 21.11.2006 17:58:14; Прогноз для станции 27485 на 072 часа успешно раскодирован
3; 21.11.2006 17:58:14; Прогноз для станции 27581 на 024 часа успешно раскодирован
3; 21.11.2006 17:58:14; Прогноз для станции 27581 на 048 часа успешно раскодирован
3; 21.11.2006 17:58:14; Прогноз для станции 27581 на 072 часа успешно раскодирован
3; 21.11.2006 17:58:14; Прогноз для станции 27199 на 024 часа успешно раскодирован
3; 21.11.2006 17:58:14; Прогноз для станции 27199 на 048 часа успешно раскодирован
3; 21.11.2006 17:58:14; Прогноз для станции 27199 на 072 часа успешно раскодирован
3; 21.11.2006 17:58:14; Прогноз для станции 28411 на 024 часа успешно раскодирован
3; 21.11.2006 17:58:14; Прогноз для станции 28411 на 048 часа ус3; 21.11.2006 17:58:50; Прогноз для станции 27459 на 024 часа успешно раскодирован
3; 21.11.2006 17:58:50; Прогноз для станции 27459 на 048 часа успешно раскодирован
3; 21.11.2006 17:58:50; Прогноз для станции 27459 на 072 часа успешно раскодирован
3; 21.11.2006 17:58:50; Прогноз для станции 27760 на 024 часа успешно раскодирован
3; 21.11.2006 17:58:50; Прогноз для станции 27760 на 048 часа успешно раскодирован
3; 21.11.2006 17:58:50; Прогноз для станции 27760 на 072 часа успешно раскодирован
3; 21.11.2006 17:58:50; Прогноз для станции 27485 на 024 часа успешно раскодирован
3; 21.11.2006 17:58:50; Прогноз для станции 27485 на 048 часа успешно раскодирован
3; 21.11.2006 17:58:50; Прогноз для станции 27485 на 072 часа успешно раскодирован
3; 21.11.2006 17:58:50; Прогноз для станции 27581 на 024 часа успешно раскодирован
3; 21.11.2006 17:58:50; Прогноз для станции 27581 на 048 часа успешно раскодирован
3; 21.11.2006 17:58:50; Прогноз для станции 27581 на 072 часа успешно раскодирован
3; 21.11.2006 17:58:50; Прогноз для станции 27199 на 024 часа успешно раскодирован
3; 21.11.2006 17:58:50; Прогноз для станции 27199 на 048 часа успешно раскодирован
3; 21.11.2006 17:58:50; Прогноз для станции 27199 на 072 часа успешно раскодирован
3; 21.11.2006 17:58:50; Прогноз для станции 28411 на 024 часа успешно раскодирован
3; 21.11.2006 17:58:50; Прогноз для станции 28411 на 048 часа успешно раскодирован
3; 21.11.2006 17:58:50; Прогноз для станции 28411 на 072 часа успешно раскодирован
0; 21.11.2006 17:58:56; Прогноз для станции ?index=27459 на hour=024 не записан на сайт ВВ УГМС. Отсутствует соединение с сервером
0; 21.11.2006 17:58:59; Прогноз для станции ?index=27459 на hour=048 не записан на сайт ВВ УГМС. Отсутствует соединение с сервером
0; 21.11.2006 17:59:02; Прогноз для станции ?index=27459 на hour=072 не записан на сайт ВВ УГМС. Отсутствует соединение с сервером
0; 21.11.2006 17:59:05; Прогноз для станции ?index=27760 на hour=024 не записан на сайт ВВ УГМС. Отсутствует соединение с сервером
0; 21.11.2006 17:59:08; Прогноз для станции ?index=27760 на hour=048 не записан на сайт ВВ УГМС. Отсутствует соединение с сервером
0; 21.11.2006 17:59:11; Прогноз для станции ?index=27760 на hour=072 не записан на сайт ВВ УГМС. Отсутствует соединение с сервером
0; 21.11.2006 17:59:14; Прогноз для станции ?index=27485 на hour=024 не записан на сайт ВВ УГМС. Отсутствует соединение с сервером
0; 21.11.2006 17:59:17; Прогноз для станции ?index=27485 на hour=048 не записан на сайт ВВ УГМС. Отсутствует соединение с сервером
0; 21.11.2006 17:59:20; Прогноз для станции ?index=27485 на hour=072 не записан на сайт ВВ УГМС. Отсутствует соединение с сервером
0; 21.11.2006 17:59:23; Прогноз для станции ?index=27581 на hour=024 не записан на сайт ВВ УГМС. Отсутствует соединение с сервером
0; 21.11.2006 17:59:26; Прогноз для станции ?index=27581 на hour=048 не записан на сайт ВВ УГМС. Отсутствует сое3; 21.11.2006 18:10:10; Прогноз для станции 27459 на 024 часа успешно раскодирован
3; 21.11.2006 18:10:10; Прогноз для станции 27459 на 048 часа успешно раскодирован
3; 21.11.2006 18:10:10; Прогноз для станции 27459 на 072 часа успешно раскодирован
3; 21.11.2006 18:10:10; Прогноз для станции 27760 на 024 часа успешно раскодирован
3; 21.11.2006 18:10:10; Прогноз для станции 27760 на 048 часа успешно раскодирован
3; 21.11.2006 18:10:10; Прогноз для станции 27760 на 072 часа успешно раскодирован
3; 21.11.2006 18:10:10; Прогноз для станции 27485 на 024 часа успешно раскодирован
3; 21.11.2006 18:10:10; Прогноз для станции 27485 на 048 часа успешно раскодирован
3; 21.11.2006 18:10:10; Прогноз для станции 27485 на 072 часа успешно раскодирован
3; 21.11.2006 18:10:10; Прогноз для станции 27581 на 024 часа успешно раскодирован
3; 21.11.2006 18:10:10; Прогноз для станции 27581 на 048 часа успешно раскодирован
3; 21.11.2006 18:10:10; Прогноз для станции 27581 на 072 часа успешно раскодирован
3; 21.11.2006 18:10:10; Прогноз для станции 27199 на 024 часа успешно раскодирован
3; 21.11.2006 18:10:10; Прогноз для станции 27199 на 048 часа успешно раскодирован
3; 21.11.2006 18:10:10; Прогноз для станции 27199 на 072 часа успешно раскодирован
3; 21.11.2006 18:10:10; Прогноз для станции 28411 на 024 часа успешно раскодирован
3; 21.11.2006 18:10:10; Прогноз для станции 28411 на 048 часа успешно раскодирован
3; 21.11.2006 18:10:10; Прогноз для станции 28411 на 072 часа успешно раскодирован
0; 21.11.2006 18:10:15; Прогноз для станции 27459 на 024 не записан на сайт ВВ УГМС. Отсутствует соединение с сервером
0; 21.11.2006 18:10:18; Прогноз для станции 27459 на 048 не записан на сайт ВВ УГМС. Отсутствует соединение с сервером
0; 21.11.2006 18:10:21; Прогноз для станции 27459 на 072 не записан на сайт ВВ УГМС. Отсутствует соединение с сервером
0; 21.11.2006 18:10:24; Прогноз для станции 27760 на 024 не записан на сайт ВВ УГМС. Отсутствует соединение с сервером
0; 21.11.2006 18:10:27; Прогноз для станции 27760 на 048 не записан на сайт ВВ УГМС. Отсутствует соединение с сервером
0; 21.11.2006 18:10:30; Прогноз для станции 27760 на 072 не записан на сайт ВВ УГМС. Отсутствует соединение с сервером
0; 21.11.2006 18:10:33; Прогноз для станции 27485 на 024 не записан на сайт ВВ УГМС. Отсутствует соединение с сервером
0; 21.11.2006 18:10:36; Прогноз для станции 27485 на 048 не записан на сайт ВВ УГМС. Отсутствует соединение с сервером
0; 21.11.2006 18:10:39; Прогноз для станции 27485 на 072 не записан на сайт ВВ УГМС. Отсутствует соединение с сервером
0; 21.11.2006 18:10:42; Прогноз для станции 27581 на 024 не записан на сайт ВВ УГМС. Отсутствует соединение с сервером
0; 21.11.2006 18:10:45; Прогноз для станции 27581 на 048 не записан на сайт ВВ УГМС. Отсутствует соединение с сервером
0; 21.11.2006 18:10:48; Прогноз для станции 27581 на 072 не записан на сайт ВВ УГМС. Отсутствует соединение с сервером
0; 21.11.2006 18:10:51; Прогноз для станции 27199 на 024 не записан на сайт ВВ УГМС. Отсутствует соединение с сервером
0; 21.11.2006 18:10:54; Прогноз для станции 27199 на 048 не записан на сайт ВВ УГМС. Отсутствует соединение с сервером
0; 21.11.2006 18:10:57; Прогноз для станции 27199 на 072 не записан на сайт ВВ УГМС. Отсутствует соединение с сервером
0; 21.11.2006 18:11:00; Прогноз для станции 28411 на 024 не записан на сайт ВВ УГМС. Отсутствует соединение с сервером
0; 21.11.2006 18:11:03; Прогноз для станции 28411 на 048 не записан на сайт ВВ УГМС. Отсутствует соединение с сервером
0; 21.11.2006 18:11:06; Прогноз 3; 21.11.2006 18:18:28; Прогноз для станции 27459 на 024 часа успешно раскодирован
3; 21.11.2006 18:18:28; Прогноз для станции 27459 на 048 часа успешно раскодирован
3; 21.11.2006 18:18:28; Прогноз для станции 27459 на 072 часа успешно раскодирован
3; 21.11.2006 18:18:28; Прогноз для станции 27760 на 024 часа успешно раскодирован
3; 21.11.2006 18:18:28; Прогноз для станции 27760 на 048 часа успешно раскодирован
3; 21.11.2006 18:18:28; Прогноз для станции 27760 на 072 часа успешно раскодирован
3; 21.11.2006 18:18:28; Прогноз для станции 27485 на 024 часа успешно раскодирован
3; 21.11.2006 18:18:28; Прогноз для станции 27485 на 048 часа успешно раскодирован
3; 21.11.2006 18:18:28; Прогноз для станции 27485 на 072 часа успешно раскодирован
3; 21.11.2006 18:18:28; Прогноз для станции 27581 на 024 часа успешно раскодирован
3; 21.11.2006 18:18:28; Прогноз для станции 27581 на 048 часа успешно раскодирован
3; 21.11.2006 18:18:28; Прогноз для станции 27581 на 072 часа успешно раскодирован
3; 21.11.2006 18:18:28; Прогноз для станции 27199 на 024 часа успешно раскодирован
3; 21.11.2006 18:18:28; Прогноз для станции 27199 на 048 часа успешно раскодирован
3; 21.11.2006 18:18:28; Прогноз для станции 27199 на 072 часа успешно раскодирован
3; 21.11.2006 18:18:28; Прогноз для станции 28411 на 024 часа успешно раскодирован
3; 21.11.2006 18:18:28; Прогноз для станции 28411 на 048 часа успешно раскодирован
3; 21.11.2006 18:18:28; Прогноз для станции 28411 на 072 часа успешно раскодирован
0; 21.11.2006 18:18:43; Прогноз для станции 024 не раскодирован. Отсутствует группа №0 в коде КП-68
3; 21.11.2006 18:18:43; Прогноз для станции 27459 на 048 часа успешно раскодирован
3; 21.11.2006 18:18:43; Прогноз для станции 27459 на 072 часа успешно раскодирован
3; 21.11.2006 18:18:43; Прогноз для станции 27760 на 024 часа успешно раскодирован
3; 21.11.2006 18:18:43; Прогноз для станции 27760 на 048 часа успешно раскодирован
3; 21.11.2006 18:18:43; Прогноз для станции 27760 на 072 часа успешно раскодирован
3; 21.11.2006 18:18:43; Прогноз для станции 27485 на 024 часа успешно раскодирован
3; 21.11.2006 18:18:43; Прогноз для станции 27485 на 048 часа успешно раскодирован
3; 21.11.2006 18:18:43; Прогноз для станции 27485 на 072 часа успешно раскодирован
3; 21.11.2006 18:18:43; Прогноз для станции 27581 на 024 часа успешно раскодирован
3; 21.11.2006 18:18:43; Прогноз для станции 27581 на 048 часа успешно раскодирован
3; 21.11.2006 18:18:43; Прогноз для станции 27581 на 072 часа успешно раскодирован
3; 21.11.2006 18:18:43; Прогноз для станции 27199 на 024 часа успешно раскодирован
3; 21.11.2006 18:18:43; Прогноз для станции 27199 на 048 часа успешно раскодирован
3; 21.11.2006 18:18:43; Прогноз для станции 27199 на 072 часа успешно раскодирован
3; 21.11.2006 18:18:43; Прогноз для станции 28411 на 024 часа успешно раскодирован
3; 21.11.2006 18:18:43; Прогноз для станции 28411 на 048 часа успешно раскодирован
3; 21.11.2006 18:18:43; Прогноз для станции 28411 на 072 часа успешно раскодирован
0; 21.11.2006 18:19:04; Прогноз для станции 1103 не раскодирован. Отсутствует группа №0 в коде КП-68
3; 21.11.2006 18:19:04; Прогноз для станции 27459 на 048 часа успешно раскодирован
3; 21.11.2006 18:19:04; Прогноз для станции 27459 на 072 часа успешно раскодирован
3; 21.11.2006 18:19:04; Прогноз для станции 27760 на 024 часа успешно раскодирован
3; 21.11.2006 18:19:04; Прогноз для станции 27760 на 048 часа успешно раскодирован
3; 21.11.2006 18:19:04; Прогноз для станции 27760 на 072 часа успешно раскодирован
3; 21.11.2006 18:19:04; Прогноз для станции 27485 на 024 часа успешно раскодирован
3; 21.11.2006 18:19:04; Прогноз для станции 27485 на 048 часа успешно раскодирован
3; 21.11.2006 18:19:04; Прогноз для станции 27485 на 072 часа успешно раскодирован
3; 21.11.2006 18:19:04; Прогноз для станции 27581 на 024 часа успешно раскодирован
3; 21.11.2006 18:19:04; Прогноз для станции 27581 на 048 часа успешно раскодирован
3; 21.11.2006 18:19:04; Прогноз для станции 27581 на 072 часа успешно раскодирован
3; 21.11.2006 18:19:04; Прогноз для станции 27199 на 024 часа успешно раскодирован
3; 21.11.2006 18:19:04; Прогноз для станции 27199 на 048 часа успешно раскодирован
3; 21.11.2006 18:19:04; Прогноз для станции 27199 на 072 часа успешно раскодирован
3; 21.11.2006 18:19:04; Прогноз для станции 28411 на 024 часа успешно раскодирован
3; 21.11.2006 18:19:04; Прогноз для станции 28411 на 048 часа успешно раскодирован
3; 21.11.2006 18:19:04; Прогноз для станции 28411 на 072 часа успешно раскодирован
0; 21.11.2006 18:19:20; Прогноз для станции 27459 на 048 не записан на сайт ВВ УГМС. Отсутствует соединение с сервером
0; 21.11.2006 18:19:23; Прогноз для станции 27459 на 072 не записан на сайт ВВ УГМС. Отсутствует соединение с сервером
0; 21.11.2006 18:19:26; Прогноз для станции 27760 на 024 не записан на сайт ВВ УГМС. Отсутствует соединение с сервером
0; 21.11.2006 18:19:29; Прогноз для станции 27760 на 048 не записан на сайт ВВ УГМС. Отсутствует соединение с сервером
0; 21.11.2006 18:19:32; Прогноз для станции 27760 на 072 не записан на сайт ВВ УГМС. Отсутствует соединение с сервером
0; 21.11.2006 18:19:35; Прогноз для станции 27485 на 024 не записан на сайт ВВ УГМС. Отсутствует соединение с сервером
0; 21.11.2006 18:19:38; Прогноз для станции 27485 на 048 не записан на сайт ВВ УГМС. Отсутствует соединение с сервером
0; 21.11.2006 18:19:41; Прогноз для станции 27485 на 072 не записан на сайт ВВ УГМС. Отсутствует соединение с сервером
0; 21.11.2006 18:19:44; Прогноз для станции 27581 на 024 не записан на сайт ВВ УГМС. Отсутствует соединение с сервером
0; 21.11.2006 18:19:47; Прогноз для станции 27581 на 048 не записан на сайт ВВ УГМС. Отсутствует соединение с сервером
0; 21.11.2006 18:19:50; Прогноз для станции 27581 на 072 не записан на сайт ВВ УГМС. Отсутствует соединение с сервером
0; 21.11.2006 18:19:53; Прогноз для станции 27199 на 024 не записан на сайт ВВ УГМС. Отсутствует соединение с сервером
0; 21.11.2006 18:19:56; Прогноз для станции 27199 на 048 не записан на сайт ВВ УГМС. Отсутствует соединение с сервером
0; 21.11.20063; 21.11.2006 18:30:50; Прогноз для станции 27459 на 024 часа успешно раскодирован
3; 21.11.2006 18:30:50; Прогноз для станции 27459 на 048 часа успешно раскодирован
3; 21.11.2006 18:30:50; Прогноз для станции 27459 на 072 часа успешно раскодирован
3; 21.11.2006 18:30:50; Прогноз для станции 27760 на 024 часа успешно раскодирован
3; 21.11.2006 18:30:50; Прогноз для станции 27760 на 048 часа успешно раскодирован
3; 21.11.2006 18:30:50; Прогноз для станции 27760 на 072 часа успешно раскодирован
3; 21.11.2006 18:30:50; Прогноз для станции 27485 на 024 часа успешно раскодирован
3; 21.11.2006 18:30:50; Прогноз для станции 27485 на 048 часа успешно раскодирован
3; 21.11.2006 18:30:50; Прогноз для станции 27485 на 072 часа успешно раскодирован
3; 21.11.2006 18:30:50; Прогноз для станции 27581 на 024 часа успешно раскодирован
3; 21.11.2006 18:30:50; Прогноз для станции 27581 на 048 часа успешно раскодирован
3; 21.11.2006 18:30:50; Прогноз для станции 27581 на 072 часа успешно раскодирован
3; 21.11.2006 18:30:50; Прогноз для станции 27199 на 024 часа успешно раскодирован
3; 21.11.2006 18:30:50; Прогноз для станции 27199 на 048 часа успешно раскодирован
3; 21.11.2006 18:30:50; Прогноз для станции 27199 на 072 часа успешно раскодирован
3; 21.11.2006 18:30:50; Прогноз для станции 28411 на 024 часа успешно раскодирован
3; 21.11.2006 18:30:50; Прогноз для станции 28411 на 048 часа успешно раскодирован
3; 21.11.2006 18:30:50; Прогноз для станции 28411 на 072 часа успешно раскодирован
0; 21.11.2006 18:30:59; Прогноз для станции 27459 на 024 не записан на сайт ВВ УГМС. Отсутствует соединение с сервером
0; 21.11.2006 18:31:02; Прогноз для станции 27459 на 048 не записан на сайт ВВ УГМС. Отсутствует соединение с сервером
0; 21.11.2006 18:31:05; Прогноз для станции 27459 на 072 не записан на сайт ВВ УГМС. Отсутствует соединение с сервером
0; 21.11.2006 18:31:08; Прогноз для станции 27760 на 024 не записан на сайт ВВ УГМС. Отсутствует соединение с сервером
0; 21.11.2006 18:31:11; Прогноз для станции 27760 на 048 не записан на сайт ВВ УГМС. Отсутствует соединение с сервером
0; 21.11.2006 18:31:14; Прогноз для станции 27760 на 072 не записан на сайт ВВ УГМС. Отсутствует соединение с сервером
0; 21.11.2006 18:31:17; Прогноз для станции 27485 на 024 не записан на сайт ВВ УГМС. Отсутствует соединение с сервером
0; 21.11.2006 18:31:20; Прогноз для станции 27485 на 048 не записан на сайт ВВ УГМС. Отсутствует соединение с сервером
0; 21.11.2006 18:31:23; Прогноз для станции 27485 на 072 не записан на сайт ВВ УГМС. Отсутствует соединение с сервером
0; 21.11.2006 18:31:26; Прогноз для станции 27581 на 024 не записан на сайт ВВ УГМС. Отсутствует соединение с сервером
0; 21.11.2006 18:31:29; Прогноз для станции 27581 на 048 не записан на сайт ВВ УГМС. Отсутствует соединение с сервером
0; 21.11.2006 18:31:32; Прогноз для станции 27581 на 072 не записан на сайт ВВ УГМС. Отсутствует соединение с сервером
0; 21.11.2006 18:31:35; Прогноз для станции 27199 на 024 не записан на сайт ВВ УГМС. Отсутствует соединение с сервером
0; 21.11.2006 18:31:38; Прогноз для станции 27199 на 048 не записан на сайт ВВ УГМС. Отсутствует соединение с сервером
0; 21.11.2006 18:31:41; Прогноз для станции 27199 на 072 не записан на сайт ВВ УГМС. Отсутствует соединение с сервером
0; 21.11.2006 18:31:44; Прогноз для станции 28411 на 024 не записан на сайт ВВ УГМС. Отсутствует соединение с сервером
0; 21.11.2006 18:31:47; Прогноз для станции 28411 на 048 не записан на сайт ВВ УГМС. Отсутствует соединение с сервером
0; 21.11.2006 18:31:50; Прогноз для станции 28411 на 072 не записан на сайт ВВ УГМС. Отсутствует соединение с сервером
0; 21.11.2006 18:36:07; Неправильный формат КП-68. Неправильный индекс станции. 
3; 21.11.2006 18:36:07; Прогноз для станции 27459 на 048 часа успешно раскодирован
3; 21.11.2006 18:36:07; Прогноз для станции 27459 на 072 часа успешно раскодирован
3; 21.11.2006 18:36:07; Прогноз для станции 27760 на 024 часа успешно раскодирован
3; 21.11.2006 18:36:07; Прогноз для станции 27760 на 048 часа успешно раскодирован
3; 21.11.2006 18:36:07; Прогноз для станции 27760 на 072 часа успешно раскодирован
3; 21.11.2006 18:36:07; Прогноз для станции 27485 на 024 часа успешно раскодирован
3; 21.11.2006 18:36:07; Прогноз для станции 27485 на 048 часа успешно раскодирован
3; 21.11.2006 18:36:07; Прогноз для станции 27485 на 072 часа успешно раскодирован
3; 21.11.2006 18:36:07; Прогноз для станции 27581 на 024 часа успешно раскодирован
3; 21.11.2006 18:36:07; Прогноз для станции 27581 на 048 часа успешно раскодирован
3; 21.11.2006 18:36:07; Прогноз для станции 27581 на 072 часа успешно раскодирован
3; 21.11.2006 18:36:07; Прогноз для станции 27199 на 024 часа успешно раскодирован
3; 21.11.2006 18:36:07; Прогноз для станции 27199 на 048 часа успешно раскодирован
3; 21.11.2006 18:36:07; Прогноз для станции 27199 на 072 часа успешно раскодирован
3; 21.11.2006 18:36:07; Прогноз для станции 28411 на 024 часа успешно раскодирован
3; 21.11.2006 18:36:07; Прогноз для станции 28411 на 048 часа успешно раскодирован
3; 21.11.2006 18:36:07; Прогноз для станции 28411 на 072 часа успешно раскодирован
0; 21.11.2006 18:36:32; Неправильный формат КП-68. Неправильный индекс станции. 
3; 21.11.2006 18:36:32; Прогноз для станции 27459 на 048 часа успешно раскодирован
3; 21.11.2006 18:36:32; Прогноз для станции 27459 на 072 часа успешно раскодирован
3; 21.11.2006 18:36:32; Прогноз для станции 27760 на 024 часа успешно раскодирован
3; 21.11.2006 18:36:32; Прогноз для станции 27760 на 048 часа успешно раскодирован
3; 21.11.2006 18:36:32; Прогноз для станции 27760 на 072 часа успешно раскодирован
3; 21.11.2006 18:36:32; Прогноз для станции 27485 на 024 часа успешно раскодирован
3; 21.11.2006 18:36:32; Прогноз для станции 27485 на 048 часа успешно раскодирован
3; 21.11.2006 18:36:32; Прогноз для станции 27485 на 072 часа успешно раскодирован
3; 21.11.2006 18:36:32; Прогноз для станции 27581 на 024 часа успешно раскодирован
3; 21.11.2006 18:36:32; Прогноз для станции 27581 на 048 часа успешно раскодирован
3; 21.11.2006 18:36:32; Прогноз для станции 27581 на 072 часа успешно раскодирован
3; 21.11.2006 18:36:32; Прогноз для станции 27199 на 024 часа успешно раскодирован
3; 21.11.2006 18:36:32; Прогноз для станции 27199 на 048 часа успешно раскодирован
3; 21.11.2006 18:36:32; Прогноз для станции 27199 на 072 часа успешно раскодирован
3; 21.11.2006 18:36:32; Прогноз для станции 28411 на 024 часа успешно раскодирован
3; 21.11.2006 18:36:32; Прогноз для станции 28411 на 048 часа успешно раскодирован
3; 21.11.2006 18:36:32; Прогноз для станции 28411 на 072 часа успешно раскодирован
0; 21.11.2006 18:36:33; Неправильный формат КП-68. Неправильный индекс станции. 
3; 21.11.2006 18:36:33; Прогноз для станции 27459 на 048 часа успешно раскодирован
3; 21.11.2006 18:36:33; Прогноз для станции 27459 на 072 часа успешно раскодирован
3; 21.11.2006 18:36:33; Прогноз для станции 27760 на 024 часа успешно раскодирован
3; 21.11.2006 18:36:33; Прогноз для станции 27760 на 048 часа успешно раскодирован
3; 21.11.2006 18:36:33; Прогноз для станции 27760 на 072 часа успешно раскодирован
3; 21.11.2006 18:36:33; Прогноз для станции 27485 на 024 часа успешно раскодирован
3; 21.11.2006 18:36:33; Прогноз для станции 27485 на 048 часа успешно раскодирован
3; 21.11.2006 18:36:33; Прогноз для станции 27485 на 072 часа успешно раскодирован
3; 21.11.2006 18:36:33; Прогноз для станции 27581 на 024 часа успешно раскодирован
3; 21.11.2006 18:36:33; Прогноз для станции 27581 на 048 часа успешно раскодирован
3; 21.11.2006 18:36:33; Прогноз для станции 27581 на 072 часа успешно раскодирован
3; 21.11.2006 18:36:33; Прогноз для станции 27199 на 024 часа успешно раскодирован
3; 21.11.2006 18:36:33; Прогноз для станции 27199 на 048 часа успешно раскодирован
3; 21.11.2006 18:36:33; Прогноз для станции 27199 на 072 часа успешно раскодирован
3; 21.11.2006 18:36:33; Прогноз для станции 28411 на 024 часа успешно раскодирован
3; 21.11.2006 18:36:33; Прогноз для станции 28411 на 048 часа успешно раскодирован
3; 21.11.2006 18:36:33; Прогноз для станции 28411 на 072 часа успешно раскодирован
0; 21.11.2006 18:36:33; Неправильный формат КП-68. Неправильный индекс станции. 
3; 21.11.2006 18:36:33; Прогноз для станции 27459 на 048 часа успешно раскодирован
3; 21.11.2006 18:36:33; Прогноз для станции 27459 на 072 часа успешно раскодирован
3; 21.11.2006 18:36:33; Прогноз для станции 27760 на 024 часа успешно раскодирован
3; 21.11.2006 18:36:33; Прогноз для станции 27760 на 048 часа успешно раскодирован
3; 21.11.2006 18:36:33; Прогноз для станции 27760 на 072 часа успешно раскодирован
3; 21.11.2006 18:36:33; Прогноз для станции 27485 на 024 часа успешно раскодирован
3; 21.11.2006 18:36:33; Прогноз для станции 27485 на 048 часа успешно раскодирован
3; 21.11.2006 18:36:33; Прогноз для станции 27485 на 072 часа успешно раскодирован
3; 21.11.2006 18:36:33; Прогноз для станции 27581 на 024 часа успешно раскодирован
3; 21.11.2006 18:36:33; Прогноз для станции 27581 на 048 часа успешно раскодирован
3; 21.11.2006 18:36:33; Прогноз для станции 27581 на 072 часа успешно раскодирован
3; 21.11.2006 18:36:33; Прогноз для станции 27199 на 024 часа успешно раскодирован
3; 21.11.2006 18:36:33; Прогноз для станции 27199 на 048 часа успешно раскодирован
3; 21.11.2006 18:36:33; Прогноз для станции 27199 на 072 часа успешно раскодирован
3; 21.11.2006 18:36:33; Прогноз для станции 28411 на 024 часа успешно раскодирован
3; 21.11.2006 18:36:33; Прогноз для станции 28411 на 048 часа успешно раскодирован
3; 21.11.2006 18:36:33; Прогноз для станции 28411 на 072 часа успешно раскодирован
0; 21.11.2006 18:36:34; Неправильный формат КП-68. Неправильный индекс станции. 
3; 21.11.2006 18:36:34; Прогноз для станции 27459 на 048 часа успешно раскодирован
3; 21.11.2006 18:36:34; Прогноз для станции 27459 на 072 часа успешно раскодирован
3; 21.11.2006 18:36:34; Прогноз для станции 27760 на 024 часа успешно раскодирован
3; 21.11.2006 18:36:34; Прогноз для станции 27760 на 048 часа успешно раскодирован
3; 21.11.2006 18:36:34; Прогноз для станции 27760 на 072 часа успешно раскодирован
3; 21.11.2006 18:36:34; Прогноз для станции 27485 на 024 часа успешно раскодирован
3; 21.11.2006 18:36:34; Прогноз для станции 27485 на 048 часа успешно раскодирован
3; 21.11.2006 18:36:34; Прогноз для станции 27485 на 072 часа успешно раскодирован
3; 21.11.2006 18:36:34; Прогноз для станции 27581 на 024 часа успешно раскодирован
3; 21.11.2006 18:36:34; Прогноз для станции 27581 на 048 часа успешно раскодирован
3; 21.11.2006 18:36:34; Прогноз для станции 27581 на 072 часа успешно раскодирован
3; 21.11.2006 18:36:34; Прогноз для станции 27199 на 024 часа успешно раскодирован
3; 21.11.2006 18:36:34; Прогноз для станции 27199 на 048 часа успешно раскодирован
3; 21.11.2006 18:36:34; Прогноз для станции 27199 на 072 часа успешно раскодирован
3; 21.11.2006 18:36:34; Прогноз для станции 28411 на 024 часа успешно раскодирован
3; 21.11.2006 18:36:34; Прогноз для станции 28411 на 048 часа успешно раскодирован
3; 21.11.2006 18:36:34; Прогноз для станции 28411 на 072 часа успешно раскодирован
0; 21.11.2006 18:36:34; Неправильный формат КП-68. Неправильный индекс станции. 
3; 21.11.2006 18:36:34; Прогноз для станции 27459 на 048 часа успешно раскодирован
3; 21.11.2006 18:36:34; Прогноз для станции 27459 на 072 часа успешно раскодирован
3; 21.11.2006 18:36:34; Прогноз для станции 27760 на 024 часа успешно раскодирован
3; 21.11.2006 18:36:34; Прогноз для станции 27760 на 048 часа успешно раскодирован
3; 21.11.2006 18:36:34; Прогноз для станции 27760 на 072 часа успешно раскодирован
3; 21.11.2006 18:36:34; Прогноз для станции 27485 на 024 часа успешно раскодирован
3; 21.11.2006 18:36:34; Прогноз для станции 27485 на 048 часа успешно раскодирован
3; 21.11.2006 18:36:34; Прогноз для станции 27485 на 072 часа успешно раскодирован
3; 21.11.2006 18:36:34; Прогноз для станции 27581 на 024 часа успешно раскодирован
3; 21.11.2006 18:36:34; Прогноз для станции 27581 на 048 часа успешно раскодирован
3; 21.11.2006 18:36:34; Прогноз для станции 27581 на 072 часа успешно раскодирован
3; 21.11.2006 18:36:34; Прогноз для станции 27199 на 024 часа успешно раскодирован
3; 21.11.2006 18:36:34; Прогноз для станции 27199 на 048 часа успешно раскодирован
3; 21.11.2006 18:36:34; Прогноз для станции 27199 на 072 часа успешно раскодирован
3; 21.11.2006 18:36:34; Прогноз для станции 28411 на 024 часа успешно раскодирован
3; 21.11.2006 18:36:34; Прогноз для станции 28411 на 048 часа успешно раскодирован
3; 21.11.2006 18:36:34; Прогноз для станции 28411 на 072 часа успешно раскодирован
0; 21.11.2006 18:36:34; Неправильный формат КП-68. Неправильный индекс станции. 
3; 21.11.2006 18:36:34; Прогноз для станции 27459 на 048 часа успешно раскодирован
3; 21.11.2006 18:36:34; Прогноз для станции 27459 на 072 часа успешно раскодирован
3; 21.11.2006 18:36:34; Прогноз для станции 27760 на 024 часа успешно раскодирован
3; 21.11.2006 18:36:34; Прогноз для станции 27760 на 048 часа успешно раскодирован
3; 21.11.2006 18:36:34; Прогноз для станции 27760 на 072 часа успешно раскодирован
3; 21.11.2006 18:36:34; Прогноз для станции 27485 на 024 часа успешно раскодирован
3; 21.11.2006 18:36:34; Прогноз для станции 27485 на 048 часа успешно раскодирован
3; 21.11.2006 18:36:34; Прогноз для станции 27485 на 072 часа успешно раскодирован
3; 21.11.2006 18:36:34; Прогноз для станции 27581 на 024 часа успешно раскодирован
3; 21.11.2006 18:36:34; Прогноз для станции 27581 на 048 часа успешно раскодирован
3; 21.11.2006 18:36:34; Прогноз для станции 27581 на 072 часа успешно раскодирован
3; 21.11.2006 18:36:34; Прогноз для станции 27199 на 024 часа успешно раскодирован
3; 21.11.2006 18:36:34; Прогноз для станции 27199 на 048 часа успешно раскодирован
3; 21.11.2006 18:36:34; Прогноз для станции 27199 на 072 часа успешно раскодирован
3; 21.11.2006 18:36:34; Прогноз для станции 28411 на 024 часа успешно раскодирован
3; 21.11.2006 18:36:34; Прогноз для станции 28411 на 048 часа успешно раскодирован
3; 21.11.2006 18:36:34; Прогноз для станции 28411 на 072 часа успешно раскодирован
0; 21.11.2006 18:36:34; Неправильный формат КП-68. Неправильный индекс станции. 
3; 21.11.2006 18:36:34; Прогноз для станции 27459 на 048 часа успешно раскодирован
3; 21.11.2006 18:36:34; Прогноз для станции 27459 на 072 часа успешно раскодирован
3; 21.11.2006 18:36:34; Прогноз для станции 27760 на 024 часа успешно раскодирован
3; 21.11.2006 18:36:34; Прогноз для станции 27760 на 048 часа успешно раскодирован
3; 21.11.2006 18:36:34; Прогноз для станции 27760 на 072 часа успешно раскодирован
3; 21.11.2006 18:36:34; Прогноз для станции 27485 на 024 часа успешно раскодирован
3; 21.11.2006 18:36:34; Прогноз для станции 27485 на 048 часа успешно раскодирован
3; 21.11.2006 18:36:34; Прогноз для станции 27485 на 072 часа успешно раскодирован
3; 21.11.2006 18:36:34; Прогноз для станции 27581 на 024 часа успешно раскодирован
3; 21.11.2006 18:36:34; Прогноз для станции 27581 на 048 часа успешно раскодирован
3; 21.11.2006 18:36:34; Прогноз для станции 27581 на 072 часа успешно раскодирован
3; 21.11.2006 18:36:34; Прогноз для станции 27199 на 024 часа успешно раскодирован
3; 21.11.2006 18:36:34; Прогноз для станции 27199 на 048 часа успешно раскодирован
3; 21.11.2006 18:36:34; Прогноз для станции 27199 на 072 часа успешно раскодирован
3; 21.11.2006 18:36:34; Прогноз для станции 28411 на 024 часа успешно раскодирован
3; 21.11.2006 18:36:34; Прогноз для станции 28411 на 048 часа успешно раскодирован
3; 21.11.2006 18:36:34; Прогноз для станции 28411 на 072 часа успешно раскодирован
0; 21.11.2006 18:36:34; Неправильный формат КП-68. Неправильный индекс станции. 
3; 21.11.2006 18:36:34; Прогноз для станции 27459 на 048 часа успешно раскодирован
3; 21.11.2006 18:36:34; Прогноз для станции 27459 на 072 часа успешно раскодирован
3; 21.11.2006 18:36:34; Прогноз для станции 27760 на 024 часа успешно раскодирован
3; 21.11.2006 18:36:34; Прогноз для станции 27760 на 048 часа успешно раскодирован
3; 21.11.2006 18:36:34; Прогноз для станции 27760 на 072 часа успешно раскодирован
3; 21.11.2006 18:36:34; Прогноз для станции 27485 на 024 часа успешно раскодирован
3; 21.11.2006 18:36:34; Прогноз для станции 27485 на 048 часа успешно раскодирован
3; 21.11.2006 18:36:34; Прогноз для станции 27485 на 072 часа успешно раскодирован
3; 21.11.2006 18:36:34; Прогноз для станции 27581 на 024 часа успешно раскодирован
3; 21.11.2006 18:36:34; Прогноз для станции 27581 на 048 часа успешно раскодирован
3; 21.11.2006 18:36:34; Прогноз для станции 27581 на 072 часа успешно раскодирован
3; 21.11.2006 18:36:34; Прогноз для станции 27199 на 024 часа успешно раскодирован
3; 21.11.2006 18:36:34; Прогноз для станции 27199 на 048 часа успешно раскодирован
3; 21.11.2006 18:36:34; Прогноз для станции 27199 на 072 часа успешно раскодирован
3; 21.11.2006 18:36:34; Прогноз для станции 28411 на 024 часа успешно раскодирован
3; 21.11.2006 18:36:34; Прогноз для станции 28411 на 048 часа успешно раскодирован
3; 21.11.2006 18:36:34; Прогноз для станции 28411 на 072 часа успешно раскодирован
0; 21.11.2006 18:36:41; Неправильный формат КП-68. Неправильный индекс станции. 
3; 21.11.2006 18:36:41; Прогноз для станции 27459 на 048 часа успешно раскодирован
3; 21.11.2006 18:36:41; Прогноз для станции 27459 на 072 часа успешно раскодирован
3; 21.11.2006 18:36:41; Прогноз для станции 27760 на 024 часа успешно раскодирован
3; 21.11.2006 18:36:41; Прогноз для станции 27760 на 048 часа успешно раскодирован
3; 21.11.2006 18:36:41; Прогноз для станции 27760 на 072 часа успешно раскодирован
3; 21.11.2006 18:36:41; Прогноз для станции 27485 на 024 часа успешно раскодирован
3; 21.11.2006 18:36:41; Прогноз для станции 27485 на 048 часа успешно раскодирован
3; 21.11.2006 18:36:41; Прогноз для станции 27485 на 072 часа успешно раскодирован
3; 21.11.2006 18:36:41; Прогноз для станции 27581 на 024 часа успешно раскодирован
3; 21.11.2006 18:36:41; Прогноз для станции 27581 на 048 часа успешно раскодирован
3; 21.11.2006 18:36:41; Прогноз для станции 27581 на 072 часа успешно раскодирован
3; 21.11.2006 18:36:41; Прогноз для станции 27199 на 024 часа успешно раскодирован
3; 21.11.2006 18:36:41; Прогноз для станции 27199 на 048 часа успешно раскодирован
3; 21.11.2006 18:36:41; Прогноз для станции 27199 на 072 часа успешно раскодирован
3; 21.11.2006 18:36:41; Прогноз для станции 28411 на 024 часа успешно раскодирован
3; 21.11.2006 18:36:41; Прогноз для станции 28411 на 048 часа успешно раскодирован
3; 21.11.2006 18:36:41; Прогноз для станции 28411 на 072 часа успешно раскодирован
0; 21.11.2006 18:36:42; Неправильный формат КП-68. Неправильный индекс станции. 
3; 21.11.2006 18:36:42; Прогноз для станции 27459 на 048 часа успешно раскодирован
3; 21.11.2006 18:36:42; Прогноз для станции 27459 на 072 часа успешно раскодирован
3; 21.11.2006 18:36:42; Прогноз для станции 27760 на 024 часа успешно раскодирован
3; 21.11.2006 18:36:42; Прогноз для станции 27760 на 048 часа успешно раскодирован
3; 21.11.2006 18:36:42; Прогноз для станции 27760 на 072 часа успешно раскодирован
3; 21.11.2006 18:36:42; Прогноз для станции 27485 на 024 часа успешно раскодирован
3; 21.11.2006 18:36:42; Прогноз для станции 27485 на 048 часа успешно раскодирован
3; 21.11.2006 18:36:42; Прогноз для станции 27485 на 072 часа успешно раскодирован
3; 21.11.2006 18:36:42; Прогноз для станции 27581 на 024 часа успешно раскодирован
3; 21.11.2006 18:36:42; Прогноз для станции 27581 на 048 часа успешно раскодирован
3; 21.11.2006 18:36:42; Прогноз для станции 27581 на 072 часа успешно раскодирован
3; 21.11.2006 18:36:42; Прогноз для станции 27199 на 024 часа успешно раскодирован
3; 21.11.2006 18:36:42; Прогноз для станции 27199 на 048 часа успешно раскодирован
3; 21.11.2006 18:36:42; Прогноз для станции 27199 на 072 часа успешно раскодирован
3; 21.11.2006 18:36:42; Прогноз для станции 28411 на 024 часа успешно раскодирован
3; 21.11.2006 18:36:42; Прогноз для станции 28411 на 048 часа успешно раскодирован
3; 21.11.2006 18:36:42; Прогноз для станции 28411 на 072 часа успешно раскодирован
0; 21.11.2006 18:36:42; Неправильный формат КП-68. Неправильный индекс станции. 
3; 21.11.2006 18:36:42; Прогноз для станции 27459 на 048 часа успешно раскодирован
3; 21.11.2006 18:36:42; Прогноз для станции 27459 на 072 часа успешно раскодирован
3; 21.11.2006 18:36:42; Прогноз для станции 27760 на 024 часа успешно раскодирован
3; 21.11.2006 18:36:42; Прогноз для станции 27760 на 048 часа успешно раскодирован
3; 21.11.2006 18:36:42; Прогноз для станции 27760 на 072 часа успешно раскодирован
3; 21.11.2006 18:36:42; Прогноз для станции 27485 на 024 часа успешно раскодирован
3; 21.11.2006 18:36:42; Прогноз для станции 27485 на 048 часа успешно раскодирован
3; 21.11.2006 18:36:42; Прогноз для станции 27485 на 072 часа успешно раскодирован
3; 21.11.2006 18:36:42; Прогноз для станции 27581 на 024 часа успешно раскодирован
3; 21.11.2006 18:36:42; Прогноз для станции 27581 на 048 часа успешно раскодирован
3; 21.11.2006 18:36:42; Прогноз для станции 27581 на 072 часа успешно раскодирован
3; 21.11.2006 18:36:42; Прогноз для станции 27199 на 024 часа успешно раскодирован
3; 21.11.2006 18:36:42; Прогноз для станции 27199 на 048 часа успешно раскодирован
3; 21.11.2006 18:36:42; Прогноз для станции 27199 на 072 часа успешно раскодирован
3; 21.11.2006 18:36:42; Прогноз для станции 28411 на 024 часа успешно раскодирован
3; 21.11.2006 18:36:42; Прогноз для станции 28411 на 048 часа успешно раскодирован
3; 21.11.2006 18:36:42; Прогноз для станции 28411 на 072 часа успешно раскодирован
0; 21.11.2006 18:36:42; Неправильный формат КП-68. Неправильный индекс станции. 
3; 21.11.2006 18:36:42; Прогноз для станции 27459 на 048 часа успешно раскодирован
3; 21.11.2006 18:36:42; Прогноз для станции 27459 на 072 часа успешно раскодирован
3; 21.11.2006 18:36:42; Прогноз для станции 27760 на 024 часа успешно раскодирован
3; 21.11.2006 18:36:42; Прогноз для станции 27760 на 048 часа успешно раскодирован
3; 21.11.2006 18:36:42; Прогноз для станции 27760 на 072 часа успешно раскодирован
3; 21.11.2006 18:36:42; Прогноз для станции 27485 на 024 часа успешно раскодирован
3; 21.11.2006 18:36:42; Прогноз для станции 27485 на 048 часа успешно раскодирован
3; 21.11.2006 18:36:42; Прогноз для станции 27485 на 072 часа успешно раскодирован
3; 21.11.2006 18:36:42; Прогноз для станции 27581 на 024 часа успешно раскодирован
3; 21.11.2006 18:36:42; Прогноз для станции 27581 на 048 часа успешно раскодирован
3; 21.11.2006 18:36:42; Прогноз для станции 27581 на 072 часа успешно раскодирован
3; 21.11.2006 18:36:42; Прогноз для станции 27199 на 024 часа успешно раскодирован
3; 21.11.2006 18:36:42; Прогноз для станции 27199 на 048 часа успешно раскодирован
3; 21.11.2006 18:36:42; Прогноз для станции 27199 на 072 часа успешно раскодирован
3; 21.11.2006 18:36:42; Прогноз для станции 28411 на 024 часа успешно раскодирован
3; 21.11.2006 18:36:42; Прогноз для станции 28411 на 048 часа успешно раскодирован
3; 21.11.2006 18:36:42; Прогноз для станции 28411 на 072 часа успешно раскодирован
0; 21.11.2006 18:36:42; Неправильный формат КП-68. Неправильный индекс станции. 
3; 21.11.2006 18:36:42; Прогноз для станции 27459 на 048 часа успешно раскодирован
3; 21.11.2006 18:36:42; Прогноз для станции 27459 на 072 часа успешно раскодирован
3; 21.11.2006 18:36:42; Прогноз для станции 27760 на 024 часа успешно раскодирован
3; 21.11.2006 18:36:42; Прогноз для станции 27760 на 048 часа успешно раскодирован
3; 21.11.2006 18:36:42; Прогноз для станции 27760 на 072 часа успешно раскодирован
3; 21.11.2006 18:36:42; Прогноз для станции 27485 на 024 часа успешно раскодирован
3; 21.11.2006 18:36:42; Прогноз для станции 27485 на 048 часа успешно раскодирован
3; 21.11.2006 18:36:42; Прогноз для станции 27485 на 072 часа успешно раскодирован
3; 21.11.2006 18:36:42; Прогноз для станции 27581 на 024 часа успешно раскодирован
3; 21.11.2006 18:36:42; Прогноз для станции 27581 на 048 часа успешно раскодирован
3; 21.11.2006 18:36:42; Прогноз для станции 27581 на 072 часа успешно раскодирован
3; 21.11.2006 18:36:42; Прогноз для станции 27199 на 024 часа успешно раскодирован
3; 21.11.2006 18:36:42; Прогноз для станции 27199 на 048 часа успешно раскодирован
3; 21.11.2006 18:36:42; Прогноз для станции 27199 на 072 часа успешно раскодирован
3; 21.11.2006 18:36:42; Прогноз для станции 28411 на 024 часа успешно раскодирован
3; 21.11.2006 18:36:42; Прогноз для станции 28411 на 048 часа успешно раскодирован
3; 21.11.2006 18:36:42; Прогноз для станции 28411 на 072 часа успешно раскодирован
0; 21.11.2006 18:36:42; Неправильный формат КП-68. Неправильный индекс станции. 
3; 21.11.2006 18:36:42; Прогноз для станции 27459 на 048 часа успешно раскодирован
3; 21.11.2006 18:36:42; Прогноз для станции 27459 на 072 часа успешно раскодирован
3; 21.11.2006 18:36:42; Прогноз для станции 27760 на 024 часа успешно раскодирован
3; 21.11.2006 18:36:42; Прогноз для станции 27760 на 048 часа успешно раскодирован
3; 21.11.2006 18:36:42; Прогноз для станции 27760 на 072 часа успешно раскодирован
3; 21.11.2006 18:36:42; Прогноз для станции 27485 на 024 часа успешно раскодирован
3; 21.11.2006 18:36:42; Прогноз для станции 27485 на 048 часа успешно раскодирован
3; 21.11.2006 18:36:42; Прогноз для станции 27485 на 072 часа успешно раскодирован
3; 21.11.2006 18:36:42; Прогноз для станции 27581 на 024 часа успешно раскодирован
3; 21.11.2006 18:36:42; Прогноз для станции 27581 на 048 часа успешно раскодирован
3; 21.11.2006 18:36:42; Прогноз для станции 27581 на 072 часа успешно раскодирован
3; 21.11.2006 18:36:42; Прогноз для станции 27199 на 024 часа успешно раскодирован
3; 21.11.2006 18:36:42; Прогноз для станции 27199 на 048 часа успешно раскодирован
3; 21.11.2006 18:36:42; Прогноз для станции 27199 на 072 часа успешно раскодирован
3; 21.11.2006 18:36:42; Прогноз для станции 28411 на 024 часа успешно раскодирован
3; 21.11.2006 18:36:42; Прогноз для станции 28411 на 048 часа успешно раскодирован
3; 21.11.2006 18:36:42; Прогноз для станции 28411 на 072 часа успешно раскодирован
0; 21.11.2006 18:36:42; Неправильный формат КП-68. Неправильный индекс станции. 
3; 21.11.2006 18:36:42; Прогноз для станции 27459 на 048 часа успешно раскодирован
3; 21.11.2006 18:36:42; Прогноз для станции 27459 на 072 часа успешно раскодирован
3; 21.11.2006 18:36:42; Прогноз для станции 27760 на 024 часа успешно раскодирован
3; 21.11.2006 18:36:42; Прогноз для станции 27760 на 048 часа успешно раскодирован
3; 21.11.2006 18:36:42; Прогноз для станции 27760 на 072 часа успешно раскодирован
3; 21.11.2006 18:36:42; Прогноз для станции 27485 на 024 часа успешно раскодирован
3; 21.11.2006 18:36:42; Прогноз для станции 27485 на 048 часа успешно раскодирован
3; 21.11.2006 18:36:42; Прогноз для станции 27485 на 072 часа успешно раскодирован
3; 21.11.2006 18:36:42; Прогноз для станции 27581 на 024 часа успешно раскодирован
3; 21.11.2006 18:36:42; Прогноз для станции 27581 на 048 часа успешно раскодирован
3; 21.11.2006 18:36:42; Прогноз для станции 27581 на 072 часа успешно раскодирован
3; 21.11.2006 18:36:42; Прогноз для станции 27199 на 024 часа успешно раскодирован
3; 21.11.2006 18:36:42; Прогноз для станции 27199 на 048 часа успешно раскодирован
3; 21.11.2006 18:36:42; Прогноз для станции 27199 на 072 часа успешно раскодирован
3; 21.11.2006 18:36:42; Прогноз для станции 28411 на 024 часа успешно раскодирован
3; 21.11.2006 18:36:42; Прогноз для станции 28411 на 048 часа успешно раскодирован
3; 21.11.2006 18:36:42; Прогноз для станции 28411 на 072 часа успешно раскодирован
0; 21.11.2006 18:36:43; Неправильный формат КП-68. Неправильный индекс станции. 
3; 21.11.2006 18:36:43; Прогноз для станции 27459 на 048 часа успешно раскодирован
3; 21.11.2006 18:36:43; Прогноз для станции 27459 на 072 часа успешно раскодирован
3; 21.11.2006 18:36:43; Прогноз для станции 27760 на 024 часа успешно раскодирован
3; 21.11.2006 18:36:43; Прогноз для станции 27760 на 048 часа успешно раскодирован
3; 21.11.2006 18:36:43; Прогноз для станции 27760 на 072 часа успешно раскодирован
3; 21.11.2006 18:36:43; Прогноз для станции 27485 на 024 часа успешно раскодирован
3; 21.11.2006 18:36:43; Прогноз для станции 27485 на 048 часа успешно раскодирован
3; 21.11.2006 18:36:43; Прогноз для станции 27485 на 072 часа успешно раскодирован
3; 21.11.2006 18:36:43; Прогноз для станции 27581 на 024 часа успешно раскодирован
3; 21.11.2006 18:36:43; Прогноз для станции 27581 на 048 часа успешно раскодирован
3; 21.11.2006 18:36:43; Прогноз для станции 27581 на 072 часа успешно раскодирован
3; 21.11.2006 18:36:43; Прогноз для станции 27199 на 024 часа успешно раскодирован
3; 21.11.2006 18:36:43; Прогноз для станции 27199 на 048 часа успешно раскодирован
3; 21.11.2006 18:36:43; Прогноз для станции 27199 на 072 часа успешно раскодирован
3; 21.11.2006 18:36:43; Прогноз для станции 28411 на 024 часа успешно раскодирован
3; 21.11.2006 18:36:43; Прогноз для станции 28411 на 048 часа успешно раскодирован
3; 21.11.2006 18:36:43; Прогноз для станции 28411 на 072 часа успешно раскодирован
0; 21.11.2006 18:36:43; Неправильный формат КП-68. Неправильный индекс станции. 
3; 21.11.2006 18:36:43; Прогноз для станции 27459 на 048 часа успешно раскодирован
3; 21.11.2006 18:36:43; Прогноз для станции 27459 на 072 часа успешно раскодирован
3; 21.11.2006 18:36:43; Прогноз для станции 27760 на 024 часа успешно раскодирован
3; 21.11.2006 18:36:43; Прогноз для станции 27760 на 048 часа успешно раскодирован
3; 21.11.2006 18:36:43; Прогноз для станции 27760 на 072 часа успешно раскодирован
3; 21.11.2006 18:36:43; Прогноз для станции 27485 на 024 часа успешно раскодирован
3; 21.11.2006 18:36:43; Прогноз для станции 27485 на 048 часа успешно раскодирован
3; 21.11.2006 18:36:43; Прогноз для станции 27485 на 072 часа успешно раскодирован
3; 21.11.2006 18:36:43; Прогноз для станции 27581 на 024 часа успешно раскодирован
3; 21.11.2006 18:36:43; Прогноз для станции 27581 на 048 часа успешно раскодирован
3; 21.11.2006 18:36:43; Прогноз для станции 27581 на 072 часа успешно раскодирован
3; 21.11.2006 18:36:43; Прогноз для станции 27199 на 024 часа успешно раскодирован
3; 21.11.2006 18:36:43; Прогноз для станции 27199 на 048 часа успешно раскодирован
3; 21.11.2006 18:36:43; Прогноз для станции 27199 на 072 часа успешно раскодирован
3; 21.11.2006 18:36:43; Прогноз для станции 28411 на 024 часа успешно раскодирован
3; 21.11.2006 18:36:43; Прогноз для станции 28411 на 048 часа успешно раскодирован
3; 21.11.2006 18:36:43; Прогноз для станции 28411 на 072 часа успешно раскодирован
0; 21.11.2006 18:36:43; Неправильный формат КП-68. Неправильный индекс станции. 
3; 21.11.2006 18:36:43; Прогноз для станции 27459 на 048 часа успешно раскодирован
3; 21.11.2006 18:36:43; Прогноз для станции 27459 на 072 часа успешно раскодирован
3; 21.11.2006 18:36:43; Прогноз для станции 27760 на 024 часа успешно раскодирован
3; 21.11.2006 18:36:43; Прогноз для станции 27760 на 048 часа успешно раскодирован
3; 21.11.2006 18:36:43; Прогноз для станции 27760 на 072 часа успешно раскодирован
3; 21.11.2006 18:36:43; Прогноз для станции 27485 на 024 часа успешно раскодирован
3; 21.11.2006 18:36:43; Прогноз для станции 27485 на 048 часа успешно раскодирован
3; 21.11.2006 18:36:43; Прогноз для станции 27485 на 072 часа успешно раскодирован
3; 21.11.2006 18:36:43; Прогноз для станции 27581 на 024 часа успешно раскодирован
3; 21.11.2006 18:36:43; Прогноз для станции 27581 на 048 часа успешно раскодирован
3; 21.11.2006 18:36:43; Прогноз для станции 27581 на 072 часа успешно раскодирован
3; 21.11.2006 18:36:43; Прогноз для станции 27199 на 024 часа успешно раскодирован
3; 21.11.2006 18:36:43; Прогноз для станции 27199 на 048 часа успешно раскодирован
3; 21.11.2006 18:36:43; Прогноз для станции 27199 на 072 часа успешно раскодирован
3; 21.11.2006 18:36:43; Прогноз для станции 28411 на 024 часа успешно раскодирован
3; 21.11.2006 18:36:43; Прогноз для станции 28411 на 048 часа успешно раскодирован
3; 21.11.2006 18:36:43; Прогноз для станции 28411 на 072 часа успешно раскодирован
0; 21.11.2006 18:36:43; Неправильный формат КП-68. Неправильный индекс станции. 
3; 21.11.2006 18:36:43; Прогноз для станции 27459 на 048 часа успешно раскодирован
3; 21.11.2006 18:36:43; Прогноз для станции 27459 на 072 часа успешно раскодирован
3; 21.11.2006 18:36:43; Прогноз для станции 27760 на 024 часа успешно раскодирован
3; 21.11.2006 18:36:43; Прогноз для станции 27760 на 048 часа успешно раскодирован
3; 21.11.2006 18:36:43; Прогноз для станции 27760 на 072 часа успешно раскодирован
3; 21.11.2006 18:36:43; Прогноз для станции 27485 на 024 часа успешно раскодирован
3; 21.11.2006 18:36:43; Прогноз для станции 27485 на 048 часа успешно раскодирован
3; 21.11.2006 18:36:43; Прогноз для станции 27485 на 072 часа успешно раскодирован
3; 21.11.2006 18:36:43; Прогноз для станции 27581 на 024 часа успешно раскодирован
3; 21.11.2006 18:36:43; Прогноз для станции 27581 на 048 часа успешно раскодирован
3; 21.11.2006 18:36:43; Прогноз для станции 27581 на 072 часа успешно раскодирован
3; 21.11.2006 18:36:43; Прогноз для станции 27199 на 024 часа успешно раскодирован
3; 21.11.2006 18:36:43; Прогноз для станции 27199 на 048 часа успешно раскодирован
3; 21.11.2006 18:36:43; Прогноз для станции 27199 на 072 часа успешно раскодирован
3; 21.11.2006 18:36:43; Прогноз для станции 28411 на 024 часа успешно раскодирован
3; 21.11.2006 18:36:43; Прогноз для станции 28411 на 048 часа успешно раскодирован
3; 21.11.2006 18:36:43; Прогноз для станции 28411 на 072 часа успешно раскодирован
0; 21.11.2006 18:36:43; Неправильный формат КП-68. Неправильный индекс станции. 
3; 21.11.2006 18:36:43; Прогноз для станции 27459 на 048 часа успешно раскодирован
3; 21.11.2006 18:36:43; Прогноз для станции 27459 на 072 часа успешно раскодирован
3; 21.11.2006 18:36:43; Прогноз для станции 27760 на 024 часа успешно раскодирован
3; 21.11.2006 18:36:43; Прогноз для станции 27760 на 048 часа успешно раскодирован
3; 21.11.2006 18:36:43; Прогноз для станции 27760 на 072 часа успешно раскодирован
3; 21.11.2006 18:36:43; Прогноз для станции 27485 на 024 часа успешно раскодирован
3; 21.11.2006 18:36:43; Прогноз для станции 27485 на 048 часа успешно раскодирован
3; 21.11.2006 18:36:43; Прогноз для станции 27485 на 072 часа успешно раскодирован
3; 21.11.2006 18:36:43; Прогноз для станции 27581 на 024 часа успешно раскодирован
3; 21.11.2006 18:36:43; Прогноз для станции 27581 на 048 часа успешно раскодирован
3; 21.11.2006 18:36:43; Прогноз для станции 27581 на 072 часа успешно раскодирован
3; 21.11.2006 18:36:43; Прогноз для станции 27199 на 024 часа успешно раскодирован
3; 21.11.2006 18:36:43; Прогноз для станции 27199 на 048 часа успешно раскодирован
3; 21.11.2006 18:36:43; Прогноз для станции 27199 на 072 часа успешно раскодирован
3; 21.11.2006 18:36:43; Прогноз для станции 28411 на 024 часа успешно раскодирован
3; 21.11.2006 18:36:43; Прогноз для станции 28411 на 048 часа успешно раскодирован
3; 21.11.2006 18:36:43; Прогноз для станции 28411 на 072 часа успешно раскодирован
0; 21.11.2006 18:36:43; Неправильный формат КП-68. Неправильный индекс станции. 
3; 21.11.2006 18:36:43; Прогноз для станции 27459 на 048 часа успешно раскодирован
3; 21.11.2006 18:36:43; Прогноз для станции 27459 на 072 часа успешно раскодирован
3; 21.11.2006 18:36:43; Прогноз для станции 27760 на 024 часа успешно раскодирован
3; 21.11.2006 18:36:43; Прогноз для станции 27760 на 048 часа успешно раскодирован
3; 21.11.2006 18:36:43; Прогноз для станции 27760 на 072 часа успешно раскодирован
3; 21.11.2006 18:36:43; Прогноз для станции 27485 на 024 часа успешно раскодирован
3; 21.11.2006 18:36:43; Прогноз для станции 27485 на 048 часа успешно раскодирован
3; 21.11.2006 18:36:43; Прогноз для станции 27485 на 072 часа успешно раскодирован
3; 21.11.2006 18:36:43; Прогноз для станции 27581 на 024 часа успешно раскодирован
3; 21.11.2006 18:36:43; Прогноз для станции 27581 на 048 часа успешно раскодирован
3; 21.11.2006 18:36:43; Прогноз для станции 27581 на 072 часа успешно раскодирован
3; 21.11.2006 18:36:43; Прогноз для станции 27199 на 024 часа успешно раскодирован
3; 21.11.2006 18:36:43; Прогноз для станции 27199 на 048 часа успешно раскодирован
3; 21.11.2006 18:36:43; Прогноз для станции 27199 на 072 часа успешно раскодирован
3; 21.11.2006 18:36:43; Прогноз для станции 28411 на 024 часа успешно раскодирован
3; 21.11.2006 18:36:43; Прогноз для станции 28411 на 048 часа успешно раскодирован
3; 21.11.2006 18:36:43; Прогноз для станции 28411 на 072 часа успешно раскодирован
0; 21.11.2006 18:36:44; Неправильный формат КП-68. Неправильный индекс станции. 
3; 21.11.2006 18:36:44; Прогноз для станции 27459 на 048 часа успешно раскодирован
3; 21.11.2006 18:36:44; Прогноз для станции 27459 на 072 часа успешно раскодирован
3; 21.11.2006 18:36:44; Прогноз для станции 27760 на 024 часа успешно раскодирован
3; 21.11.2006 18:36:44; Прогноз для станции 27760 на 048 часа успешно раскодирован
3; 21.11.2006 18:36:44; Прогноз для станции 27760 на 072 часа успешно раскодирован
3; 21.11.2006 18:36:44; Прогноз для станции 27485 на 024 часа успешно раскодирован
3; 21.11.2006 18:36:44; Прогноз для станции 27485 на 048 часа успешно раскодирован
3; 21.11.2006 18:36:44; Прогноз для станции 27485 на 072 часа успешно раскодирован
3; 21.11.2006 18:36:44; Прогноз для станции 27581 на 024 часа успешно раскодирован
3; 21.11.2006 18:36:44; Прогноз для станции 27581 на 048 часа успешно раскодирован
3; 21.11.2006 18:36:44; Прогноз для станции 27581 на 072 часа успешно раскодирован
3; 21.11.2006 18:36:44; Прогноз для станции 27199 на 024 часа успешно раскодирован
3; 21.11.2006 18:36:44; Прогноз для станции 27199 на 048 часа успешно раскодирован
3; 21.11.2006 18:36:44; Прогноз для станции 27199 на 072 часа успешно раскодирован
3; 21.11.2006 18:36:44; Прогноз для станции 28411 на 024 часа успешно раскодирован
3; 21.11.2006 18:36:44; Прогноз для станции 28411 на 048 часа успешно раскодирован
3; 21.11.2006 18:36:44; Прогноз для станции 28411 на 072 часа успешно раскодирован
3; 21.11.2006 18:48:17; Прогноз для станции 27459 на 024 часа успешно раскодирован
3; 21.11.2006 18:48:17; Прогноз для станции 27459 на 048 часа успешно раскодирован
3; 21.11.2006 18:48:17; Прогноз для станции 27459 на 072 часа успешно раскодирован
3; 21.11.2006 18:48:17; Прогноз для станции 27760 на 024 часа успешно раскодирован
3; 21.11.2006 18:48:17; Прогноз для станции 27760 на 048 часа успешно раскодирован
3; 21.11.2006 18:48:17; Прогноз для станции 27760 на 072 часа успешно раскодирован
3; 21.11.2006 18:48:17; Прогноз для станции 27485 на 024 часа успешно раскодирован
3; 21.11.2006 18:48:17; Прогноз для станции 27485 на 048 часа успешно раскодирован
3; 21.11.2006 18:48:17; Прогноз для станции 27485 на 072 часа успешно раскодирован
3; 21.11.2006 18:48:17; Прогноз для станции 27581 на 024 часа успешно раскодирован
3; 21.11.2006 18:48:17; Прогноз для станции 27581 на 048 часа успешно раскодирован
3; 21.11.2006 18:48:17; Прогноз для станции 27581 на 072 часа успешно раскодирован
3; 21.11.2006 18:48:17; Прогноз для станции 27199 на 024 часа успешно раскодирован
3; 21.11.2006 18:48:17; Прогноз для станции 27199 на 048 часа успешно раскодирован
3; 21.11.2006 18:48:17; Прогноз для станции 27199 на 072 часа успешно раскодирован
3; 21.11.2006 18:48:17; Прогноз для станции 28411 на 024 часа успешно раскодирован
3; 21.11.2006 18:48:17; Прогноз для станции 28411 на 048 часа ус