3; 22.11.2006 22:23:37; Прогноз для станции 27459 на 024 часа успешно раскодирован
3; 22.11.2006 22:23:37; Прогноз для станции 27459 на 048 часа успешно раскодирован
3; 22.11.2006 22:23:37; Прогноз для станции 27459 на 072 часа успешно раскодирован
3; 22.11.2006 22:23:37; Прогноз для станции 27760 на 024 часа успешно раскодирован
3; 22.11.2006 22:23:37; Прогноз для станции 27760 на 048 часа успешно раскодирован
3; 22.11.2006 22:23:37; Прогноз для станции 27760 на 072 часа успешно раскодирован
3; 22.11.2006 22:23:37; Прогноз для станции 27485 на 024 часа успешно раскодирован
3; 22.11.2006 22:23:37; Прогноз для станции 27485 на 048 часа успешно раскодирован
3; 22.11.2006 22:23:37; Прогноз для станции 27485 на 072 часа успешно раскодирован
3; 22.11.2006 22:23:37; Прогноз для станции 27581 на 024 часа успешно раскодирован
3; 22.11.2006 22:23:37; Прогноз для станции 27581 на 048 часа успешно раскодирован
3; 22.11.2006 22:23:37; Прогноз для станции 27581 на 072 часа успешно раскодирован
3; 22.11.2006 22:23:37; Прогноз для станции 27199 на 024 часа успешно раскодирован
3; 22.11.2006 22:23:37; Прогноз для станции 27199 на 048 часа успешно раскодирован
3; 22.11.2006 22:23:37; Прогноз для станции 27199 на 072 часа успешно раскодирован
3; 22.11.2006 22:23:37; Прогноз для станции 28411 на 024 часа успешно раскодирован
3; 22.11.2006 22:23:37; Прогноз для станции 28411 на 048 часа успешно раскодирован
3; 22.11.2006 22:23:37; Прогноз для станции 28411 на 072 часа успешно раскодирован
0; 22.11.2006 22:23:52; Прогноз для станции 27459 на 024 не записан на сайт ВВ УГМС. Отсутствует соединение с сервером
0; 22.11.2006 22:23:55; Прогноз для станции 27459 на 048 не записан на сайт ВВ УГМС. Отсутствует соединение с сервером
0; 22.11.2006 22:23:58; Прогноз для станции 27459 на 072 не записан на сайт ВВ УГМС. Отсутствует соединение с сервером
0; 22.11.2006 22:24:01; Прогноз для станции 27760 на 024 не записан на сайт ВВ УГМС. Отсутствует соединение с сервером
0; 22.11.2006 22:24:04; Прогноз для станции 27760 на 048 не записан на сайт ВВ УГМС. Отсутствует соединение с сервером
0; 22.11.2006 22:24:07; Прогноз для станции 27760 на 072 не записан на сайт ВВ УГМС. Отсутствует соединение с сервером
0; 22.11.2006 22:24:10; Прогноз для станции 27485 на 024 не записан на сайт ВВ УГМС. Отсутствует соединение с сервером
0; 22.11.2006 22:24:13; Прогноз для станции 27485 на 048 не записан на сайт ВВ УГМС. Отсутствует соединение с сервером
0; 22.11.2006 22:24:16; Прогноз для станции 27485 на 072 не записан на сайт ВВ УГМС. Отсутствует соединение с сервером
0; 22.11.2006 22:24:19; Прогноз для станции 27581 на 024 не записан на сайт ВВ УГМС. Отсутствует соединение с сервером
0; 22.11.2006 22:24:22; Прогноз для станции 27581 на 048 не записан на сайт ВВ УГМС. Отсутствует соединение с сервером
0; 22.11.2006 22:24:25; Прогноз для станции 27581 на 072 не записан на сайт ВВ УГМС. Отсутствует соединение с сервером
0; 22.11.2006 22:24:28; Прогноз для станции 27199 на 024 не записан на сайт ВВ УГМС. Отсутствует соединение с сервером
0; 22.11.2006 22:24:31; Прогноз для станции 27199 на 048 не записан на сайт ВВ УГМС. Отсутствует соединение с сервером
0; 22.11.2006 22:24:34; Прогноз для станции 27199 на 072 не записан на сайт ВВ УГМС. Отсутствует соединение с сервером
0; 22.11.2006 22:24:37; Прогноз для станции 28411 на 024 не записан на сайт ВВ УГМС. Отсутствует соединение с сервером
0; 22.11.2006 22:24:40; Прогноз для станции 28411 на 048 не записан на сайт ВВ УГМС. Отсутствует соединение с сервером
0; 22.11.2006 22:24:43; Прогноз для станции 28411 на 072 не записан на сайт ВВ УГМС. Отсутствует соединение с сервером
3; 22.11.2006 22:27:07; Прогноз для станции 27459 на 024 часа успешно раскодирован
3; 22.11.2006 22:27:07; Прогноз для станции 27459 на 048 часа успешно раскодирован
3; 22.11.2006 22:27:07; Прогноз для станции 27459 на 072 часа успешно раскодирован
3; 22.11.2006 22:27:07; Прогноз для станции 27760 на 024 часа успешно раскодирован
3; 22.11.2006 22:27:07; Прогноз для станции 27760 на 048 часа успешно раскодирован
3; 22.11.2006 22:27:07; Прогноз для станции 27760 на 072 часа успешно раскодирован
3; 22.11.2006 22:27:07; Прогноз для станции 27485 на 024 часа успешно раскодирован
3; 22.11.2006 22:27:07; Прогноз для станции 27485 на 048 часа успешно раскодирован
3; 22.11.2006 22:27:07; Прогноз для станции 27485 на 072 часа успешно раскодирован
3; 22.11.2006 22:27:07; Прогноз для станции 27581 на 024 часа успешно раскодирован
3; 22.11.2006 22:27:07; Прогноз для станции 27581 на 048 часа успешно раскодирован
3; 22.11.2006 22:27:07; Прогноз для станции 27581 на 072 часа успешно раскодирован
3; 22.11.2006 22:27:07; Прогноз для станции 27199 на 024 часа успешно раскодирован
3; 22.11.2006 22:27:07; Прогноз для станции 27199 на 048 часа успешно раскодирован
3; 22.11.2006 22:27:07; Прогноз для станции 27199 на 072 часа успешно раскодирован
3; 22.11.2006 22:27:07; Прогноз для станции 28411 на 024 часа успешно раскодирован
3; 22.11.2006 22:27:07; Прогноз для станции 28411 на 048 часа ус3; 22.11.2006 22:27:39; Прогноз для станции 27459 на 024 часа успешно раскодирован
3; 22.11.2006 22:27:39; Прогноз для станции 27459 на 048 часа успешно раскодирован
3; 22.11.2006 22:27:39; Прогноз для станции 27459 на 072 часа успешно раскодирован
3; 22.11.2006 22:27:39; Прогноз для станции 27760 на 024 часа успешно раскодирован
3; 22.11.2006 22:27:39; Прогноз для станции 27760 на 048 часа успешно раскодирован
3; 22.11.2006 22:27:39; Прогноз для станции 27760 на 072 часа успешно раскодирован
3; 22.11.2006 22:27:39; Прогноз для станции 27485 на 024 часа успешно раскодирован
3; 22.11.2006 22:27:39; Прогноз для станции 27485 на 048 часа успешно раскодирован
3; 22.11.2006 22:27:39; Прогноз для станции 27485 на 072 часа успешно раскодирован
3; 22.11.2006 22:27:39; Прогноз для станции 27581 на 024 часа успешно раскодирован
3; 22.11.2006 22:27:39; Прогноз для станции 27581 на 048 часа успешно раскодирован
3; 22.11.2006 22:27:39; Прогноз для станции 27581 на 072 часа успешно раскодирован
3; 22.11.2006 22:27:39; Прогноз для станции 27199 на 024 часа успешно раскодирован
3; 22.11.2006 22:27:39; Прогноз для станции 27199 на 048 часа успешно раскодирован
3; 22.11.2006 22:27:39; Прогноз для станции 27199 на 072 часа успешно раскодирован
3; 22.11.2006 22:27:39; Прогноз для станции 28411 на 024 часа успешно раскодирован
3; 22.11.2006 22:27:39; Прогноз для станции 28411 на 048 часа успешно раскодирован
3; 22.11.2006 22:27:39; Прогноз для станции 28411 на 072 часа успешно раскодирован
0; 22.11.2006 22:27:44; Прогноз для станции 27459 на 024 не записан на сайт ВВ УГМС. Отсутствует соединение с сервером
0; 22.11.2006 22:27:47; Прогноз для станции 27459 на 048 не записан на сайт ВВ УГМС. Отсутствует соединение с сервером
0; 22.11.2006 22:27:50; Прогноз для станции 27459 на 072 не записан на сайт ВВ УГМС. Отсутствует соединение с сервером
0; 22.11.2006 22:27:53; Прогноз для станции 27760 на 024 не записан на сайт ВВ УГМС. Отсутствует соединение с сервером
0; 22.11.2006 22:27:56; Прогноз для станции 27760 на 048 не записан на сайт ВВ УГМС. Отсутствует соединение с сервером
0; 22.11.2006 22:27:59; Прогноз для станции 27760 на 072 не записан на сайт ВВ УГМС. Отсутствует соединение с сервером
0; 22.11.2006 22:28:02; Прогноз для станции 27485 на 024 не записан на сайт ВВ УГМС. Отсутствует соединение с сервером
0; 22.11.2006 22:28:05; Прогноз для станции 27485 на 048 не записан на сайт ВВ УГМС. Отсутствует соединение с сервером
0; 22.11.2006 22:28:08; Прогноз для станции 27485 на 072 не записан на сайт ВВ УГМС. Отсутствует соединение с сервером
0; 22.11.2006 22:28:11; Прогноз для станции 27581 на 024 не записан на сайт ВВ УГМС. Отсутствует соединение с сервером
0; 22.11.2006 22:28:14; Прогноз для станции 27581 на 048 не записан на сайт ВВ УГМС. Отсутствует соединение с сервером
0; 22.11.2006 22:28:17; Прогноз для станции 27581 на 072 не записан на сайт ВВ УГМС. Отсутствует соединение с сервером
0; 22.11.2006 22:28:20; Прогноз для станции 27199 на 024 не записан на сайт ВВ УГМС. Отсутствует соединение с сервером
0; 22.11.2006 22:28:23; Прогноз для станции 27199 на 048 не записан на сайт ВВ УГМС. Отсутствует соединение с сервером
0; 22.11.2006 22:28:26; Прогноз для станции 27199 на 072 не записан на сайт ВВ УГМС. Отсутствует соединение с сервером
0; 22.11.2006 22:28:29; Прогноз для станции 28411 на 024 не записан на сайт ВВ УГМС. Отсутствует соединение с сервером
0; 22.11.2006 22:28:32; Прогноз для станции 28411 на 048 не записан на сайт ВВ УГМС. Отсутствует соединение с сервером
0; 22.11.2006 22:28:35; Прогноз для станции 28411 на 072 не записан на сайт ВВ УГМС. Отсутствует соединение с сервером
3; 22.11.2006 22:30:23; Прогноз для станции 27459 на 024 часа успешно раскодирован
3; 22.11.2006 22:30:23; Прогноз для станции 27459 на 048 часа успешно раскодирован
3; 22.11.2006 22:30:23; Прогноз для станции 27459 на 072 часа успешно раскодирован
3; 22.11.2006 22:30:23; Прогноз для станции 27760 на 024 часа успешно раскодирован
3; 22.11.2006 22:30:23; Прогноз для станции 27760 на 048 часа успешно раскодирован
3; 22.11.2006 22:30:23; Прогноз для станции 27760 на 072 часа успешно раскодирован
3; 22.11.2006 22:30:23; Прогноз для станции 27485 на 024 часа успешно раскодирован
3; 22.11.2006 22:30:23; Прогноз для станции 27485 на 048 часа успешно раскодирован
3; 22.11.2006 22:30:23; Прогноз для станции 27485 на 072 часа успешно раскодирован
3; 22.11.2006 22:30:23; Прогноз для станции 27581 на 024 часа успешно раскодирован
3; 22.11.2006 22:30:23; Прогноз для станции 27581 на 048 часа успешно раскодирован
3; 22.11.2006 22:30:23; Прогноз для станции 27581 на 072 часа успешно раскодирован
3; 22.11.2006 22:30:23; Прогноз для станции 27199 на 024 часа успешно раскодирован
3; 22.11.2006 22:30:23; Прогноз для станции 27199 на 048 часа успешно раскодирован
3; 22.11.2006 22:30:23; Прогноз для станции 27199 на 072 часа успешно раскодирован
3; 22.11.2006 22:30:23; Прогноз для станции 28411 на 024 часа успешно раскодирован
3; 22.11.2006 22:30:23; Прогноз для станции 28411 на 048 часа успешно раскодирован
3; 22.11.2006 22:30:23; Прогноз для станции 28411 на 072 часа успешно раскодирован
0; 22.11.2006 22:30:23; Неправильный формат КП-68. Неправильный индекс станции. 
3; 22.11.2006 22:30:26; Прогноз для станции 27459 на 024 часа успешно раскодирован
3; 22.11.2006 22:30:26; Прогноз для станции 27459 на 048 часа успешно раскодирован
3; 22.11.2006 22:30:26; Прогноз для станции 27459 на 072 часа успешно раскодирован
3; 22.11.2006 22:30:26; Прогноз для станции 27760 на 024 часа успешно раскодирован
3; 22.11.2006 22:30:26; Прогноз для станции 27760 на 048 часа успешно раскодирован
3; 22.11.2006 22:30:26; Прогноз для станции 27760 на 072 часа успешно раскодирован
3; 22.11.2006 22:30:26; Прогноз для станции 27485 на 024 часа успешно раскодирован
3; 22.11.2006 22:30:26; Прогноз для станции 27485 на 048 часа успешно раскодирован
3; 22.11.2006 22:30:26; Прогноз для станции 27485 на 072 часа успешно раскодирован
3; 22.11.2006 22:30:26; Прогноз для станции 27581 на 024 часа успешно раскодирован
3; 22.11.2006 22:30:26; Прогноз для станции 27581 на 048 часа успешно раскодирован
3; 22.11.2006 22:30:26; Прогноз для станции 27581 на 072 часа успешно раскодирован
3; 22.11.2006 22:30:26; Прогноз для станции 27199 на 024 часа успешно раскодирован
3; 22.11.2006 22:30:26; Прогноз для станции 27199 на 048 часа успешно раскодирован
3; 22.11.2006 22:30:26; Прогноз для станции 27199 на 072 часа успешно раскодирован
3; 22.11.2006 22:30:26; Прогноз для станции 28411 на 024 часа успешно раскодирован
3; 22.11.2006 22:30:26; Прогноз для станции 28411 на 048 часа успешно раскодирован
3; 22.11.2006 22:30:26; Прогноз для станции 28411 на 072 часа успешно раскодирован
0; 22.11.2006 22:30:30; Прогноз для станции 27459 на 024 не записан на сайт ВВ УГМС. Отсутствует соединение с сервером
0; 22.11.2006 22:30:33; Прогноз для станции 27459 на 048 не записан на сайт ВВ УГМС. Отсутствует соединение с сервером
0; 22.11.2006 22:30:36; Прогноз для станции 27459 на 072 не записан на сайт ВВ УГМС. Отсутствует соединение с сервером
0; 22.11.2006 22:30:39; Прогноз для станции 27760 на 024 не записан на сайт ВВ УГМС. Отсутствует соединение с сервером
0; 22.11.2006 22:30:42; Прогноз для станции 27760 на 048 не записан на сайт ВВ УГМС. Отсутствует соединение с сервером
0; 22.11.2006 22:30:45; Прогноз для станции 27760 на 072 не записан на сайт ВВ УГМС. Отсутствует соединение с сервером
0; 22.11.2006 22:30:48; Прогноз для станции 27485 на 024 не записан на сайт ВВ УГМС. Отсутствует соединение с сервером
0; 22.11.2006 22:30:51; Прогноз для станции 27485 на 048 не записан на сайт ВВ УГМС. Отсутствует соединение с сервером
0; 22.11.2006 22:30:54; Прогноз для станции 27485 на 072 не записан на сайт ВВ УГМС. Отсутствует соединение с сервером
0; 22.11.2006 22:30:57; Прогноз для станции 27581 на 024 не записан на сайт ВВ УГМС. Отсутствует соединение с сервером
0; 22.11.2006 22:31:00; Прогноз для станции 27581 на 048 не записан на сайт ВВ УГМС. Отсутствует соединение с сервером
0; 22.11.2006 22:31:03; Прогноз для станции 27581 на 072 не записан на сайт ВВ УГМС. Отсутствует соединение с сервером
0; 22.11.2006 22:31:06; Прогноз для станции 27199 на 024 не записан на сайт ВВ УГМС. Отсутствует соединение с сервером
0; 22.11.2006 22:31:09; Прогноз для станции 27199 на 048 не записан на сайт ВВ УГМС. Отсутствует соединение с сервером
0; 22.11.2006 22:31:12; Прогноз для станции 27199 на 072 не записан на сайт ВВ УГМС. Отсутствует соединение с сервером
0; 22.11.2006 22:31:15; Прогноз для станции 28411 на 024 не записан на сайт ВВ УГМС. Отсутствует соединение с сервером
0; 22.11.2006 22:31:18; Прогноз для станции 28411 на 048 не записан на сайт ВВ УГМС. Отсутствует соединение с сервером
0; 22.11.2006 22:31:21; Прогноз для станции 28411 на 072 не записан на сайт ВВ УГМС. Отсутствует соединение с сервером
3; 22.11.2006 22:42:25; Прогноз для станции 27459 на 024 часа успешно раскодирован
3; 22.11.2006 22:42:25; Прогноз для станции 27459 на 048 часа успешно раскодирован
3; 22.11.2006 22:42:25; Прогноз для станции 27459 на 072 часа успешно раскодирован
3; 22.11.2006 22:42:25; Прогноз для станции 27760 на 024 часа успешно раскодирован
3; 22.11.2006 22:42:25; Прогноз для станции 27760 на 048 часа успешно раскодирован
3; 22.11.2006 22:42:25; Прогноз для станции 27760 на 072 часа успешно раскодирован
3; 22.11.2006 22:42:25; Прогноз для станции 27485 на 024 часа успешно раскодирован
3; 22.11.2006 22:42:25; Прогноз для станции 27485 на 048 часа успешно раскодирован
3; 22.11.2006 22:42:25; Прогноз для станции 27485 на 072 часа успешно раскодирован
3; 22.11.2006 22:42:25; Прогноз для станции 27581 на 024 часа успешно раскодирован
3; 22.11.2006 22:42:25; Прогноз для станции 27581 на 048 часа успешно раскодирован
3; 22.11.2006 22:42:25; Прогноз для станции 27581 на 072 часа успешно раскодирован
3; 22.11.2006 22:42:25; Прогноз для станции 27199 на 024 часа успешно раскодирован
3; 22.11.2006 22:42:25; Прогноз для станции 27199 на 048 часа успешно раскодирован
3; 22.11.2006 22:42:25; Прогноз для станции 27199 на 072 часа успешно раскодирован
3; 22.11.2006 22:42:25; Прогноз для станции 28411 на 024 часа успешно раскодирован
3; 22.11.2006 22:42:25; Прогноз для станции 28411 на 048 часа успешно раскодирован
3; 22.11.2006 22:42:25; Прогноз для станции 28411 на 072 часа успешно раскодирован
0; 22.11.2006 22:42:34; Прогноз для станции 27459 на 024 не записан на сайт ВВ УГМС. Отсутствует соединение с сервером
0; 22.11.2006 22:42:37; Прогноз для станции 27459 на 048 не записан на сайт ВВ УГМС. Отсутствует соединение с сервером
0; 22.11.2006 22:42:40; Прогноз для станции 27459 на 072 не записан на сайт ВВ УГМС. Отсутствует соединение с сервером
0; 22.11.2006 22:42:43; Прогноз для станции 27760 на 024 не записан на сайт ВВ УГМС. Отсутствует соединение с сервером
0; 22.11.2006 22:42:46; Прогноз для станции 27760 на 048 не записан на сайт ВВ УГМС. Отсутствует соединение с сервером
0; 22.11.2006 22:42:49; Прогноз для станции 27760 на 072 не записан на сайт ВВ УГМС. Отсутствует соединение с сервером
0; 22.11.2006 22:42:52; Прогноз для станции 27485 на 024 не записан на сайт ВВ УГМС. Отсутствует соединение с сервером
0; 22.11.2006 22:42:55; Прогноз для станции 27485 на 048 не записан на сайт ВВ УГМС. Отсутствует соединение с сервером
0; 22.11.2006 22:42:58; Прогноз для станции 27485 на 072 не записан на сайт ВВ УГМС. Отсутствует соединение с сервером
0; 22.11.2006 22:43:01; Прогноз для станции 27581 на 024 не записан на сайт ВВ УГМС. Отсутствует соединение с сервером
0; 22.11.2006 22:43:04; Прогноз для станции 27581 на 048 не записан на сайт ВВ УГМС. Отсутствует соединение с сервером
0; 22.11.2006 22:43:07; Прогноз для станции 27581 на 072 не записан на сайт ВВ УГМС. Отсутствует соединение с сервером
0; 22.11.2006 22:43:10; Прогноз для станции 27199 на 024 не записан на сайт ВВ УГМС. Отсутствует соединение с сервером
0; 22.11.2006 22:43:13; Прогноз для станции 27199 на 048 не записан на сайт ВВ УГМС. Отсутствует соединение с сервером
0; 22.11.2006 22:43:16; Прогноз для станции 27199 на 072 не записан на сайт ВВ УГМС. Отсутствует соединение с сервером
0; 22.11.2006 22:43:19; Прогноз для станции 28411 на 024 не записан на сайт ВВ УГМС. Отсутствует соединение с сервером
0; 22.11.2006 22:43:22; Прогноз для станции 28411 на 048 не записан на сайт ВВ УГМС. Отсутствует соединение с сервером
0; 22.11.2006 22:43:25; Прогноз 3; 22.11.2006 22:52:23; Прогноз для станции 27459 на 024 часа успешно раскодирован
3; 22.11.2006 22:52:23; Прогноз для станции 27459 на 048 часа успешно раскодирован
3; 22.11.2006 22:52:23; Прогноз для станции 27459 на 072 часа успешно раскодирован
3; 22.11.2006 22:52:23; Прогноз для станции 27760 на 024 часа успешно раскодирован
3; 22.11.2006 22:52:23; Прогноз для станции 27760 на 048 часа успешно раскодирован
3; 22.11.2006 22:52:23; Прогноз для станции 27760 на 072 часа успешно раскодирован
3; 22.11.2006 22:52:23; Прогноз для станции 27485 на 024 часа успешно раскодирован
3; 22.11.2006 22:52:23; Прогноз для станции 27485 на 048 часа успешно раскодирован
3; 22.11.2006 22:52:23; Прогноз для станции 27485 на 072 часа успешно раскодирован
3; 22.11.2006 22:52:23; Прогноз для станции 27581 на 024 часа успешно раскодирован
3; 22.11.2006 22:52:23; Прогноз для станции 27581 на 048 часа успешно раскодирован
3; 22.11.2006 22:52:23; Прогноз для станции 27581 на 072 часа успешно раскодирован
3; 22.11.2006 22:52:23; Прогноз для станции 27199 на 024 часа успешно раскодирован
3; 22.11.2006 22:52:23; Прогноз для станции 27199 на 048 часа успешно раскодирован
3; 22.11.2006 22:52:23; Прогноз для станции 27199 на 072 часа успешно раскодирован
3; 22.11.2006 22:52:23; Прогноз для станции 28411 на 024 часа успешно раскодирован
3; 22.11.2006 22:52:23; Прогноз для станции 28411 на 048 часа успешно раскодирован
3; 22.11.2006 22:52:23; Прогноз для станции 28411 на 072 часа успешно раскодирован
0; 22.11.2006 22:53:10; Прогноз для станции 27459 на 024 не записан на сайт ВВ УГМС. Отсутствует соединение с сервером
0; 22.11.2006 22:53:13; Прогноз для станции 27459 на 048 не записан на сайт ВВ УГМС. Отсутствует соединение с сервером
0; 22.11.2006 22:53:16; Прогноз для станции 27459 на 072 не записан на сайт ВВ УГМС. Отсутствует соединение с сервером
0; 22.11.2006 22:53:19; Прогноз для станции 27760 на 024 не записан на сайт ВВ УГМС. Отсутствует соединение с сервером
0; 22.11.2006 22:53:22; Прогноз для станции 27760 на 048 не записан на сайт ВВ УГМС. Отсутствует соединение с сервером
0; 22.11.2006 22:53:25; Прогноз для станции 27760 на 072 не записан на сайт ВВ УГМС. Отсутствует соединение с сервером
0; 22.11.2006 22:53:28; Прогноз для станции 27485 на 024 не записан на сайт ВВ УГМС. Отсутствует соединение с сервером
0; 22.11.2006 22:53:31; Прогноз для станции 27485 на 048 не записан на сайт ВВ УГМС. Отсутствует соединение с сервером
0; 22.11.2006 22:53:34; Прогноз для станции 27485 на 072 не записан на сайт ВВ УГМС. Отсутствует соединение с сервером
0; 22.11.2006 22:53:37; Прогноз для станции 27581 на 024 не записан на сайт ВВ УГМС. Отсутствует соединение с сервером
0; 22.11.2006 22:53:40; Прогноз для станции 27581 на 048 не записан на сайт ВВ УГМС. Отсутствует соединение с сервером
0; 22.11.2006 22:53:43; Прогноз для станции 27581 на 072 не записан на сайт ВВ УГМС. Отсутствует соединение с сервером
0; 22.11.2006 22:53:46; Прогноз для станции 27199 на 024 не записан на сайт ВВ УГМС. Отсутствует соединение с сервером
0; 22.11.2006 22:53:49; Прогноз для станции 27199 на 048 не записан на сайт ВВ УГМС. Отсутствует соединение с сервером
0; 22.11.2006 22:53:52; Прогноз для станции 27199 на 072 не записан на сайт ВВ УГМС. Отсутствует соединение с сервером
0; 22.11.2006 22:53:55; Прогноз для станции 28411 на 024 не записан на сайт ВВ УГМС. Отсутствует соединение с сервером
0; 22.11.2006 22:53:58; Прогноз для станции 28411 на 048 не записан на сайт ВВ УГМС. Отсутствует соединение с сервером
0; 22.11.2006 22:54:01; Прогноз для станции 28411 на 072 не записан на сайт ВВ УГМС. Отсутствует соединение с сервером
3; 22.11.2006 22:55:35; Прогноз для станции 27459 на 024 часа успешно раскодирован
3; 22.11.2006 22:55:35; Прогноз для станции 27459 на 048 часа успешно раскодирован
3; 22.11.2006 22:55:35; Прогноз для станции 27459 на 072 часа успешно раскодирован
3; 22.11.2006 22:55:35; Прогноз для станции 27760 на 024 часа успешно раскодирован
3; 22.11.2006 22:55:35; Прогноз для станции 27760 на 048 часа успешно раскодирован
3; 22.11.2006 22:55:35; Прогноз для станции 27760 на 072 часа успешно раскодирован
3; 22.11.2006 22:55:35; Прогноз для станции 27485 на 024 часа успешно раскодирован
3; 22.11.2006 22:55:35; Прогноз для станции 27485 на 048 часа успешно раскодирован
3; 22.11.2006 22:55:35; Прогноз для станции 27485 на 072 часа успешно раскодирован
3; 22.11.2006 22:55:35; Прогноз для станции 27581 на 024 часа успешно раскодирован
3; 22.11.2006 22:55:35; Прогноз для станции 27581 на 048 часа успешно раскодирован
3; 22.11.2006 22:55:35; Прогноз для станции 27581 на 072 часа успешно раскодирован
3; 22.11.2006 22:55:35; Прогноз для станции 27199 на 024 часа успешно раскодирован
3; 22.11.2006 22:55:35; Прогноз для станции 27199 на 048 часа успешно раскодирован
3; 22.11.2006 22:55:35; Прогноз для станции 27199 на 072 часа успешно раскодирован
3; 22.11.2006 22:55:35; Прогноз для станции 28411 на 024 часа успешно раскодирован
3; 22.11.2006 22:55:35; Прогноз для станции 28411 на 048 часа успешно раскодирован
3; 22.11.2006 22:55:35; Прогноз для станции 28411 на 072 часа успешно раскодирован
0; 22.11.2006 22:55:41; Прогноз для станции 27459 на 024 не записан на сайт ВВ УГМС. Отсутствует соединение с сервером
0; 22.11.2006 22:55:44; Прогноз для станции 27459 на 048 не записан на сайт ВВ УГМС. Отсутствует соединение с сервером
0; 22.11.2006 22:55:47; Прогноз для станции 27459 на 072 не записан на сайт ВВ УГМС. Отсутствует соединение с сервером
0; 22.11.2006 22:55:50; Прогноз для станции 27760 на 024 не записан на сайт ВВ УГМС. Отсутствует соединение с сервером
0; 22.11.2006 22:55:53; Прогноз для станции 27760 на 048 не записан на сайт ВВ УГМС. Отсутствует соединение с сервером
0; 22.11.2006 22:55:56; Прогноз для станции 27760 на 072 не записан на сайт ВВ УГМС. Отсутствует соединение с сервером
0; 22.11.2006 22:55:59; Прогноз для станции 27485 на 024 не записан на сайт ВВ УГМС. Отсутствует соединение с сервером
0; 22.11.2006 22:56:02; Прогноз для станции 27485 на 048 не записан на сайт ВВ УГМС. Отсутствует соединение с сервером
0; 22.11.2006 22:56:05; Прогноз для станции 27485 на 072 не записан на сайт ВВ УГМС. Отсутствует соединение с сервером
0; 22.11.2006 22:56:08; Прогноз для станции 27581 на 024 не записан на сайт ВВ УГМС. Отсутствует соединение с сервером
0; 22.11.2006 22:56:11; Прогноз для станции 27581 на 048 не записан на сайт ВВ УГМС. Отсутствует соединение с сервером
0; 22.11.2006 22:56:14; Прогноз для станции 27581 на 072 не записан на сайт ВВ УГМС. Отсутствует соединение с сервером
0; 22.11.2006 22:56:17; Прогноз для станции 27199 на 024 не записан на сайт ВВ УГМС. Отсутствует соединение с сервером
0; 22.11.2006 22:56:20; Прогноз для станции 27199 на 048 не записан на сайт ВВ УГМС. Отсутствует соединение с сервером
0; 22.11.2006 22:56:23; Прогноз для станции 27199 на 072 не записан на сайт ВВ УГМС. Отсутствует соединение с сервером
0; 22.11.2006 22:56:26; Прогноз для станции 28411 на 024 не записан на сайт ВВ УГМС. Отсутствует соединение с сервером
0; 22.11.2006 22:56:29; Прогноз для станции 28411 на 048 не записан на сайт ВВ УГМС. Отсутствует соединение с сервером
0; 22.11.2006 22:56:32; Прогноз для станции 28411 на 072 не записан на сайт ВВ УГМС. Отсутствует соединение с сервером
3; 22.11.2006 22:57:55; Прогноз для станции 27459 на 024 часа успешно раскодирован
3; 22.11.2006 22:57:55; Прогноз для станции 27459 на 048 часа успешно раскодирован
3; 22.11.2006 22:57:55; Прогноз для станции 27459 на 072 часа успешно раскодирован
3; 22.11.2006 22:57:55; Прогноз для станции 27760 на 024 часа успешно раскодирован
3; 22.11.2006 22:57:55; Прогноз для станции 27760 на 048 часа успешно раскодирован
3; 22.11.2006 22:57:55; Прогноз для станции 27760 на 072 часа успешно раскодирован
3; 22.11.2006 22:57:55; Прогноз для станции 27485 на 024 часа успешно раскодирован
3; 22.11.2006 22:57:55; Прогноз для станции 27485 на 048 часа успешно раскодирован
3; 22.11.2006 22:57:55; Прогноз для станции 27485 на 072 часа успешно раскодирован
3; 22.11.2006 22:57:55; Прогноз для станции 27581 на 024 часа успешно раскодирован
3; 22.11.2006 22:57:55; Прогноз для станции 27581 на 048 часа успешно раскодирован
3; 22.11.2006 22:57:55; Прогноз для станции 27581 на 072 часа успешно раскодирован
3; 22.11.2006 22:57:55; Прогноз для станции 27199 на 024 часа успешно раскодирован
3; 22.11.2006 22:57:55; Прогноз для станции 27199 на 048 часа успешно раскодирован
3; 22.11.2006 22:57:55; Прогноз для станции 27199 на 072 часа успешно раскодирован
3; 22.11.2006 22:57:55; Прогноз для станции 28411 на 024 часа успешно раскодирован
3; 22.11.2006 22:57:55; Прогноз для станции 28411 на 048 часа успешно раскодирован
3; 22.11.2006 22:57:55; Прогноз для станции 28411 на 072 часа успешно раскодирован
0; 22.11.2006 22:58:01; Прогноз для станции 27459 на 024 не записан на сайт ВВ УГМС. Отсутствует соединение с сервером
0; 22.11.2006 22:58:05; Прогноз для станции 27459 на 048 не записан на сайт ВВ УГМС. Отсутствует соединение с сервером
0; 22.11.2006 22:58:08; Прогноз для станции 27459 на 072 не записан на сайт ВВ УГМС. Отсутствует соединение с сервером
0; 22.11.2006 22:58:11; Прогноз для станции 27760 на 024 не записан на сайт ВВ УГМС. Отсутствует соединение с сервером
0; 22.11.2006 22:58:14; Прогноз для станции 27760 на 048 не записан на сайт ВВ УГМС. Отсутствует соединение с сервером
0; 22.11.2006 22:58:17; Прогноз для станции 27760 на 072 не записан на сайт ВВ УГМС. Отсутствует соединение с сервером
0; 22.11.2006 22:58:20; Прогноз для станции 27485 на 024 не записан на сайт ВВ УГМС. Отсутствует соединение с сервером
0; 22.11.2006 22:58:23; Прогноз для станции 27485 на 048 не записан на сайт ВВ УГМС. Отсутствует соединение с сервером
0; 22.11.2006 22:58:26; Прогноз для станции 27485 на 072 не записан на сайт ВВ УГМС. Отсутствует соединение с сервером
0; 22.11.2006 22:58:29; Прогноз для станции 27581 на 024 не записан на сайт ВВ УГМС. Отсутствует соединение с сервером
0; 22.11.2006 22:58:32; Прогноз для станции 27581 на 048 не записан на сайт ВВ УГМС. Отсутствует соединение с сервером
0; 22.11.2006 22:58:35; Прогноз для станции 27581 на 072 не записан на сайт ВВ УГМС. Отсутствует соединение с сервером
0; 22.11.2006 22:58:38; Прогноз для станции 27199 на 024 не записан на сайт ВВ УГМС. Отсутствует соединение с сервером
0; 22.11.2006 22:58:41; Прогноз для станции 27199 на 048 не записан на сайт ВВ УГМС. Отсутствует соединение с сервером
0; 22.11.2006 22:58:44; Прогноз для станции 27199 на 072 не записан на сайт ВВ УГМС. Отсутствует соединение с сервером
0; 22.11.2006 22:58:47; Прогноз для станции 28411 на 024 не записан на сайт ВВ УГМС. Отсутствует соединение с сервером
0; 22.11.2006 22:58:50; Прогноз для станции 28411 на 048 не записан на сайт ВВ УГМС. Отсутствует соединение с сервером
0; 22.11.2006 22:58:53; Прогноз для станции 28411 на 072 не записан на сайт ВВ УГМС. Отсутствует соединение с сервером
3; 22.11.2006 23:14:48; Прогноз для станции 27459 на 024 часа успешно раскодирован
3; 22.11.2006 23:14:48; Прогноз для станции 27459 на 048 часа успешно раскодирован
3; 22.11.2006 23:14:48; Прогноз для станции 27459 на 072 часа успешно раскодирован
3; 22.11.2006 23:14:48; Прогноз для станции 27760 на 024 часа успешно раскодирован
3; 22.11.2006 23:14:48; Прогноз для станции 27760 на 048 часа успешно раскодирован
3; 22.11.2006 23:14:48; Прогноз для станции 27760 на 072 часа успешно раскодирован
3; 22.11.2006 23:14:48; Прогноз для станции 27485 на 024 часа успешно раскодирован
3; 22.11.2006 23:14:48; Прогноз для станции 27485 на 048 часа успешно раскодирован
3; 22.11.2006 23:14:48; Прогноз для станции 27485 на 072 часа успешно раскодирован
3; 22.11.2006 23:14:48; Прогноз для станции 27581 на 024 часа успешно раскодирован
3; 22.11.2006 23:14:48; Прогноз для станции 27581 на 048 часа успешно раскодирован
3; 22.11.2006 23:14:48; Прогноз для станции 27581 на 072 часа успешно раскодирован
3; 22.11.2006 23:14:48; Прогноз для станции 27199 на 024 часа успешно раскодирован
3; 22.11.2006 23:14:48; Прогноз для станции 27199 на 048 часа успешно раскодирован
3; 22.11.2006 23:14:48; Прогноз для станции 27199 на 072 часа успешно раскодирован
3; 22.11.2006 23:14:48; Прогноз для станции 28411 на 024 часа успешно раскодирован
3; 22.11.2006 23:14:48; Прогноз для станции 28411 на 048 часа успешно раскодирован
3; 22.11.2006 23:14:48; Прогноз для станции 28411 на 072 часа успешно раскодирован
0; 22.11.2006 23:15:35; Прогноз для станции 27459 на 024 не записан на сайт ВВ УГМС. Отсутствует соединение с сервером
0; 22.11.2006 23:15:38; Прогноз для станции 27459 на 048 не записан на сайт ВВ УГМС. Отсутствует соединение с сервером
0; 22.11.2006 23:15:41; Прогноз для станции 27459 на 072 не записан на сайт ВВ УГМС. Отсутствует соединение с сервером
0; 22.11.2006 23:15:44; Прогноз для станции 27760 на 024 не записан на сайт ВВ УГМС. Отсутствует соединение с сервером
0; 22.11.2006 23:15:47; Прогноз для станции 27760 на 048 не записан на сайт ВВ УГМС. Отсутствует соединение с сервером
0; 22.11.2006 23:15:50; Прогноз для станции 27760 на 072 не записан на сайт ВВ УГМС. Отсутствует соединение с сервером
0; 22.11.2006 23:15:53; Прогноз для станции 27485 на 024 не записан на сайт ВВ УГМС. Отсутствует соединение с сервером
0; 22.11.2006 23:15:56; Прогноз для станции 27485 на 048 не записан на сайт ВВ УГМС. Отсутствует соединение с сервером
0; 22.11.2006 23:15:59; Прогноз для станции 27485 на 072 не записан на сайт ВВ УГМС. Отсутствует соединение с сервером
0; 22.11.2006 23:16:02; Прогноз для станции 27581 на 024 не записан на сайт ВВ УГМС. Отсутствует соединение с сервером
0; 22.11.2006 23:16:05; Прогноз для станции 27581 на 048 не записан на сайт ВВ УГМС. Отсутствует соединение с сервером
0; 22.11.2006 23:16:08; Прогноз для станции 27581 на 072 не записан на сайт ВВ УГМС. Отсутствует соединение с сервером
0; 22.11.2006 23:16:11; Прогноз для станции 27199 на 024 не записан на сайт ВВ УГМС. Отсутствует соединение с сервером
0; 22.11.2006 23:16:14; Прогноз для станции 27199 на 048 не записан на сайт ВВ УГМС. Отсутствует соединение с сервером
0; 22.11.2006 23:16:17; Прогноз для станции 27199 на 072 не записан на сайт ВВ УГМС. Отсутствует соединение с сервером
0; 22.11.2006 23:16:20; Прогноз для станции 28411 на 024 не записан на сайт ВВ УГМС. Отсутствует соединение с сервером
0; 22.11.2006 23:16:23; Прогноз для станции 28411 на 048 не записан на сайт ВВ УГМС. Отсутствует соединение с сервером
0; 22.11.2006 23:16:26; Прогноз для станции 28411 на 072 не записан на сайт ВВ УГМС. Отсутствует соединение с сервером
0; 22.11.2006 23:17:09; Прогноз для станции 27459 на 024 не записан на сайт ВВ УГМС. Отсутствует соединение с сервером
0; 22.11.2006 23:17:12; Прогноз для станции 27459 на 048 не записан на сайт ВВ УГМС. Отсутствует соединение с сервером
0; 22.11.2006 23:17:15; Прогноз для станции 27459 на 072 не записан на сайт ВВ УГМС. Отсутствует соединение с сервером
0; 22.11.2006 23:17:18; Прогноз для станции 27760 на 024 не записан на сайт ВВ УГМС. Отсутствует соединение с сервером
3; 22.11.2006 23:54:10; Прогноз для станции 27459 на 024 часа успешно раскодирован
3; 22.11.2006 23:54:10; Прогноз для станции 27459 на 048 часа успешно раскодирован
3; 22.11.2006 23:54:10; Прогноз для станции 27459 на 072 часа успешно раскодирован
3; 22.11.2006 23:54:10; Прогноз для станции 27760 на 024 часа успешно раскодирован
3; 22.11.2006 23:54:10; Прогноз для станции 27760 на 048 часа успешно раскодирован
3; 22.11.2006 23:54:10; Прогноз для станции 27760 на 072 часа успешно раскодирован
3; 22.11.2006 23:54:10; Прогноз для станции 27485 на 024 часа успешно раскодирован
3; 22.11.2006 23:54:10; Прогноз для станции 27485 на 048 часа успешно раскодирован
3; 22.11.2006 23:54:10; Прогноз для станции 27485 на 072 часа успешно раскодирован
3; 22.11.2006 23:54:10; Прогноз для станции 27581 на 024 часа успешно раскодирован
3; 22.11.2006 23:54:10; Прогноз для станции 27581 на 048 часа успешно раскодирован
3; 22.11.2006 23:54:10; Прогноз для станции 27581 на 072 часа успешно раскодирован
3; 22.11.2006 23:54:10; Прогноз для станции 27199 на 024 часа успешно раскодирован
3; 22.11.2006 23:54:10; Прогноз для станции 27199 на 048 часа успешно раскодирован
3; 22.11.2006 23:54:10; Прогноз для станции 27199 на 072 часа успешно раскодирован
3; 22.11.2006 23:54:10; Прогноз для станции 28411 на 024 часа успешно раскодирован
3; 22.11.2006 23:54:10; Прогноз для станции 28411 на 048 часа успешно раскодирован
3; 22.11.2006 23:54:10; Прогноз для станции 28411 на 072 часа успешно раскодирован
0; 22.11.2006 23:54:15; Прогноз для станции 27459 на 024 не записан на сайт ВВ УГМС. Отсутствует соединение с сервером
0; 22.11.2006 23:54:18; Прогноз для станции 27459 на 048 не записан на сайт ВВ УГМС. Отсутствует соединение с сервером
0; 22.11.2006 23:54:21; Прогноз для станции 27459 на 072 не записан на сайт ВВ УГМС. Отсутствует соединение с сервером
0; 22.11.2006 23:54:24; Прогноз для станции 27760 на 024 не записан на сайт ВВ УГМС. Отсутствует соединение с сервером
0; 22.11.2006 23:54:27; Прогноз для станции 27760 на 048 не записан на сайт ВВ УГМС. Отсутствует соединение с сервером
0; 22.11.2006 23:54:30; Прогноз для станции 27760 на 072 не записан на сайт ВВ УГМС. Отсутствует соединение с сервером
0; 22.11.2006 23:54:33; Прогноз для станции 27485 на 024 не записан на сайт ВВ УГМС. Отсутствует соединение с сервером
0; 22.11.2006 23:54:36; Прогноз для станции 27485 на 048 не записан на сайт ВВ УГМС. Отсутствует соединение с сервером
0; 22.11.2006 23:54:39; Прогноз для станции 27485 на 072 не записан на сайт ВВ УГМС. Отсутствует соединение с сервером
0; 22.11.2006 23:54:42; Прогноз для станции 27581 на 024 не записан на сайт ВВ УГМС. Отсутствует соединение с сервером
0; 22.11.2006 23:54:45; Прогноз для станции 27581 на 048 не записан на сайт ВВ УГМС. Отсутствует соединение с сервером
0; 22.11.2006 23:54:48; Прогноз для станции 27581 на 072 не записан на сайт ВВ УГМС. Отсутствует соединение с сервером
0; 22.11.2006 23:54:51; Прогноз для станции 27199 на 024 не записан на сайт ВВ УГМС. Отсутствует соединение с сервером
0; 22.11.2006 23:54:54; Прогноз для станции 27199 на 048 не записан на сайт ВВ УГМС. Отсутствует соединение с сервером
0; 22.11.2006 23:54:57; Прогноз для станции 27199 на 072 не записан на сайт ВВ УГМС. Отсутствует соединение с сервером
0; 22.11.2006 23:55:00; Прогноз для станции 28411 на 024 не записан на сайт ВВ УГМС. Отсутствует соединение с сервером
0; 22.11.2006 23:55:03; Прогноз для станции 28411 на 048 не записан на сайт ВВ УГМС. Отсутствует соединение с сервером
0; 22.11.2006 23:55:06; Прогноз для станции 28411 на 072 не записан на сайт ВВ УГМС. Отсутствует соединение с сервером
