3; 06.10.2008 16:29:35; Прогноз для станции 27459 на 024 часа успешно раскодирован
3; 06.10.2008 16:29:35; Прогноз для станции 27459 на 048 часа успешно раскодирован
3; 06.10.2008 16:29:35; Прогноз для станции 27459 на 072 часа успешно раскодирован
3; 06.10.2008 16:29:35; Прогноз для станции 27760 на 024 часа успешно раскодирован
3; 06.10.2008 16:29:35; Прогноз для станции 27760 на 048 часа успешно раскодирован
3; 06.10.2008 16:29:35; Прогноз для станции 27760 на 072 часа успешно раскодирован
3; 06.10.2008 16:29:35; Прогноз для станции 27485 на 024 часа успешно раскодирован
3; 06.10.2008 16:29:35; Прогноз для станции 27485 на 048 часа успешно раскодирован
3; 06.10.2008 16:29:35; Прогноз для станции 27485 на 072 часа успешно раскодирован
3; 06.10.2008 16:29:35; Прогноз для станции 27581 на 024 часа успешно раскодирован
3; 06.10.2008 16:29:35; Прогноз для станции 27581 на 048 часа успешно раскодирован
3; 06.10.2008 16:29:35; Прогноз для станции 27581 на 072 часа успешно раскодирован
3; 06.10.2008 16:29:35; Прогноз для станции 27199 на 024 часа успешно раскодирован
3; 06.10.2008 16:29:35; Прогноз для станции 27199 на 048 часа успешно раскодирован
3; 06.10.2008 16:29:35; Прогноз для станции 27199 на 072 часа успешно раскодирован
3; 06.10.2008 16:29:35; Прогноз для станции 28411 на 024 часа успешно раскодирован
3; 06.10.2008 16:30:52; Прогноз для станции 27459 на 024 часа успешно раскодирован
3; 06.10.2008 16:30:52; Прогноз для станции 27459 на 048 часа успешно раскодирован
3; 06.10.2008 16:30:52; Прогноз для станции 27459 на 072 часа успешно раскодирован
3; 06.10.2008 16:30:52; Прогноз для станции 27760 на 024 часа успешно раскодирован
3; 06.10.2008 16:30:52; Прогноз для станции 27760 на 048 часа успешно раскодирован
3; 06.10.2008 16:30:52; Прогноз для станции 27760 на 072 часа успешно раскодирован
3; 06.10.2008 16:30:52; Прогноз для станции 27485 на 024 часа успешно раскодирован
3; 06.10.2008 16:30:52; Прогноз для станции 27485 на 048 часа успешно раскодирован
3; 06.10.2008 16:30:52; Прогноз для станции 27485 на 072 часа успешно раскодирован
3; 06.10.2008 16:30:52; Прогноз для станции 27581 на 024 часа успешно раскодирован
3; 06.10.2008 16:30:52; Прогноз для станции 27581 на 048 часа успешно раскодирован
3; 06.10.2008 16:30:52; Прогноз для станции 27581 на 072 часа успешно раскодирован
3; 06.10.2008 16:30:52; Прогноз для станции 27199 на 024 часа успешно раскодирован
3; 06.10.2008 16:30:52; Прогноз для станции 27199 на 048 часа успешно раскодирован
3; 06.10.2008 16:30:52; Прогноз для станции 27199 на 072 часа успешно раскодирован
3; 06.10.2008 16:30:52; Прогноз для станции 28411 на 024 часа успешно раскодирован
3; 06.10.2008 16:31:55; Прогноз для станции 27459 на 024 часа успешно раскодирован
3; 06.10.2008 16:31:55; Прогноз для станции 27459 на 048 часа успешно раскодирован
3; 06.10.2008 16:31:55; Прогноз для станции 27459 на 072 часа успешно раскодирован
3; 06.10.2008 16:31:55; Прогноз для станции 27760 на 024 часа успешно раскодирован
3; 06.10.2008 16:31:55; Прогноз для станции 27760 на 048 часа успешно раскодирован
3; 06.10.2008 16:31:55; Прогноз для станции 27760 на 072 часа успешно раскодирован
3; 06.10.2008 16:31:55; Прогноз для станции 27485 на 024 часа успешно раскодирован
3; 06.10.2008 16:31:55; Прогноз для станции 27485 на 048 часа успешно раскодирован
3; 06.10.2008 16:31:55; Прогноз для станции 27485 на 072 часа успешно раскодирован
3; 06.10.2008 16:31:55; Прогноз для станции 27581 на 024 часа успешно раскодирован
3; 06.10.2008 16:31:55; Прогноз для станции 27581 на 048 часа успешно раскодирован
3; 06.10.2008 16:31:55; Прогноз для станции 27581 на 072 часа успешно раскодирован
3; 06.10.2008 16:31:55; Прогноз для станции 27199 на 024 часа успешно раскодирован
3; 06.10.2008 16:31:55; Прогноз для станции 27199 на 048 часа успешно раскодирован
3; 06.10.2008 16:31:55; Прогноз для станции 27199 на 072 часа успешно раскодирован
3; 06.10.2008 16:31:55; Прогноз для станции 28411 на 024 часа успешно раскодирован
3; 06.10.2008 16:35:08; Прогноз для станции 27459 на 024 часа успешно раскодирован
3; 06.10.2008 16:35:10; Прогноз для станции 27459 на 048 часа успешно раскодирован
3; 06.10.2008 16:35:13; Прогноз для станции 27459 на 072 часа успешно раскодирован
3; 06.10.2008 16:35:25; Прогноз для станции 27760 на 024 часа успешно раскодирован
3; 06.10.2008 16:35:27; Прогноз для станции 27760 на 048 часа успешно раскодирован
3; 06.10.2008 16:35:30; Прогноз для станции 27760 на 072 часа успешно раскодирован
3; 06.10.2008 16:35:30; Прогноз для станции 27485 на 024 часа успешно раскодирован
3; 06.10.2008 16:35:30; Прогноз для станции 27485 на 048 часа успешно раскодирован
3; 06.10.2008 16:35:30; Прогноз для станции 27485 на 072 часа успешно раскодирован
3; 06.10.2008 16:35:30; Прогноз для станции 27581 на 024 часа успешно раскодирован
3; 06.10.2008 16:35:30; Прогноз для станции 27581 на 048 часа успешно раскодирован
3; 06.10.2008 16:35:30; Прогноз для станции 27581 на 072 часа успешно раскодирован
3; 06.10.2008 16:35:30; Прогноз для станции 27199 на 024 часа успешно раскодирован
3; 06.10.2008 16:35:30; Прогноз для станции 27199 на 048 часа успешно раскодирован
3; 06.10.2008 16:35:30; Прогноз для станции 27199 на 072 часа успешно раскодирован
3; 06.10.2008 16:35:3; 06.10.2008 16:35:55; Прогноз для станции 27459 на 024 часа успешно раскодирован
3; 06.10.2008 16:36:00; Прогноз для станции 27459 на 048 часа успешно раскодирован
3; 06.10.2008 16:36:01; Прогноз для станции 27459 на 072 часа успешно раскодирован
3; 06.10.2008 16:36:03; Прогноз для станции 27760 на 024 часа успешно раскодирован
3; 06.10.2008 16:36:08; Прогноз для станции 27760 на 048 часа успешно раскодирован
3; 06.10.2008 16:36:10; Прогноз для станции 27760 на 072 часа успешно раскодирован
3; 06.10.2008 16:36:10; Прогноз для станции 27485 на 024 часа успешно раскодирован
3; 06.10.2008 16:36:10; Прогноз для станции 27485 на 048 часа успешно раскодирован
3; 06.10.2008 16:36:10; Прогноз для станции 27485 на 072 часа успешно раскодирован
3; 06.10.2008 16:36:10; Прогноз для станции 27581 на 024 часа успешно раскодирован
3; 06.10.2008 16:36:10; Прогноз для станции 27581 на 048 часа успешно раскодирован
3; 06.10.2008 16:36:10; Прогноз для станции 27581 на 072 часа успешно раскодирован
3; 06.10.2008 16:36:10; Прогноз для станции 27199 на 024 часа успешно раскодирован
3; 06.10.2008 16:36:10; Прогноз для станции 27199 на 048 часа успешно раскодирован
3; 06.10.2008 16:36:10; Прогноз для станции 27199 на 072 часа успешно раскодирован
3; 06.10.2008 16:36:10; Прогноз для станции 28411 на 024 часа успешно раскодирован
3; 06.10.2008 16:36:42; Прогноз для станции 27459 на 024 часа успешно раскодирован
3; 06.10.2008 16:36:44; Прогноз для станции 27459 на 048 часа успешно раскодирован
3; 06.10.2008 16:36:45; Прогноз для станции 27459 на 072 часа успешно раскодирован
3; 06.10.2008 16:36:48; Прогноз для станции 27760 на 024 часа успешно раскодирован
3; 06.10.2008 16:36:49; Прогноз для станции 27760 на 048 часа успешно раскодирован
3; 06.10.2008 16:36:53; Прогноз для станции 27760 на 072 часа успешно раскодирован
3; 06.10.2008 16:37:03; Прогноз для станции 27485 на 024 часа успешно раскодирован
3; 06.10.2008 16:37:07; Прогноз для станции 27485 на 048 часа успешно раскодирован
3; 06.10.2008 16:37:10; Прогноз для станции 27485 на 072 часа успешно раскодирован
3; 06.10.2008 16:37:13; Прогноз для станции 27581 на 024 часа успешно раскодирован
3; 06.10.2008 16:37:16; Прогноз для станции 27581 на 048 часа успешно раскодирован
3; 06.10.2008 16:37:19; Прогноз для станции 27581 на 072 часа успешно раскодирован
3; 06.10.2008 16:37:28; Прогноз для станции 27199 на 024 часа успешно раскодирован
3; 06.10.2008 16:38:10; Прогноз для станции 27199 на 048 часа успешно раскодирован
3; 06.10.2008 16:38:27; Прогноз для станции 27199 на 072 часа успешно раскодирован
3; 06.10.2008 16:38:3; 06.10.2008 16:39:44; Прогноз для станции 27459 на 024 часа успешно раскодирован
3; 06.10.2008 16:39:45; Прогноз для станции 27459 на 048 часа успешно раскодирован
3; 06.10.2008 16:39:47; Прогноз для станции 27459 на 072 часа успешно раскодирован
3; 06.10.2008 16:39:47; Прогноз для станции 27760 на 024 часа успешно раскодирован
3; 06.10.2008 16:39:47; Прогноз для станции 27760 на 048 часа успешно раскодирован
3; 06.10.2008 16:39:47; Прогноз для станции 27760 на 072 часа успешно раскодирован
3; 06.10.2008 16:39:48; Прогноз для станции 27485 на 024 часа успешно раскодирован
3; 06.10.2008 16:39:48; Прогноз для станции 27485 на 048 часа успешно раскодирован
3; 06.10.2008 16:39:48; Прогноз для станции 27485 на 072 часа успешно раскодирован
3; 06.10.2008 16:39:51; Прогноз для станции 27581 на 024 часа успешно раскодирован
3; 06.10.2008 16:39:52; Прогноз для станции 27581 на 048 часа успешно раскодирован
3; 06.10.2008 16:39:54; Прогноз для станции 27581 на 072 часа успешно раскодирован
3; 06.10.2008 16:39:55; Прогноз для станции 27199 на 024 часа успешно раскодирован
3; 06.10.2008 16:39:57; Прогноз для станции 27199 на 048 часа успешно раскодирован
3; 06.10.2008 16:39:59; Прогноз для станции 27199 на 072 часа успешно раскодирован
3; 06.10.2008 16:40:3; 06.10.2008 16:40:28; Прогноз для станции 27459 на 024 часа успешно раскодирован
3; 06.10.2008 16:40:30; Прогноз для станции 27459 на 048 часа успешно раскодирован
3; 06.10.2008 16:40:30; Прогноз для станции 27459 на 072 часа успешно раскодирован
3; 06.10.2008 16:40:30; Прогноз для станции 27760 на 024 часа успешно раскодирован
3; 06.10.2008 16:40:30; Прогноз для станции 27760 на 048 часа успешно раскодирован
3; 06.10.2008 16:40:31; Прогноз для станции 27760 на 072 часа успешно раскодирован
3; 06.10.2008 16:40:31; Прогноз для станции 27485 на 024 часа успешно раскодирован
3; 06.10.2008 16:40:31; Прогноз для станции 27485 на 048 часа успешно раскодирован
3; 06.10.2008 16:40:31; Прогноз для станции 27485 на 072 часа успешно раскодирован
3; 06.10.2008 16:40:31; Прогноз для станции 27581 на 024 часа успешно раскодирован
3; 06.10.2008 16:40:32; Прогноз для станции 27581 на 048 часа успешно раскодирован
3; 06.10.2008 16:40:32; Прогноз для станции 27581 на 072 часа успешно раскодирован
3; 06.10.2008 16:40:34; Прогноз для станции 27199 на 024 часа успешно раскодирован
3; 06.10.2008 16:40:35; Прогноз для станции 27199 на 048 часа успешно раскодирован
3; 06.10.2008 16:40:38; Прогноз для станции 27199 на 072 часа успешно раскодирован
3; 06.10.2008 16:42:3; 06.10.2008 16:46:41; Прогноз для станции 27459 на 024 часа успешно раскодирован
3; 06.10.2008 16:46:42; Прогноз для станции 27459 на 048 часа успешно раскодирован
3; 06.10.2008 16:46:43; Прогноз для станции 27459 на 072 часа успешно раскодирован
3; 06.10.2008 16:46:43; Прогноз для станции 27760 на 024 часа успешно раскодирован
3; 06.10.2008 16:46:43; Прогноз для станции 27760 на 048 часа успешно раскодирован
3; 06.10.2008 16:46:43; Прогноз для станции 27760 на 072 часа успешно раскодирован
3; 06.10.2008 16:46:44; Прогноз для станции 27485 на 024 часа успешно раскодирован
3; 06.10.2008 16:46:45; Прогноз для станции 27485 на 048 часа успешно раскодирован
3; 06.10.2008 16:46:46; Прогноз для станции 27485 на 072 часа успешно раскодирован
3; 06.10.2008 16:46:46; Прогноз для станции 27581 на 024 часа успешно раскодирован
3; 06.10.2008 16:46:48; Прогноз для станции 27581 на 048 часа успешно раскодирован
3; 06.10.2008 16:46:51; Прогноз для станции 27581 на 072 часа успешно раскодирован
3; 06.10.2008 16:46:52; Прогноз для станции 27199 на 024 часа успешно раскодирован
3; 06.10.2008 16:46:53; Прогноз для станции 27199 на 048 часа успешно раскодирован
3; 06.10.2008 16:46:54; Прогноз для станции 27199 на 072 часа успешно раскодирован
3; 06.10.2008 16:46:3; 06.10.2008 16:53:18; Прогноз для станции 27459 на 024 часа успешно раскодирован
3; 06.10.2008 16:53:18; Прогноз для станции 27459 на 048 часа успешно раскодирован
3; 06.10.2008 16:53:18; Прогноз для станции 27459 на 072 часа успешно раскодирован
3; 06.10.2008 16:53:18; Прогноз для станции 27760 на 024 часа успешно раскодирован
3; 06.10.2008 16:53:18; Прогноз для станции 27760 на 048 часа успешно раскодирован
3; 06.10.2008 16:53:19; Прогноз для станции 27760 на 072 часа успешно раскодирован
3; 06.10.2008 16:53:19; Прогноз для станции 27485 на 024 часа успешно раскодирован
3; 06.10.2008 16:53:19; Прогноз для станции 27485 на 048 часа успешно раскодирован
3; 06.10.2008 16:53:21; Прогноз для станции 27485 на 072 часа успешно раскодирован
3; 06.10.2008 16:53:21; Прогноз для станции 27581 на 024 часа успешно раскодирован
3; 06.10.2008 16:53:21; Прогноз для станции 27581 на 048 часа успешно раскодирован
3; 06.10.2008 16:53:23; Прогноз для станции 27581 на 072 часа успешно раскодирован
3; 06.10.2008 16:53:23; Прогноз для станции 27199 на 024 часа успешно раскодирован
3; 06.10.2008 16:53:23; Прогноз для станции 27199 на 048 часа успешно раскодирован
3; 06.10.2008 16:53:26; Прогноз для станции 27199 на 072 часа успешно раскодирован
3; 06.10.2008 16:54:3; 06.10.2008 16:58:41; Прогноз для станции 27459 на 024 часа успешно раскодирован
3; 06.10.2008 16:58:43; Прогноз для станции 27459 на 048 часа успешно раскодирован
3; 06.10.2008 16:58:44; Прогноз для станции 27459 на 072 часа успешно раскодирован
3; 06.10.2008 16:58:45; Прогноз для станции 27760 на 024 часа успешно раскодирован
3; 06.10.2008 16:58:46; Прогноз для станции 27760 на 048 часа успешно раскодирован
3; 06.10.2008 16:58:47; Прогноз для станции 27760 на 072 часа успешно раскодирован
3; 06.10.2008 16:58:48; Прогноз для станции 27485 на 024 часа успешно раскодирован
3; 06.10.2008 16:58:49; Прогноз для станции 27485 на 048 часа успешно раскодирован
3; 06.10.2008 16:58:49; Прогноз для станции 27485 на 072 часа успешно раскодирован
3; 06.10.2008 16:58:50; Прогноз для станции 27581 на 024 часа успешно раскодирован
3; 06.10.2008 16:58:51; Прогноз для станции 27581 на 048 часа успешно раскодирован
3; 06.10.2008 16:58:52; Прогноз для станции 27581 на 072 часа успешно раскодирован
3; 06.10.2008 16:58:53; Прогноз для станции 27199 на 024 часа успешно раскодирован
3; 06.10.2008 16:58:55; Прогноз для станции 27199 на 048 часа успешно раскодирован
3; 06.10.2008 16:58:57; Прогноз для станции 27199 на 072 часа успешно раскодирован
3; 06.10.2008 16:59:3; 06.10.2008 17:04:11; Прогноз для станции 27459 на 024 часа успешно раскодирован
3; 06.10.2008 17:04:28; Прогноз для станции 27459 на 048 часа успешно раскодирован
3; 06.10.2008 17:04:30; Прогноз для станции 27459 на 072 часа успешно раскодирован
3; 06.10.2008 17:04:31; Прогноз для станции 27760 на 024 часа успешно раскодирован
3; 06.10.2008 17:04:32; Прогноз для станции 27760 на 048 часа успешно раскодирован
3; 06.10.2008 17:04:33; Прогноз для станции 27760 на 072 часа успешно раскодирован
3; 06.10.2008 17:04:35; Прогноз для станции 27485 на 024 часа успешно раскодирован
3; 06.10.2008 17:04:39; Прогноз для станции 27485 на 048 часа успешно раскодирован
3; 06.10.2008 17:04:40; Прогноз для станции 27485 на 072 часа успешно раскодирован
3; 06.10.2008 17:04:42; Прогноз для станции 27581 на 024 часа успешно раскодирован
3; 06.10.2008 17:04:43; Прогноз для станции 27581 на 048 часа успешно раскодирован
3; 06.10.2008 17:04:45; Прогноз для станции 27581 на 072 часа успешно раскодирован
3; 06.10.2008 17:04:46; Прогноз для станции 27199 на 024 часа успешно раскодирован
3; 06.10.2008 17:04:47; Прогноз для станции 27199 на 048 часа успешно раскодирован
3; 06.10.2008 17:04:49; Прогноз для станции 27199 на 072 часа успешно раскодирован
3; 06.10.2008 17:04:3; 06.10.2008 17:06:30; Прогноз для станции 27459 на 024 часа успешно раскодирован
3; 06.10.2008 17:06:36; Прогноз для станции 27459 на 048 часа успешно раскодирован
3; 06.10.2008 17:06:38; Прогноз для станции 27459 на 072 часа успешно раскодирован
3; 06.10.2008 17:06:38; Прогноз для станции 27760 на 024 часа успешно раскодирован
3; 06.10.2008 17:06:39; Прогноз для станции 27760 на 048 часа успешно раскодирован
3; 06.10.2008 17:06:40; Прогноз для станции 27760 на 072 часа успешно раскодирован
3; 06.10.2008 17:06:42; Прогноз для станции 27485 на 024 часа успешно раскодирован
3; 06.10.2008 17:06:44; Прогноз для станции 27485 на 048 часа успешно раскодирован
3; 06.10.2008 17:06:47; Прогноз для станции 27485 на 072 часа успешно раскодирован
3; 06.10.2008 17:06:48; Прогноз для станции 27581 на 024 часа успешно раскодирован
3; 06.10.2008 17:06:49; Прогноз для станции 27581 на 048 часа успешно раскодирован
3; 06.10.2008 17:06:54; Прогноз для станции 27581 на 072 часа успешно раскодирован
3; 06.10.2008 17:06:57; Прогноз для станции 27199 на 024 часа успешно раскодирован
3; 06.10.2008 17:07:02; Прогноз для станции 27199 на 048 часа успешно раскодирован
3; 06.10.2008 17:07:03; Прогноз для станции 27199 на 072 часа успешно раскодирован
3; 06.10.2008 17:07:3; 06.10.2008 17:10:32; Прогноз для станции 27459 на 024 часа успешно раскодирован
3; 06.10.2008 17:10:35; Прогноз для станции 27459 на 048 часа успешно раскодирован
3; 06.10.2008 17:10:40; Прогноз для станции 27459 на 072 часа успешно раскодирован
3; 06.10.2008 17:10:42; Прогноз для станции 27760 на 024 часа успешно раскодирован
3; 06.10.2008 17:10:43; Прогноз для станции 27760 на 048 часа успешно раскодирован
3; 06.10.2008 17:10:44; Прогноз для станции 27760 на 072 часа успешно раскодирован
3; 06.10.2008 17:10:45; Прогноз для станции 27485 на 024 часа успешно раскодирован
3; 06.10.2008 17:10:46; Прогноз для станции 27485 на 048 часа успешно раскодирован
3; 06.10.2008 17:10:47; Прогноз для станции 27485 на 072 часа успешно раскодирован
3; 06.10.2008 17:10:48; Прогноз для станции 27581 на 024 часа успешно раскодирован
3; 06.10.2008 17:10:49; Прогноз для станции 27581 на 048 часа успешно раскодирован
3; 06.10.2008 17:10:50; Прогноз для станции 27581 на 072 часа успешно раскодирован
3; 06.10.2008 17:10:50; Прогноз для станции 27199 на 024 часа успешно раскодирован
3; 06.10.2008 17:10:52; Прогноз для станции 27199 на 048 час3; 06.10.2008 17:18:46; Прогноз для станции 27459 на 024 часа успешно раскодирован
3; 06.10.2008 17:18:47; Прогноз для станции 27459 на 048 часа успешно раскодирован
3; 06.10.2008 17:18:48; Прогноз для станции 27459 на 072 часа успешно раскодирован
3; 06.10.2008 17:18:48; Прогноз для станции 27760 на 024 часа успешно раскодирован
3; 06.10.2008 17:18:49; Прогноз для станции 27760 на 048 часа успешно раскодирован
3; 06.10.2008 17:18:49; Прогноз для станции 27760 на 072 часа успешно раскодирован
3; 06.10.2008 17:18:51; Прогноз для станции 27485 на 024 часа успешно раскодирован
3; 06.10.2008 17:18:52; Прогноз для станции 27485 на 048 часа успешно раскодирован
3; 06.10.2008 17:18:52; Прогноз для станции 27485 на 072 часа успешно раскодирован
3; 06.10.2008 17:18:53; Прогноз для станции 27581 на 024 часа успешно раскодирован
3; 06.10.2008 17:18:54; Прогноз для станции 27581 на 048 часа успешно раскодирован
3; 06.10.2008 17:18:54; Прогноз для станции 27581 на 072 часа успешно раскодирован
3; 06.10.2008 17:18:55; Прогноз для станции 27199 на 024 часа успешно раскодирован
3; 06.10.2008 17:18:55; Прогноз для станции 27199 на 048 часа успешно раскодирован
3; 06.10.2008 17:18:56; Прогноз для станции 27199 на 072 часа успешно раскодирован
3; 06.10.2008 17:18:56; Прогноз для станции 28411 на 024 часа успешно раскодирован
3; 06.10.2008 17:18:56; Прогноз для станции 28411 на 048 часа ус3; 06.10.2008 17:24:14; Прогноз для станции 27459 на 024 часа успешно раскодирован
3; 06.10.2008 17:24:14; Прогноз для станции 27459 на 048 часа успешно раскодирован
3; 06.10.2008 17:24:14; Прогноз для станции 27459 на 072 часа успешно раскодирован
3; 06.10.2008 17:24:14; Прогноз для станции 27760 на 024 часа успешно раскодирован
3; 06.10.2008 17:24:14; Прогноз для станции 27760 на 048 часа успешно раскодирован
3; 06.10.2008 17:24:14; Прогноз для станции 27760 на 072 часа успешно раскодирован
3; 06.10.2008 17:24:14; Прогноз для станции 27485 на 024 часа успешно раскодирован
3; 06.10.2008 17:24:14; Прогноз для станции 27485 на 048 часа успешно раскодирован
3; 06.10.2008 17:24:14; Прогноз для станции 27485 на 072 часа успешно раскодирован
3; 06.10.2008 17:24:14; Прогноз для станции 27581 на 024 часа успешно раскодирован
3; 06.10.2008 17:24:14; Прогноз для станции 27581 на 048 часа успешно раскодирован
3; 06.10.2008 17:24:14; Прогноз для станции 27581 на 072 часа успешно раскодирован
3; 06.10.2008 17:24:14; Прогноз для станции 27199 на 024 часа успешно раскодирован
3; 06.10.2008 17:24:14; Прогноз для станции 27199 на 048 часа успешно раскодирован
3; 06.10.2008 17:24:14; Прогноз для станции 27199 на 072 часа успешно раскодирован
3; 06.10.2008 17:24:14; Прогноз для станции 28411 на 024 часа успешно раскодирован
3; 06.10.2008 17:24:14; Прогноз для станции 28411 на 048 часа успешно раскодирован
3; 06.10.2008 17:24:14; Прогноз для станции 28411 на 072 часа успешно раскодирован
3; 06.10.2008 17:25:13; Прогноз для станции 27459 на 024 часа успешно раскодирован
3; 06.10.2008 17:25:13; Прогноз для станции 27459 на 048 часа успешно раскодирован
3; 06.10.2008 17:25:13; Прогноз для станции 27459 на 072 часа успешно раскодирован
3; 06.10.2008 17:25:13; Прогноз для станции 27760 на 024 часа успешно раскодирован
3; 06.10.2008 17:25:13; Прогноз для станции 27760 на 048 часа успешно раскодирован
3; 06.10.2008 17:25:13; Прогноз для станции 27760 на 072 часа успешно раскодирован
3; 06.10.2008 17:25:13; Прогноз для станции 27485 на 024 часа успешно раскодирован
3; 06.10.2008 17:25:13; Прогноз для станции 27485 на 048 часа успешно раскодирован
3; 06.10.2008 17:25:13; Прогноз для станции 27485 на 072 часа успешно раскодирован
3; 06.10.2008 17:25:13; Прогноз для станции 27581 на 024 часа успешно раскодирован
3; 06.10.2008 17:25:13; Прогноз для станции 27581 на 048 часа успешно раскодирован
3; 06.10.2008 17:25:13; Прогноз для станции 27581 на 072 часа успешно раскодирован
3; 06.10.2008 17:25:13; Прогноз для станции 27199 на 024 часа успешно раскодирован
3; 06.10.2008 17:25:13; Прогноз для станции 27199 на 048 часа успешно раскодирован
3; 06.10.2008 17:25:13; Прогноз для станции 27199 на 072 часа успешно раскодирован
3; 06.10.2008 17:25:13; Прогноз для станции 28411 на 024 часа успешно раскодирован
3; 06.10.2008 17:25:13; Прогноз для станции 28411 на 048 часа успешно раскодирован
3; 06.10.2008 17:25:13; Прогноз для станции 28411 на 072 часа успешно раскодирован
9; 06.10.2008 17:25:15; Прогноз для станции 27459 на 10.7.2008 записан на сайт ВВ УГМС
9; 06.10.2008 17:25:15; Прогноз для станции 27459 на 10.8.2008 записан на сайт ВВ УГМС
9; 06.10.2008 17:25:15; Прогноз для станции 27459 на 10.9.2008 записан на сайт ВВ УГМС
9; 06.10.2008 17:25:15; Прогноз для станции 27760 на 10.7.2008 записан на сайт ВВ УГМС
9; 06.10.2008 17:25:15; Прогноз для станции 27760 на 10.8.2008 записан на сайт ВВ УГМС
9; 06.10.2008 17:25:16; Прогноз для станции 27760 на 10.9.2008 записан на сайт ВВ УГМС
9; 06.10.2008 17:25:16; Прогноз для станции 27485 на 10.7.2008 записан на сайт ВВ УГМС
9; 06.10.2008 17:25:16; Прогноз для станции 27485 на 10.8.2008 записан на сайт ВВ УГМС
9; 06.10.2008 17:25:16; Прогноз для станции 27485 на 10.9.2008 записан на сайт ВВ УГМС
9; 06.10.2008 17:25:17; Прогноз для станции 27581 на 10.7.2008 записан на сайт ВВ УГМС
9; 06.10.2008 17:25:17; Прогноз для станции 27581 на 10.8.2008 записан на сайт ВВ УГМС
9; 06.10.2008 17:25:17; Прогноз для станции 27581 на 10.9.2008 записан на сайт ВВ УГМС
9; 06.10.2008 17:25:17; Прогноз для станции 27199 на 10.7.2008 записан на сайт ВВ УГМС
9; 06.10.2008 17:25:18; Прогноз для станции 27199 на 10.8.2008 записан на сайт ВВ УГМС
9; 06.10.2008 17:25:18; Прогноз для станции 27199 на 10.9.2008 записан на сайт ВВ УГМС
0; 06.10.2008 17:25:18; Прогноз для станции 28411 на 10.7.2008 не записан на сайт ВВ УГМС. <br />
<b>Warning</b>:  pg_exec() query failed:  ERROR:  parser: parse error at or near "," at character 220
 in <b>/var/www/html/db_pgsql.inc</b> on line <b>52</b><br />
</td></tr></table><b>Database error:</b> Invalid SQL: insert into frc3 (index,date,tn,td,cln,cltextn,prn,prtextn,cld,cltextd,prd,prtextd,wdn,wsn,wdd,wsd,textn,textd) values (28411,'10.7.2008',7,17,2,'Облачно с прояснениями',0,'Без осадков',1,'Малооблачно',0,'Без осадков',-,'1-6',-,'1-6','','')<br>
<b>PostgreSQL Error</b>: 1 (ERROR:  parser: parse error at or near "," at character 220
)<br>
Session halted.
9; 06.10.2008 17:25:18; Прогноз для станции 28411 на 10.8.2008 записан на сайт ВВ УГМС
9; 06.10.2008 17:25:18; Прогноз для станции 28411 на 10.9.2008 записан на сайт ВВ УГМС
3; 06.10.2008 17:42:50; Прогноз для станции 27459 на 024 часа успешно раскодирован
3; 06.10.2008 17:42:50; Прогноз для станции 27459 на 048 часа успешно раскодирован
3; 06.10.2008 17:42:50; Прогноз для станции 27459 на 072 часа успешно раскодирован
3; 06.10.2008 17:42:50; Прогноз для станции 27760 на 024 часа успешно раскодирован
3; 06.10.2008 17:42:50; Прогноз для станции 27760 на 048 часа успешно раскодирован
3; 06.10.2008 17:42:50; Прогноз для станции 27760 на 072 часа успешно раскодирован
3; 06.10.2008 17:42:50; Прогноз для станции 27485 на 024 часа успешно раскодирован
3; 06.10.2008 17:42:50; Прогноз для станции 27485 на 048 часа успешно раскодирован
3; 06.10.2008 17:42:50; Прогноз для станции 27485 на 072 часа успешно раскодирован
3; 06.10.2008 17:42:50; Прогноз для станции 27581 на 024 часа успешно раскодирован
3; 06.10.2008 17:42:50; Прогноз для станции 27581 на 048 часа успешно раскодирован
3; 06.10.2008 17:42:50; Прогноз для станции 27581 на 072 часа успешно раскодирован
3; 06.10.2008 17:42:50; Прогноз для станции 27199 на 024 часа успешно раскодирован
3; 06.10.2008 17:42:50; Прогноз для станции 27199 на 048 часа успешно раскодирован
3; 06.10.2008 17:42:50; Прогноз для станции 27199 на 072 часа успешно раскодирован
0; 06.10.2008 17:42:50; Прогноз для станции 28411 на 024 часа не раскодирован. Неправильный формат КП-68. Неверный формат кода для значения направления ветра днём. 
3; 06.10.2008 17:42:50; Прогноз для станции 28411 на 048 часа успешно раскодирован
3; 06.10.2008 17:42:50; Прогноз для станции 28411 на 072 часа успешно раскодирован
