3; 20.11.2006 11:53:37; Прогноз для станции 27459 успешно раскодирован
3; 20.11.2006 11:53:37; Прогноз для станции 27459 успешно раскодирован
3; 20.11.2006 11:53:37; Прогноз для станции 27459 успешно раскодирован
3; 20.11.2006 11:53:37; Прогноз для станции 27760 успешно раскодирован
3; 20.11.2006 11:53:37; Прогноз для станции 27760 успешно раскодирован
3; 20.11.2006 11:53:37; Прогноз для станции 27760 успешно раскодирован
3; 20.11.2006 11:53:37; Прогноз для станции 27485 успешно раскодирован
3; 20.11.2006 11:53:37; Прогноз для станции 27485 успешно раскодирован
3; 20.11.2006 11:53:37; Прогноз для станции 27485 успешно раскодирован
3; 20.11.2006 11:53:37; Прогноз для станции 27581 успешно раскодирован
3; 20.11.2006 11:53:37; Прогноз для станции 27581 успешно раскодирован
3; 20.11.2006 11:53:37; Прогноз для станции 27581 успешно раскодирован
3; 20.11.2006 11:53:37; Прогноз для станции 27199 успешно раскодирован
3; 20.11.2006 11:53:37; Прогноз для станции 27199 успешно раскодирован
3; 20.11.2006 11:53:37; Прогноз для станции 27199 успешно раскодирован
3; 20.11.2006 11:53:37; Прогноз для станции 28411 успешно раскодирован
3; 20.11.2006 11:53:37; Прогноз для станции 28411 успешно раскодирован
3; 20.11.2006 11:53:37; Прогноз для станции 28411 успешн3; 20.11.2006 12:38:05; Прогноз для станции 27459 успешно раскодирован
3; 20.11.2006 12:38:05; Прогноз для станции 27459 успешно раскодирован
3; 20.11.2006 12:38:05; Прогноз для станции 27459 успешно раскодирован
3; 20.11.2006 12:38:05; Прогноз для станции 27760 успешно раскодирован
3; 20.11.2006 12:38:05; Прогноз для станции 27760 успешно раскодирован
3; 20.11.2006 12:38:05; Прогноз для станции 27760 успешно раскодирован
3; 20.11.2006 12:38:05; Прогноз для станции 27485 успешно раскодирован
3; 20.11.2006 12:38:05; Прогноз для станции 27485 успешно раскодирован
3; 20.11.2006 12:38:05; Прогноз для станции 27485 успешно раскодирован
3; 20.11.2006 12:38:05; Прогноз для станции 27581 успешно раскодирован
3; 20.11.2006 12:38:05; Прогноз для станции 27581 успешно раскодирован
3; 20.11.2006 12:38:05; Прогноз для станции 27581 успешно раскодирован
3; 20.11.2006 12:38:05; Прогноз для станции 27199 успешно раскодирован
3; 20.11.2006 12:38:05; Прогноз для станции 27199 успешно раскодирован
3; 20.11.2006 12:38:05; Прогноз для станции 27199 успешно раскодирован
3; 20.11.2006 12:38:05; Прогноз для станции 28411 успешно раскодирован
3; 20.11.2006 12:38:05; Прогноз для станции 28411 успешно раскодирован
3; 20.11.2006 12:38:05; Прогноз для станции 28411 успешн3; 20.11.2006 12:38:56; Прогноз для станции 27459 успешно раскодирован
3; 20.11.2006 12:38:56; Прогноз для станции 27459 успешно раскодирован
3; 20.11.2006 12:38:56; Прогноз для станции 27459 успешно раскодирован
3; 20.11.2006 12:38:56; Прогноз для станции 27760 успешно раскодирован
3; 20.11.2006 12:38:56; Прогноз для станции 27760 успешно раскодирован
3; 20.11.2006 12:38:56; Прогноз для станции 27760 успешно раскодирован
3; 20.11.2006 12:38:56; Прогноз для станции 27485 успешно раскодирован
3; 20.11.2006 12:38:56; Прогноз для станции 27485 успешно раскодирован
3; 20.11.2006 12:38:56; Прогноз для станции 27485 успешно раскодирован
3; 20.11.2006 12:38:56; Прогноз для станции 27581 успешно раскодирован
3; 20.11.2006 12:38:56; Прогноз для станции 27581 успешно раскодирован
3; 20.11.2006 12:38:56; Прогноз для станции 27581 успешно раскодирован
3; 20.11.2006 12:38:56; Прогноз для станции 27199 успешно раскодирован
3; 20.11.2006 12:38:56; Прогноз для станции 27199 успешно раскодирован
3; 20.11.2006 12:38:56; Прогноз для станции 27199 успешно раскодирован
3; 20.11.2006 12:38:56; Прогноз для станции 28411 успешно раскодирован
3; 20.11.2006 12:38:56; Прогноз для станции 28411 успешно раскодирован
3; 20.11.2006 12:38:56; Прогноз для станции 28411 успешн3; 20.11.2006 12:46:41; Прогноз для станции 27459 024 успешно раскодирован
3; 20.11.2006 12:46:41; Прогноз для станции 27459 048 успешно раскодирован
3; 20.11.2006 12:46:41; Прогноз для станции 27459 072 успешно раскодирован
3; 20.11.2006 12:46:41; Прогноз для станции 27760 024 успешно раскодирован
3; 20.11.2006 12:46:41; Прогноз для станции 27760 048 успешно раскодирован
3; 20.11.2006 12:46:41; Прогноз для станции 27760 072 успешно раскодирован
3; 20.11.2006 12:46:41; Прогноз для станции 27485 024 успешно раскодирован
3; 20.11.2006 12:46:41; Прогноз для станции 27485 048 успешно раскодирован
3; 20.11.2006 12:46:41; Прогноз для станции 27485 072 успешно раскодирован
3; 20.11.2006 12:46:41; Прогноз для станции 27581 024 успешно раскодирован
3; 20.11.2006 12:46:41; Прогноз для станции 27581 048 успешно раскодирован
3; 20.11.2006 12:46:41; Прогноз для станции 27581 072 успешно раскодирован
3; 20.11.2006 12:46:41; Прогноз для станции 27199 024 успешно раскодирован
3; 20.11.2006 12:46:41; Прогноз для станции 27199 048 успешно раскодирован
3; 20.11.2006 12:46:41; Прогноз для станции 27199 072 успешно раскодирован
3; 20.11.2006 12:46:41; Прогноз для станции 28411 024 успешно раскодирован
3; 20.11.2006 12:46:41; Прогноз для станции 28411 048 успешно ра3; 20.11.2006 12:48:57; Прогноз для станции 27459 на 024часа успешно раскодирован
3; 20.11.2006 12:48:57; Прогноз для станции 27459 на 048часа успешно раскодирован
3; 20.11.2006 12:48:57; Прогноз для станции 27459 на 072часа успешно раскодирован
3; 20.11.2006 12:48:57; Прогноз для станции 27760 на 024часа успешно раскодирован
3; 20.11.2006 12:48:57; Прогноз для станции 27760 на 048часа успешно раскодирован
3; 20.11.2006 12:48:57; Прогноз для станции 27760 на 072часа успешно раскодирован
3; 20.11.2006 12:48:57; Прогноз для станции 27485 на 024часа успешно раскодирован
3; 20.11.2006 12:48:57; Прогноз для станции 27485 на 048часа успешно раскодирован
3; 20.11.2006 12:48:57; Прогноз для станции 27485 на 072часа успешно раскодирован
3; 20.11.2006 12:48:57; Прогноз для станции 27581 на 024часа успешно раскодирован
3; 20.11.2006 12:48:57; Прогноз для станции 27581 на 048часа успешно раскодирован
3; 20.11.2006 12:48:57; Прогноз для станции 27581 на 072часа успешно раскодирован
3; 20.11.2006 12:48:57; Прогноз для станции 27199 на 024часа успешно раскодирован
3; 20.11.2006 12:48:57; Прогноз для станции 27199 на 048часа успешно раскодирован
3; 20.11.2006 12:48:57; Прогноз для станции 27199 на 072часа успешно раскодирован
3; 20.11.2006 12:48:57; Прогноз для станции 28411 на 024часа успешно раскодирован
3; 20.11.2006 12:48:57; Прогноз для станции 28411 на 048часа успешно раскодирова3; 20.11.2006 12:49:16; Прогноз для станции 27459 на 024 часа успешно раскодирован
3; 20.11.2006 12:49:16; Прогноз для станции 27459 на 048 часа успешно раскодирован
3; 20.11.2006 12:49:16; Прогноз для станции 27459 на 072 часа успешно раскодирован
3; 20.11.2006 12:49:16; Прогноз для станции 27760 на 024 часа успешно раскодирован
3; 20.11.2006 12:49:16; Прогноз для станции 27760 на 048 часа успешно раскодирован
3; 20.11.2006 12:49:16; Прогноз для станции 27760 на 072 часа успешно раскодирован
3; 20.11.2006 12:49:16; Прогноз для станции 27485 на 024 часа успешно раскодирован
3; 20.11.2006 12:49:16; Прогноз для станции 27485 на 048 часа успешно раскодирован
3; 20.11.2006 12:49:16; Прогноз для станции 27485 на 072 часа успешно раскодирован
3; 20.11.2006 12:49:16; Прогноз для станции 27581 на 024 часа успешно раскодирован
3; 20.11.2006 12:49:16; Прогноз для станции 27581 на 048 часа успешно раскодирован
3; 20.11.2006 12:49:16; Прогноз для станции 27581 на 072 часа успешно раскодирован
3; 20.11.2006 12:49:16; Прогноз для станции 27199 на 024 часа успешно раскодирован
3; 20.11.2006 12:49:16; Прогноз для станции 27199 на 048 часа успешно раскодирован
3; 20.11.2006 12:49:16; Прогноз для станции 27199 на 072 часа успешно раскодирован
3; 20.11.2006 12:49:16; Прогноз для станции 28411 на 024 часа успешно раскодирован
3; 20.11.2006 12:49:16; Прогноз для станции 28411 на 048 часа ус3; 20.11.2006 12:52:57; Прогноз для станции 27459 на 024 часа успешно раскодирован
3; 20.11.2006 12:52:57; Прогноз для станции 27459 на 048 часа успешно раскодирован
3; 20.11.2006 12:52:57; Прогноз для станции 27459 на 072 часа успешно раскодирован
3; 20.11.2006 12:52:57; Прогноз для станции 27760 на 024 часа успешно раскодирован
3; 20.11.2006 12:52:57; Прогноз для станции 27760 на 048 часа успешно раскодирован
3; 20.11.2006 12:52:57; Прогноз для станции 27760 на 072 часа успешно раскодирован
3; 20.11.2006 12:52:57; Прогноз для станции 27485 на 024 часа успешно раскодирован
3; 20.11.2006 12:52:57; Прогноз для станции 27485 на 048 часа успешно раскодирован
3; 20.11.2006 12:52:57; Прогноз для станции 27485 на 072 часа успешно раскодирован
3; 20.11.2006 12:52:57; Прогноз для станции 27581 на 024 часа успешно раскодирован
3; 20.11.2006 12:52:57; Прогноз для станции 27581 на 048 часа успешно раскодирован
3; 20.11.2006 12:52:57; Прогноз для станции 27581 на 072 часа успешно раскодирован
3; 20.11.2006 12:52:57; Прогноз для станции 27199 на 024 часа успешно раскодирован
3; 20.11.2006 12:52:57; Прогноз для станции 27199 на 048 часа успешно раскодирован
3; 20.11.2006 12:52:57; Прогноз для станции 27199 на 072 часа успешно раскодирован
3; 20.11.2006 12:52:57; Прогноз для станции 28411 на 024 часа успешно раскодирован
3; 20.11.2006 12:52:57; Прогноз для станции 28411 на 048 часа ус3; 20.11.2006 12:53:33; Прогноз для станции 27459 на 024 часа успешно раскодирован
3; 20.11.2006 12:53:33; Прогноз для станции 27459 на 048 часа успешно раскодирован
3; 20.11.2006 12:53:33; Прогноз для станции 27459 на 072 часа успешно раскодирован
3; 20.11.2006 12:53:33; Прогноз для станции 27760 на 024 часа успешно раскодирован
3; 20.11.2006 12:53:33; Прогноз для станции 27760 на 048 часа успешно раскодирован
3; 20.11.2006 12:53:33; Прогноз для станции 27760 на 072 часа успешно раскодирован
3; 20.11.2006 12:53:33; Прогноз для станции 27485 на 024 часа успешно раскодирован
3; 20.11.2006 12:53:33; Прогноз для станции 27485 на 048 часа успешно раскодирован
3; 20.11.2006 12:53:33; Прогноз для станции 27485 на 072 часа успешно раскодирован
3; 20.11.2006 12:53:33; Прогноз для станции 27581 на 024 часа успешно раскодирован
3; 20.11.2006 12:53:33; Прогноз для станции 27581 на 048 часа успешно раскодирован
3; 20.11.2006 12:53:33; Прогноз для станции 27581 на 072 часа успешно раскодирован
3; 20.11.2006 12:53:33; Прогноз для станции 27199 на 024 часа успешно раскодирован
3; 20.11.2006 12:53:33; Прогноз для станции 27199 на 048 часа успешно раскодирован
3; 20.11.2006 12:53:33; Прогноз для станции 27199 на 072 часа успешно раскодирован
3; 20.11.2006 12:53:33; Прогноз для станции 28411 на 024 часа успешно раскодирован
3; 20.11.2006 12:53:33; Прогноз для станции 28411 на 048 часа ус3; 20.11.2006 12:53:51; Прогноз для станции 27459 на 024 часа успешно раскодирован
3; 20.11.2006 12:53:51; Прогноз для станции 27459 на 048 часа успешно раскодирован
3; 20.11.2006 12:53:51; Прогноз для станции 27459 на 072 часа успешно раскодирован
3; 20.11.2006 12:53:51; Прогноз для станции 27760 на 024 часа успешно раскодирован
3; 20.11.2006 12:53:51; Прогноз для станции 27760 на 048 часа успешно раскодирован
3; 20.11.2006 12:53:51; Прогноз для станции 27760 на 072 часа успешно раскодирован
3; 20.11.2006 12:53:51; Прогноз для станции 27485 на 024 часа успешно раскодирован
3; 20.11.2006 12:53:51; Прогноз для станции 27485 на 048 часа успешно раскодирован
3; 20.11.2006 12:53:51; Прогноз для станции 27485 на 072 часа успешно раскодирован
3; 20.11.2006 12:53:51; Прогноз для станции 27581 на 024 часа успешно раскодирован
3; 20.11.2006 12:53:51; Прогноз для станции 27581 на 048 часа успешно раскодирован
3; 20.11.2006 12:53:51; Прогноз для станции 27581 на 072 часа успешно раскодирован
3; 20.11.2006 12:53:51; Прогноз для станции 27199 на 024 часа успешно раскодирован
3; 20.11.2006 12:53:51; Прогноз для станции 27199 на 048 часа успешно раскодирован
3; 20.11.2006 12:53:51; Прогноз для станции 27199 на 072 часа успешно раскодирован
3; 20.11.2006 12:53:51; Прогноз для станции 28411 на 024 часа успешно раскодирован
3; 20.11.2006 12:53:51; Прогноз для станции 28411 на 048 часа ус3; 20.11.2006 13:09:16; Прогноз для станции 27459 на 024 часа успешно раскодирован
3; 20.11.2006 13:09:16; Прогноз для станции 27459 на 048 часа успешно раскодирован
3; 20.11.2006 13:09:16; Прогноз для станции 27459 на 072 часа успешно раскодирован
3; 20.11.2006 13:09:16; Прогноз для станции 27760 на 024 часа успешно раскодирован
3; 20.11.2006 13:09:16; Прогноз для станции 27760 на 048 часа успешно раскодирован
3; 20.11.2006 13:09:16; Прогноз для станции 27760 на 072 часа успешно раскодирован
3; 20.11.2006 13:09:16; Прогноз для станции 27485 на 024 часа успешно раскодирован
3; 20.11.2006 13:09:16; Прогноз для станции 27485 на 048 часа успешно раскодирован
3; 20.11.2006 13:09:16; Прогноз для станции 27485 на 072 часа успешно раскодирован
3; 20.11.2006 13:09:16; Прогноз для станции 27581 на 024 часа успешно раскодирован
3; 20.11.2006 13:09:16; Прогноз для станции 27581 на 048 часа успешно раскодирован
3; 20.11.2006 13:09:16; Прогноз для станции 27581 на 072 часа успешно раскодирован
3; 20.11.2006 13:09:16; Прогноз для станции 27199 на 024 часа успешно раскодирован
3; 20.11.2006 13:09:16; Прогноз для станции 27199 на 048 часа успешно раскодирован
3; 20.11.2006 13:09:16; Прогноз для станции 27199 на 072 часа успешно раскодирован
3; 20.11.2006 13:09:16; Прогноз для станции 28411 на 024 часа успешно раскодирован
3; 20.11.2006 13:09:16; Прогноз для станции 28411 на 048 часа ус3; 20.11.2006 13:12:17; Прогноз для станции 27459 на 024 часа успешно раскодирован
3; 20.11.2006 13:12:17; Прогноз для станции 27459 на 048 часа успешно раскодирован
3; 20.11.2006 13:12:17; Прогноз для станции 27459 на 072 часа успешно раскодирован
3; 20.11.2006 13:12:17; Прогноз для станции 27760 на 024 часа успешно раскодирован
3; 20.11.2006 13:12:17; Прогноз для станции 27760 на 048 часа успешно раскодирован
3; 20.11.2006 13:12:17; Прогноз для станции 27760 на 072 часа успешно раскодирован
3; 20.11.2006 13:12:17; Прогноз для станции 27485 на 024 часа успешно раскодирован
3; 20.11.2006 13:12:17; Прогноз для станции 27485 на 048 часа успешно раскодирован
3; 20.11.2006 13:12:17; Прогноз для станции 27485 на 072 часа успешно раскодирован
3; 20.11.2006 13:12:17; Прогноз для станции 27581 на 024 часа успешно раскодирован
3; 20.11.2006 13:12:17; Прогноз для станции 27581 на 048 часа успешно раскодирован
3; 20.11.2006 13:12:17; Прогноз для станции 27581 на 072 часа успешно раскодирован
3; 20.11.2006 13:12:17; Прогноз для станции 27199 на 024 часа успешно раскодирован
3; 20.11.2006 13:12:17; Прогноз для станции 27199 на 048 часа успешно раскодирован
3; 20.11.2006 13:12:17; Прогноз для станции 27199 на 072 часа успешно раскодирован
3; 20.11.2006 13:12:17; Прогноз для станции 28411 на 024 часа успешно раскодирован
3; 20.11.2006 13:12:17; Прогноз для станции 28411 на 048 часа ус3; 20.11.2006 13:29:19; Прогноз для станции 27459 на 024 часа успешно раскодирован
3; 20.11.2006 13:29:19; Прогноз для станции 27459 на 048 часа успешно раскодирован
3; 20.11.2006 13:29:19; Прогноз для станции 27459 на 072 часа успешно раскодирован
3; 20.11.2006 13:29:19; Прогноз для станции 27760 на 024 часа успешно раскодирован
3; 20.11.2006 13:29:19; Прогноз для станции 27760 на 048 часа успешно раскодирован
3; 20.11.2006 13:29:19; Прогноз для станции 27760 на 072 часа успешно раскодирован
3; 20.11.2006 13:29:19; Прогноз для станции 27485 на 024 часа успешно раскодирован
3; 20.11.2006 13:29:19; Прогноз для станции 27485 на 048 часа успешно раскодирован
3; 20.11.2006 13:29:19; Прогноз для станции 27485 на 072 часа успешно раскодирован
3; 20.11.2006 13:29:19; Прогноз для станции 27581 на 024 часа успешно раскодирован
3; 20.11.2006 13:29:19; Прогноз для станции 27581 на 048 часа успешно раскодирован
3; 20.11.2006 13:29:19; Прогноз для станции 27581 на 072 часа успешно раскодирован
3; 20.11.2006 13:29:19; Прогноз для станции 27199 на 024 часа успешно раскодирован
3; 20.11.2006 13:29:19; Прогноз для станции 27199 на 048 часа успешно раскодирован
3; 20.11.2006 13:29:19; Прогноз для станции 27199 на 072 часа успешно раскодирован
3; 20.11.2006 13:29:19; Прогноз для станции 28411 на 024 часа успешно раскодирован
3; 20.11.2006 13:29:19; Прогноз для станции 28411 на 048 часа ус3; 20.11.2006 13:32:41; Прогноз для станции 27459 на 024 часа успешно раскодирован
3; 20.11.2006 13:32:41; Прогноз для станции 27459 на 048 часа успешно раскодирован
3; 20.11.2006 13:32:41; Прогноз для станции 27459 на 072 часа успешно раскодирован
3; 20.11.2006 13:32:41; Прогноз для станции 27760 на 024 часа успешно раскодирован
3; 20.11.2006 13:32:41; Прогноз для станции 27760 на 048 часа успешно раскодирован
3; 20.11.2006 13:32:41; Прогноз для станции 27760 на 072 часа успешно раскодирован
3; 20.11.2006 13:32:41; Прогноз для станции 27485 на 024 часа успешно раскодирован
3; 20.11.2006 13:32:41; Прогноз для станции 27485 на 048 часа успешно раскодирован
3; 20.11.2006 13:32:41; Прогноз для станции 27485 на 072 часа успешно раскодирован
3; 20.11.2006 13:32:41; Прогноз для станции 27581 на 024 часа успешно раскодирован
3; 20.11.2006 13:32:41; Прогноз для станции 27581 на 048 часа успешно раскодирован
3; 20.11.2006 13:32:41; Прогноз для станции 27581 на 072 часа успешно раскодирован
3; 20.11.2006 13:32:41; Прогноз для станции 27199 на 024 часа успешно раскодирован
3; 20.11.2006 13:32:41; Прогноз для станции 27199 на 048 часа успешно раскодирован
3; 20.11.2006 13:32:41; Прогноз для станции 27199 на 072 часа успешно раскодирован
3; 20.11.2006 13:32:41; Прогноз для станции 28411 на 024 часа успешно раскодирован
3; 20.11.2006 13:32:41; Прогноз для станции 28411 на 048 часа ус3; 20.11.2006 13:36:42; Прогноз для станции 27459 на 024 часа успешно раскодирован
3; 20.11.2006 13:36:42; Прогноз для станции 27459 на 048 часа успешно раскодирован
3; 20.11.2006 13:36:42; Прогноз для станции 27459 на 072 часа успешно раскодирован
3; 20.11.2006 13:36:42; Прогноз для станции 27760 на 024 часа успешно раскодирован
3; 20.11.2006 13:36:42; Прогноз для станции 27760 на 048 часа успешно раскодирован
3; 20.11.2006 13:36:42; Прогноз для станции 27760 на 072 часа успешно раскодирован
3; 20.11.2006 13:36:42; Прогноз для станции 27485 на 024 часа успешно раскодирован
3; 20.11.2006 13:36:42; Прогноз для станции 27485 на 048 часа успешно раскодирован
3; 20.11.2006 13:36:42; Прогноз для станции 27485 на 072 часа успешно раскодирован
3; 20.11.2006 13:36:42; Прогноз для станции 27581 на 024 часа успешно раскодирован
3; 20.11.2006 13:36:42; Прогноз для станции 27581 на 048 часа успешно раскодирован
3; 20.11.2006 13:36:42; Прогноз для станции 27581 на 072 часа успешно раскодирован
3; 20.11.2006 13:36:42; Прогноз для станции 27199 на 024 часа успешно раскодирован
3; 20.11.2006 13:36:42; Прогноз для станции 27199 на 048 часа успешно раскодирован
3; 20.11.2006 13:36:42; Прогноз для станции 27199 на 072 часа успешно раскодирован
3; 20.11.2006 13:36:42; Прогноз для станции 28411 на 024 часа успешно раскодирован
3; 20.11.2006 13:36:42; Прогноз для станции 28411 на 048 часа ус3; 20.11.2006 13:46:09; Прогноз для станции 27459 на 024 часа успешно раскодирован
3; 20.11.2006 13:46:09; Прогноз для станции 27459 на 048 часа успешно раскодирован
3; 20.11.2006 13:46:09; Прогноз для станции 27459 на 072 часа успешно раскодирован
3; 20.11.2006 13:46:09; Прогноз для станции 27760 на 024 часа успешно раскодирован
3; 20.11.2006 13:46:09; Прогноз для станции 27760 на 048 часа успешно раскодирован
3; 20.11.2006 13:46:09; Прогноз для станции 27760 на 072 часа успешно раскодирован
3; 20.11.2006 13:46:09; Прогноз для станции 27485 на 024 часа успешно раскодирован
3; 20.11.2006 13:46:09; Прогноз для станции 27485 на 048 часа успешно раскодирован
3; 20.11.2006 13:46:09; Прогноз для станции 27485 на 072 часа успешно раскодирован
3; 20.11.2006 13:46:09; Прогноз для станции 27581 на 024 часа успешно раскодирован
3; 20.11.2006 13:46:09; Прогноз для станции 27581 на 048 часа успешно раскодирован
3; 20.11.2006 13:46:09; Прогноз для станции 27581 на 072 часа успешно раскодирован
3; 20.11.2006 13:46:09; Прогноз для станции 27199 на 024 часа успешно раскодирован
3; 20.11.2006 13:46:09; Прогноз для станции 27199 на 048 часа успешно раскодирован
3; 20.11.2006 13:46:09; Прогноз для станции 27199 на 072 часа успешно раскодирован
3; 20.11.2006 13:46:09; Прогноз для станции 28411 на 024 часа успешно раскодирован
3; 20.11.2006 13:46:09; Прогноз для станции 28411 на 048 часа ус3; 20.11.2006 13:51:40; Прогноз для станции 27459 на 024 часа успешно раскодирован
3; 20.11.2006 13:51:40; Прогноз для станции 27459 на 048 часа успешно раскодирован
3; 20.11.2006 13:51:40; Прогноз для станции 27459 на 072 часа успешно раскодирован
3; 20.11.2006 13:51:40; Прогноз для станции 27760 на 024 часа успешно раскодирован
3; 20.11.2006 13:51:40; Прогноз для станции 27760 на 048 часа успешно раскодирован
3; 20.11.2006 13:51:40; Прогноз для станции 27760 на 072 часа успешно раскодирован
3; 20.11.2006 13:51:40; Прогноз для станции 27485 на 024 часа успешно раскодирован
3; 20.11.2006 13:51:40; Прогноз для станции 27485 на 048 часа успешно раскодирован
3; 20.11.2006 13:51:40; Прогноз для станции 27485 на 072 часа успешно раскодирован
3; 20.11.2006 13:51:40; Прогноз для станции 27581 на 024 часа успешно раскодирован
3; 20.11.2006 13:51:40; Прогноз для станции 27581 на 048 часа успешно раскодирован
3; 20.11.2006 13:51:40; Прогноз для станции 27581 на 072 часа успешно раскодирован
3; 20.11.2006 13:51:40; Прогноз для станции 27199 на 024 часа успешно раскодирован
3; 20.11.2006 13:51:40; Прогноз для станции 27199 на 048 часа успешно раскодирован
3; 20.11.2006 13:51:40; Прогноз для станции 27199 на 072 часа успешно раскодирован
3; 20.11.2006 13:51:40; Прогноз для станции 28411 на 024 часа успешно раскодирован
3; 20.11.2006 13:51:40; Прогноз для станции 28411 на 048 часа ус0; 20.11.2006 14:05:37; Неправильный формат КП-68. Неверный формат кода для значения ветра ночью. 
0; 20.11.2006 14:05:37; Неправильный формат КП-68. Неверный формат кода для значения ветра ночью. 
0; 20.11.2006 14:05:37; Неправильный формат КП-68. Неверный формат кода для значения ветра ночью. 
0; 20.11.2006 14:05:37; Неправильный формат КП-68. Неверный формат кода для значения ветра ночью. 
0; 20.11.2006 14:05:37; Неправильный формат КП-68. Неверный формат кода для значения ветра ночью. 
0; 20.11.2006 14:05:37; Неправильный формат КП-68. Неверный формат кода для значения ветра ночью. 
0; 20.11.2006 14:05:37; Неправильный формат КП-68. Неверный формат кода для значения ветра ночью. 
0; 20.11.2006 14:05:37; Неправильный формат КП-68. Неверный формат кода для значения ветра ночью. 
0; 20.11.2006 14:05:37; Неправильный формат КП-68. Неверный формат кода для значения ветра ночью. 
0; 20.11.2006 14:05:37; Неправильный формат КП-68. Неверный формат кода для значения ветра ночью. 
0; 20.11.2006 14:05:37; Неправильный формат КП-68. Неверный формат кода для значения ветра ночью. 
0; 20.11.2006 14:05:37; Неправильный формат КП-68. Неверный формат кода для значения ветра ночью. 
0; 20.11.2006 14:05:37; Неправильный формат КП-68. Неверный формат кода для значения ветра ночью. 
0; 20.11.2006 14:05:37; Неправильный формат КП-68. Неверный формат кода для значения ветра ночью. 
0; 20.11.2006 14:05:37; Неправильный формат КП-68. Неверный формат кода для значения ветра ночью. 
0; 20.11.2006 14:05:37; Неправильный формат КП-68. Неверный формат кода для значения ветра ночью. 
0; 20.11.2006 14:05:37; Неправильный формат КП-68. Неверный формат кода для значения ветра ночью. 
0; 20.11.2006 14:05:37; Неправильный формат КП-68. Неверный формат кода для значения ветра н3; 20.11.2006 14:06:48; Прогноз для станции 27459 на 024 часа успешно раскодирован
3; 20.11.2006 14:06:48; Прогноз для станции 27459 на 048 часа успешно раскодирован
3; 20.11.2006 14:06:48; Прогноз для станции 27459 на 072 часа успешно раскодирован
3; 20.11.2006 14:06:48; Прогноз для станции 27760 на 024 часа успешно раскодирован
3; 20.11.2006 14:06:48; Прогноз для станции 27760 на 048 часа успешно раскодирован
3; 20.11.2006 14:06:48; Прогноз для станции 27760 на 072 часа успешно раскодирован
3; 20.11.2006 14:06:48; Прогноз для станции 27485 на 024 часа успешно раскодирован
3; 20.11.2006 14:06:48; Прогноз для станции 27485 на 048 часа успешно раскодирован
3; 20.11.2006 14:06:48; Прогноз для станции 27485 на 072 часа успешно раскодирован
3; 20.11.2006 14:06:48; Прогноз для станции 27581 на 024 часа успешно раскодирован
3; 20.11.2006 14:06:48; Прогноз для станции 27581 на 048 часа успешно раскодирован
3; 20.11.2006 14:06:48; Прогноз для станции 27581 на 072 часа успешно раскодирован
3; 20.11.2006 14:06:48; Прогноз для станции 27199 на 024 часа успешно раскодирован
3; 20.11.2006 14:06:48; Прогноз для станции 27199 на 048 часа успешно раскодирован
3; 20.11.2006 14:06:48; Прогноз для станции 27199 на 072 часа успешно раскодирован
3; 20.11.2006 14:06:48; Прогноз для станции 28411 на 024 часа успешно раскодирован
3; 20.11.2006 14:06:48; Прогноз для станции 28411 на 048 часа ус3; 20.11.2006 14:46:06; Прогноз для станции 27459 на 024 часа успешно раскодирован
3; 20.11.2006 14:46:06; Прогноз для станции 27459 на 048 часа успешно раскодирован
3; 20.11.2006 14:46:06; Прогноз для станции 27459 на 072 часа успешно раскодирован
3; 20.11.2006 14:46:06; Прогноз для станции 27760 на 024 часа успешно раскодирован
3; 20.11.2006 14:46:06; Прогноз для станции 27760 на 048 часа успешно раскодирован
3; 20.11.2006 14:46:06; Прогноз для станции 27760 на 072 часа успешно раскодирован
3; 20.11.2006 14:46:06; Прогноз для станции 27485 на 024 часа успешно раскодирован
3; 20.11.2006 14:46:06; Прогноз для станции 27485 на 048 часа успешно раскодирован
3; 20.11.2006 14:46:06; Прогноз для станции 27485 на 072 часа успешно раскодирован
3; 20.11.2006 14:46:06; Прогноз для станции 27581 на 024 часа успешно раскодирован
3; 20.11.2006 14:46:06; Прогноз для станции 27581 на 048 часа успешно раскодирован
3; 20.11.2006 14:46:06; Прогноз для станции 27581 на 072 часа успешно раскодирован
3; 20.11.2006 14:46:06; Прогноз для станции 27199 на 024 часа успешно раскодирован
3; 20.11.2006 14:46:06; Прогноз для станции 27199 на 048 часа успешно раскодирован
3; 20.11.2006 14:46:06; Прогноз для станции 27199 на 072 часа успешно раскодирован
3; 20.11.2006 14:46:06; Прогноз для станции 28411 на 024 часа успешно раскодирован
3; 20.11.2006 14:46:06; Прогноз для станции 28411 на 048 часа ус3; 20.11.2006 14:47:01; Прогноз для станции 27459 на 024 часа успешно раскодирован
3; 20.11.2006 14:47:01; Прогноз для станции 27459 на 048 часа успешно раскодирован
3; 20.11.2006 14:47:01; Прогноз для станции 27459 на 072 часа успешно раскодирован
3; 20.11.2006 14:47:01; Прогноз для станции 27760 на 024 часа успешно раскодирован
3; 20.11.2006 14:47:01; Прогноз для станции 27760 на 048 часа успешно раскодирован
3; 20.11.2006 14:47:01; Прогноз для станции 27760 на 072 часа успешно раскодирован
3; 20.11.2006 14:47:01; Прогноз для станции 27485 на 024 часа успешно раскодирован
3; 20.11.2006 14:47:01; Прогноз для станции 27485 на 048 часа успешно раскодирован
3; 20.11.2006 14:47:01; Прогноз для станции 27485 на 072 часа успешно раскодирован
3; 20.11.2006 14:47:01; Прогноз для станции 27581 на 024 часа успешно раскодирован
3; 20.11.2006 14:47:01; Прогноз для станции 27581 на 048 часа успешно раскодирован
3; 20.11.2006 14:47:01; Прогноз для станции 27581 на 072 часа успешно раскодирован
3; 20.11.2006 14:47:01; Прогноз для станции 27199 на 024 часа успешно раскодирован
3; 20.11.2006 14:47:01; Прогноз для станции 27199 на 048 часа успешно раскодирован
3; 20.11.2006 14:47:01; Прогноз для станции 27199 на 072 часа успешно раскодирован
3; 20.11.2006 14:47:01; Прогноз для станции 28411 на 024 часа успешно раскодирован
3; 20.11.2006 14:47:01; Прогноз для станции 28411 на 048 часа успешно раскодирован
3; 20.11.2006 14:47:01; Прогноз для станции 28411 на 072 часа успешно раскодирован
0; 20.11.2006 14:47:51; Неправильный формат КП-68. Неверный формат кода для значения ночной температуры. 
3; 20.11.2006 14:47:51; Прогноз для станции 27459 на 048 часа успешно раскодирован
3; 20.11.2006 14:47:51; Прогноз для станции 27459 на 072 часа успешно раскодирован
3; 20.11.2006 14:47:51; Прогноз для станции 27760 на 024 часа успешно раскодирован
3; 20.11.2006 14:47:51; Прогноз для станции 27760 на 048 часа успешно раскодирован
3; 20.11.2006 14:47:51; Прогноз для станции 27760 на 072 часа успешно раскодирован
3; 20.11.2006 14:47:51; Прогноз для станции 27485 на 024 часа успешно раскодирован
3; 20.11.2006 14:47:51; Прогноз для станции 27485 на 048 часа успешно раскодирован
3; 20.11.2006 14:47:51; Прогноз для станции 27485 на 072 часа успешно раскодирован
3; 20.11.2006 14:47:51; Прогноз для станции 27581 на 024 часа успешно раскодирован
3; 20.11.2006 14:47:51; Прогноз для станции 27581 на 048 часа успешно раскодирован
3; 20.11.2006 14:47:51; Прогноз для станции 27581 на 072 часа успешно раскодирован
3; 20.11.2006 14:47:51; Прогноз для станции 27199 на 024 часа успешно раскодирован
3; 20.11.2006 14:47:51; Прогноз для станции 27199 на 048 часа успешно раскодирован
3; 20.11.2006 14:47:51; Прогноз для станции 27199 на 072 часа успешно раскодирован
3; 20.11.2006 14:47:51; Прогноз для станции 28411 на 024 часа успешно раскодирован
3; 20.11.2006 14:47:51; Прогноз для станц3; 20.11.2006 14:51:27; Прогноз для станции 27459 на 024 часа успешно раскодирован
3; 20.11.2006 14:51:27; Прогноз для станции 27459 на 048 часа успешно раскодирован
3; 20.11.2006 14:51:27; Прогноз для станции 27459 на 072 часа успешно раскодирован
3; 20.11.2006 14:51:27; Прогноз для станции 27760 на 024 часа успешно раскодирован
3; 20.11.2006 14:51:27; Прогноз для станции 27760 на 048 часа успешно раскодирован
3; 20.11.2006 14:51:27; Прогноз для станции 27760 на 072 часа успешно раскодирован
3; 20.11.2006 14:51:27; Прогноз для станции 27485 на 024 часа успешно раскодирован
3; 20.11.2006 14:51:27; Прогноз для станции 27485 на 048 часа успешно раскодирован
3; 20.11.2006 14:51:27; Прогноз для станции 27485 на 072 часа успешно раскодирован
3; 20.11.2006 14:51:27; Прогноз для станции 27581 на 024 часа успешно раскодирован
3; 20.11.2006 14:51:27; Прогноз для станции 27581 на 048 часа успешно раскодирован
3; 20.11.2006 14:51:27; Прогноз для станции 27581 на 072 часа успешно раскодирован
3; 20.11.2006 14:51:27; Прогноз для станции 27199 на 024 часа успешно раскодирован
3; 20.11.2006 14:51:27; Прогноз для станции 27199 на 048 часа успешно раскодирован
3; 20.11.2006 14:51:27; Прогноз для станции 27199 на 072 часа успешно раскодирован
3; 20.11.2006 14:51:27; Прогноз для станции 28411 на 024 часа успешно раскодирован
3; 20.11.2006 14:51:27; Прогноз для станции 28411 на 048 часа ус3; 20.11.2006 14:53:47; Прогноз для станции 27459 на 024 часа успешно раскодирован
3; 20.11.2006 14:53:47; Прогноз для станции 27459 на 048 часа успешно раскодирован
3; 20.11.2006 14:53:47; Прогноз для станции 27459 на 072 часа успешно раскодирован
3; 20.11.2006 14:53:47; Прогноз для станции 27760 на 024 часа успешно раскодирован
3; 20.11.2006 14:53:47; Прогноз для станции 27760 на 048 часа успешно раскодирован
3; 20.11.2006 14:53:47; Прогноз для станции 27760 на 072 часа успешно раскодирован
3; 20.11.2006 14:53:47; Прогноз для станции 27485 на 024 часа успешно раскодирован
3; 20.11.2006 14:53:47; Прогноз для станции 27485 на 048 часа успешно раскодирован
3; 20.11.2006 14:53:47; Прогноз для станции 27485 на 072 часа успешно раскодирован
3; 20.11.2006 14:53:47; Прогноз для станции 27581 на 024 часа успешно раскодирован
3; 20.11.2006 14:53:47; Прогноз для станции 27581 на 048 часа успешно раскодирован
3; 20.11.2006 14:53:47; Прогноз для станции 27581 на 072 часа успешно раскодирован
3; 20.11.2006 14:53:47; Прогноз для станции 27199 на 024 часа успешно раскодирован
3; 20.11.2006 14:53:47; Прогноз для станции 27199 на 048 часа успешно раскодирован
3; 20.11.2006 14:53:47; Прогноз для станции 27199 на 072 часа успешно раскодирован
3; 20.11.2006 14:53:47; Прогноз для станции 28411 на 024 часа успешно раскодирован
3; 20.11.2006 14:53:47; Прогноз для станции 28411 на 048 часа ус3; 20.11.2006 15:03:33; Прогноз для станции 27459 на 024 часа успешно раскодирован
3; 20.11.2006 15:03:33; Прогноз для станции 27459 на 048 часа успешно раскодирован
3; 20.11.2006 15:03:33; Прогноз для станции 27459 на 072 часа успешно раскодирован
3; 20.11.2006 15:03:33; Прогноз для станции 27760 на 024 часа успешно раскодирован
3; 20.11.2006 15:03:33; Прогноз для станции 27760 на 048 часа успешно раскодирован
3; 20.11.2006 15:03:33; Прогноз для станции 27760 на 072 часа успешно раскодирован
3; 20.11.2006 15:03:33; Прогноз для станции 27485 на 024 часа успешно раскодирован
3; 20.11.2006 15:03:33; Прогноз для станции 27485 на 048 часа успешно раскодирован
3; 20.11.2006 15:03:33; Прогноз для станции 27485 на 072 часа успешно раскодирован
3; 20.11.2006 15:03:33; Прогноз для станции 27581 на 024 часа успешно раскодирован
3; 20.11.2006 15:03:33; Прогноз для станции 27581 на 048 часа успешно раскодирован
3; 20.11.2006 15:03:33; Прогноз для станции 27581 на 072 часа успешно раскодирован
3; 20.11.2006 15:03:33; Прогноз для станции 27199 на 024 часа успешно раскодирован
3; 20.11.2006 15:03:33; Прогноз для станции 27199 на 048 часа успешно раскодирован
3; 20.11.2006 15:03:33; Прогноз для станции 27199 на 072 часа успешно раскодирован
3; 20.11.2006 15:03:33; Прогноз для станции 28411 на 024 часа успешно раскодирован
3; 20.11.2006 15:03:33; Прогноз для станции 28411 на 048 часа ус3; 20.11.2006 15:16:00; Прогноз для станции 27459 на 024 часа успешно раскодирован
3; 20.11.2006 15:16:00; Прогноз для станции 27459 на 048 часа успешно раскодирован
3; 20.11.2006 15:16:00; Прогноз для станции 27459 на 072 часа успешно раскодирован
3; 20.11.2006 15:16:00; Прогноз для станции 27760 на 024 часа успешно раскодирован
3; 20.11.2006 15:16:00; Прогноз для станции 27760 на 048 часа успешно раскодирован
3; 20.11.2006 15:16:00; Прогноз для станции 27760 на 072 часа успешно раскодирован
3; 20.11.2006 15:16:00; Прогноз для станции 27485 на 024 часа успешно раскодирован
3; 20.11.2006 15:16:00; Прогноз для станции 27485 на 048 часа успешно раскодирован
3; 20.11.2006 15:16:00; Прогноз для станции 27485 на 072 часа успешно раскодирован
3; 20.11.2006 15:16:00; Прогноз для станции 27581 на 024 часа успешно раскодирован
3; 20.11.2006 15:16:00; Прогноз для станции 27581 на 048 часа успешно раскодирован
3; 20.11.2006 15:16:00; Прогноз для станции 27581 на 072 часа успешно раскодирован
3; 20.11.2006 15:16:00; Прогноз для станции 27199 на 024 часа успешно раскодирован
3; 20.11.2006 15:16:00; Прогноз для станции 27199 на 048 часа успешно раскодирован
3; 20.11.2006 15:16:00; Прогноз для станции 27199 на 072 часа успешно раскодирован
3; 20.11.2006 15:16:00; Прогноз для станции 28411 на 024 часа успешно раскодирован
3; 20.11.2006 15:16:00; Прогноз для станции 28411 на 048 часа ус3; 20.11.2006 15:17:56; Прогноз для станции 27459 на 024 часа успешно раскодирован
3; 20.11.2006 15:17:56; Прогноз для станции 27459 на 048 часа успешно раскодирован
3; 20.11.2006 15:17:56; Прогноз для станции 27459 на 072 часа успешно раскодирован
3; 20.11.2006 15:17:56; Прогноз для станции 27760 на 024 часа успешно раскодирован
3; 20.11.2006 15:17:56; Прогноз для станции 27760 на 048 часа успешно раскодирован
3; 20.11.2006 15:17:56; Прогноз для станции 27760 на 072 часа успешно раскодирован
3; 20.11.2006 15:17:56; Прогноз для станции 27485 на 024 часа успешно раскодирован
3; 20.11.2006 15:17:56; Прогноз для станции 27485 на 048 часа успешно раскодирован
3; 20.11.2006 15:17:56; Прогноз для станции 27485 на 072 часа успешно раскодирован
3; 20.11.2006 15:17:56; Прогноз для станции 27581 на 024 часа успешно раскодирован
3; 20.11.2006 15:17:56; Прогноз для станции 27581 на 048 часа успешно раскодирован
3; 20.11.2006 15:17:56; Прогноз для станции 27581 на 072 часа успешно раскодирован
3; 20.11.2006 15:17:56; Прогноз для станции 27199 на 024 часа успешно раскодирован
3; 20.11.2006 15:17:56; Прогноз для станции 27199 на 048 часа успешно раскодирован
3; 20.11.2006 15:17:56; Прогноз для станции 27199 на 072 часа успешно раскодирован
3; 20.11.2006 15:17:56; Прогноз для станции 28411 на 024 часа успешно раскодирован
3; 20.11.2006 15:17:56; Прогноз для станции 28411 на 048 часа успешно раскодирован
3; 20.11.2006 15:17:56; Прогноз для станции 28411 на 072 часа успешно раскодирован
3; 20.11.2006 15:18:04; Прогноз для станции 27459 на 024 часа успешно раскодирован
3; 20.11.2006 15:18:04; Прогноз для станции 27459 на 048 часа успешно раскодирован
3; 20.11.2006 15:18:04; Прогноз для станции 27459 на 072 часа успешно раскодирован
3; 20.11.2006 15:18:04; Прогноз для станции 27760 на 024 часа успешно раскодирован
3; 20.11.2006 15:18:04; Прогноз для станции 27760 на 048 часа успешно раскодирован
3; 20.11.2006 15:18:04; Прогноз для станции 27760 на 072 часа успешно раскодирован
3; 20.11.2006 15:18:04; Прогноз для станции 27485 на 024 часа успешно раскодирован
3; 20.11.2006 15:18:04; Прогноз для станции 27485 на 048 часа успешно раскодирован
3; 20.11.2006 15:18:04; Прогноз для станции 27485 на 072 часа успешно раскодирован
3; 20.11.2006 15:18:04; Прогноз для станции 27581 на 024 часа успешно раскодирован
3; 20.11.2006 15:18:04; Прогноз для станции 27581 на 048 часа успешно раскодирован
3; 20.11.2006 15:18:04; Прогноз для станции 27581 на 072 часа успешно раскодирован
3; 20.11.2006 15:18:04; Прогноз для станции 27199 на 024 часа успешно раскодирован
3; 20.11.2006 15:18:04; Прогноз для станции 27199 на 048 часа успешно раскодирован
3; 20.11.2006 15:18:04; Прогноз для станции 27199 на 072 часа успешно раскодирован
3; 20.11.2006 15:18:04; Прогноз для станции 28411 на 024 часа успешно раскодирован
3; 20.11.2006 15:18:04; Прогноз для станции 28411 на 048 часа успешно раскодирован
3; 20.11.2006 15:18:04; Прогноз для станции 28411 на 072 часа успешно раскодирован
3; 20.11.2006 15:18:12; Прогноз для станции 27459 на 024 часа успешно раскодирован
3; 20.11.2006 15:18:12; Прогноз для станции 27459 на 048 часа успешно раскодирован
3; 20.11.2006 15:18:12; Прогноз для станции 27459 на 072 часа успешно раскодирован
3; 20.11.2006 15:18:12; Прогноз для станции 27760 на 024 часа успешно раскодирован
3; 20.11.2006 15:18:12; Прогноз для станции 27760 на 048 часа успешно раскодирован
3; 20.11.2006 15:18:12; Прогноз для станции 27760 на 072 часа успешно раскодирован
3; 20.11.2006 15:18:12; Прогноз для станции 27485 на 024 часа успешно раскодирован
3; 20.11.2006 15:18:12; Прогноз для станции 27485 на 048 часа успешно раскодирован
3; 20.11.2006 15:18:12; Прогноз для станции 27485 на 072 часа успешно раскодирован
3; 20.11.2006 15:18:12; Прогноз для станции 27581 на 024 часа успешно раскодирован
3; 20.11.2006 15:18:12; Прогноз для станции 27581 на 048 часа успешно раскодирован
3; 20.11.2006 15:18:12; Прогноз для станции 27581 на 072 часа успешно раскодирован
3; 20.11.2006 15:18:12; Прогноз для станции 27199 на 024 часа успешно раскодирован
3; 20.11.2006 15:18:12; Прогноз для станции 27199 на 048 часа успешно раскодирован
3; 20.11.2006 15:18:12; Прогноз для станции 27199 на 072 часа успешно раскодирован
3; 20.11.2006 15:18:12; Прогноз для станции 28411 на 024 часа успешно раскодирован
3; 20.11.2006 15:18:12; Прогноз для станции 28411 на 048 часа успешно раскодирован
3; 20.11.2006 15:18:12; Прогноз для станции 28411 на 072 часа успешно раскодирован
3; 20.11.2006 15:18:19; Прогноз для станции 27459 на 024 часа успешно раскодирован
3; 20.11.2006 15:18:19; Прогноз для станции 27459 на 048 часа успешно раскодирован
3; 20.11.2006 15:18:19; Прогноз для станции 27459 на 072 часа успешно раскодирован
3; 20.11.2006 15:18:19; Прогноз для станции 27760 на 024 часа успешно раскодирован
3; 20.11.2006 15:18:19; Прогноз для станции 27760 на 048 часа успешно раскодирован
3; 20.11.2006 15:18:19; Прогноз для станции 27760 на 072 часа успешно раскодирован
3; 20.11.2006 15:18:19; Прогноз для станции 27485 на 024 часа успешно раскодирован
3; 20.11.2006 15:18:19; Прогноз для станции 27485 на 048 часа успешно раскодирован
3; 20.11.2006 15:18:19; Прогноз для станции 27485 на 072 часа успешно раскодирован
3; 20.11.2006 15:18:19; Прогноз для станции 27581 на 024 часа успешно раскодирован
3; 20.11.2006 15:18:19; Прогноз для станции 27581 на 048 часа успешно раскодирован
3; 20.11.2006 15:18:19; Прогноз для станции 27581 на 072 часа успешно раскодирован
3; 20.11.2006 15:18:19; Прогноз для станции 27199 на 024 часа успешно раскодирован
3; 20.11.2006 15:18:19; Прогноз для станции 27199 на 048 часа успешно раскодирован
3; 20.11.2006 15:18:19; Прогноз для станции 27199 на 072 часа успешно раскодирован
3; 20.11.2006 15:18:19; Прогноз для станции 28411 на 024 часа успешно раскодирован
3; 20.11.2006 15:18:19; Прогноз для станции 28411 на 048 часа успешно раскодирован
3; 20.11.2006 15:18:19; Прогноз для станции 28411 на3; 20.11.2006 15:20:12; Прогноз для станции 27459 на 024 часа успешно раскодирован
3; 20.11.2006 15:20:12; Прогноз для станции 27459 на 048 часа успешно раскодирован
3; 20.11.2006 15:20:12; Прогноз для станции 27459 на 072 часа успешно раскодирован
3; 20.11.2006 15:20:12; Прогноз для станции 27760 на 024 часа успешно раскодирован
3; 20.11.2006 15:20:12; Прогноз для станции 27760 на 048 часа успешно раскодирован
3; 20.11.2006 15:20:12; Прогноз для станции 27760 на 072 часа успешно раскодирован
3; 20.11.2006 15:20:12; Прогноз для станции 27485 на 024 часа успешно раскодирован
3; 20.11.2006 15:20:12; Прогноз для станции 27485 на 048 часа успешно раскодирован
3; 20.11.2006 15:20:12; Прогноз для станции 27485 на 072 часа успешно раскодирован
3; 20.11.2006 15:20:12; Прогноз для станции 27581 на 024 часа успешно раскодирован
3; 20.11.2006 15:20:12; Прогноз для станции 27581 на 048 часа успешно раскодирован
3; 20.11.2006 15:20:12; Прогноз для станции 27581 на 072 часа успешно раскодирован
3; 20.11.2006 15:20:12; Прогноз для станции 27199 на 024 часа успешно раскодирован
3; 20.11.2006 15:20:12; Прогноз для станции 27199 на 048 часа успешно раскодирован
3; 20.11.2006 15:20:12; Прогноз для станции 27199 на 072 часа успешно раскодирован
3; 20.11.2006 15:20:12; Прогноз для станции 28411 на 024 часа успешно раскодирован
3; 20.11.2006 15:20:12; Прогноз для станции 28411 на 048 часа ус3; 20.11.2006 15:32:36; Прогноз для станции 27459 на 024 часа успешно раскодирован
3; 20.11.2006 15:32:36; Прогноз для станции 27459 на 048 часа успешно раскодирован
3; 20.11.2006 15:32:36; Прогноз для станции 27459 на 072 часа успешно раскодирован
3; 20.11.2006 15:32:36; Прогноз для станции 27760 на 024 часа успешно раскодирован
3; 20.11.2006 15:32:36; Прогноз для станции 27760 на 048 часа успешно раскодирован
3; 20.11.2006 15:32:36; Прогноз для станции 27760 на 072 часа успешно раскодирован
3; 20.11.2006 15:32:36; Прогноз для станции 27485 на 024 часа успешно раскодирован
3; 20.11.2006 15:32:36; Прогноз для станции 27485 на 048 часа успешно раскодирован
3; 20.11.2006 15:32:36; Прогноз для станции 27485 на 072 часа успешно раскодирован
3; 20.11.2006 15:32:36; Прогноз для станции 27581 на 024 часа успешно раскодирован
3; 20.11.2006 15:32:36; Прогноз для станции 27581 на 048 часа успешно раскодирован
3; 20.11.2006 15:32:36; Прогноз для станции 27581 на 072 часа успешно раскодирован
3; 20.11.2006 15:32:36; Прогноз для станции 27199 на 024 часа успешно раскодирован
3; 20.11.2006 15:32:36; Прогноз для станции 27199 на 048 часа успешно раскодирован
3; 20.11.2006 15:32:36; Прогноз для станции 27199 на 072 часа успешно раскодирован
3; 20.11.2006 15:32:36; Прогноз для станции 28411 на 024 часа успешно раскодирован
3; 20.11.2006 15:32:36; Прогноз для станции 28411 на 048 часа ус3; 20.11.2006 16:13:43; Прогноз для станции 27459 на 024 часа успешно раскодирован
3; 20.11.2006 16:13:43; Прогноз для станции 27459 на 048 часа успешно раскодирован
3; 20.11.2006 16:13:43; Прогноз для станции 27459 на 072 часа успешно раскодирован
3; 20.11.2006 16:13:43; Прогноз для станции 27760 на 024 часа успешно раскодирован
3; 20.11.2006 16:13:43; Прогноз для станции 27760 на 048 часа успешно раскодирован
3; 20.11.2006 16:13:43; Прогноз для станции 27760 на 072 часа успешно раскодирован
3; 20.11.2006 16:13:43; Прогноз для станции 27485 на 024 часа успешно раскодирован
3; 20.11.2006 16:13:43; Прогноз для станции 27485 на 048 часа успешно раскодирован
3; 20.11.2006 16:13:43; Прогноз для станции 27485 на 072 часа успешно раскодирован
3; 20.11.2006 16:13:43; Прогноз для станции 27581 на 024 часа успешно раскодирован
3; 20.11.2006 16:13:43; Прогноз для станции 27581 на 048 часа успешно раскодирован
3; 20.11.2006 16:13:43; Прогноз для станции 27581 на 072 часа успешно раскодирован
3; 20.11.2006 16:13:43; Прогноз для станции 27199 на 024 часа успешно раскодирован
3; 20.11.2006 16:13:43; Прогноз для станции 27199 на 048 часа успешно раскодирован
3; 20.11.2006 16:13:43; Прогноз для станции 27199 на 072 часа успешно раскодирован
3; 20.11.2006 16:13:43; Прогноз для станции 28411 на 024 часа успешно раскодирован
3; 20.11.2006 16:13:43; Прогноз для станции 28411 на 048 часа успешно раскодирован
3; 20.11.2006 16:13:43; Прогноз для станции 28411 на 072 часа успешно раскодирован
3; 20.11.2006 16:14:20; Прогноз для станции 27459 на 024 часа успешно раскодирован
3; 20.11.2006 16:14:20; Прогноз для станции 27459 на 048 часа успешно раскодирован
3; 20.11.2006 16:14:20; Прогноз для станции 27459 на 072 часа успешно раскодирован
3; 20.11.2006 16:14:20; Прогноз для станции 27760 на 024 часа успешно раскодирован
3; 20.11.2006 16:14:20; Прогноз для станции 27760 на 048 часа успешно раскодирован
3; 20.11.2006 16:14:20; Прогноз для станции 27760 на 072 часа успешно раскодирован
3; 20.11.2006 16:14:20; Прогноз для станции 27485 на 024 часа успешно раскодирован
3; 20.11.2006 16:14:21; Прогноз для станции 27485 на 048 часа успешно раскодирован
3; 20.11.2006 16:14:21; Прогноз для станции 27485 на 072 часа успешно раскодирован
3; 20.11.2006 16:14:21; Прогноз для станции 27581 на 024 часа успешно раскодирован
3; 20.11.2006 16:14:21; Прогноз для станции 27581 на 048 часа успешно раскодирован
3; 20.11.2006 16:14:21; Прогноз для станции 27581 на 072 часа успешно раскодирован
3; 20.11.2006 16:14:21; Прогноз для станции 27199 на 024 часа успешно раскодирован
3; 20.11.2006 16:14:21; Прогноз для станции 27199 на 048 часа успешно раскодирован
3; 20.11.2006 16:14:21; Прогноз для станции 27199 на 072 часа успешно раскодирован
3; 20.11.2006 16:14:21; Прогноз для станции 28411 на 024 часа успешно раскодирован
3; 20.11.2006 16:14:21; Прогноз для станции 28411 на 048 часа успешно раскодирован
3; 20.11.2006 16:14:21; Прогноз для станции 28411 на 072 часа успешно раскодирован
3; 20.11.2006 16:14:21; Прогноз для станции 27459 на 024 часа успешно раскодирован
3; 20.11.2006 16:14:21; Прогноз для станции 27459 на 048 часа успешно раскодирован
3; 20.11.2006 16:14:21; Прогноз для станции 27459 на 072 часа успешно раскодирован
3; 20.11.2006 16:14:21; Прогноз для станции 27760 на 024 часа успешно раскодирован
3; 20.11.2006 16:14:21; Прогноз для станции 27760 на 048 часа успешно раскодирован
3; 20.11.2006 16:14:21; Прогноз для станции 27760 на 072 часа успешно раскодирован
3; 20.11.2006 16:14:21; Прогноз для станции 27485 на 024 часа успешно раскодирован
3; 20.11.2006 16:14:21; Прогноз для станции 27485 на 048 часа успешно раскодирован
3; 20.11.2006 16:14:21; Прогноз для станции 27485 на 072 часа успешно раскодирован
3; 20.11.2006 16:14:21; Прогноз для станции 27581 на 024 часа успешно раскодирован
3; 20.11.2006 16:14:21; Прогноз для станции 27581 на 048 часа успешно раскодирован
3; 20.11.2006 16:14:21; Прогноз для станции 27581 на 072 часа успешно раскодирован
3; 20.11.2006 16:14:21; Прогноз для станции 27199 на 024 часа успешно раскодирован
3; 20.11.2006 16:14:21; Прогноз для станции 27199 на 048 часа успешно раскодирован
3; 20.11.2006 16:14:21; Прогноз для станции 27199 на 072 часа успешно раскодирован
3; 20.11.2006 16:14:21; Прогноз для станции 28411 на 024 часа успешно раскодирован
3; 20.11.2006 16:14:21; Прогноз для станции 28411 на 048 часа успешно раскодирован
3; 20.11.2006 16:14:21; Прогноз для станции 28411 на 072 часа успешно раскодирован
3; 20.11.2006 16:14:21; Прогноз для станции 27459 на 024 часа успешно раскодирован
3; 20.11.2006 16:14:21; Прогноз для станции 27459 на 048 часа успешно раскодирован
3; 20.11.2006 16:14:21; Прогноз для станции 27459 на 072 часа успешно раскодирован
3; 20.11.2006 16:14:21; Прогноз для станции 27760 на 024 часа успешно раскодирован
3; 20.11.2006 16:14:21; Прогноз для станции 27760 на 048 часа успешно раскодирован
3; 20.11.2006 16:14:21; Прогноз для станции 27760 на 072 часа успешно раскодирован
3; 20.11.2006 16:14:21; Прогноз для станции 27485 на 024 часа успешно раскодирован
3; 20.11.2006 16:14:21; Прогноз для станции 27485 на 048 часа успешно раскодирован
3; 20.11.2006 16:14:21; Прогноз для станции 27485 на 072 часа успешно раскодирован
3; 20.11.2006 16:14:21; Прогноз для станции 27581 на 024 часа успешно раскодирован
3; 20.11.2006 16:14:21; Прогноз для станции 27581 на 048 часа успешно раскодирован
3; 20.11.2006 16:14:21; Прогноз для станции 27581 на 072 часа успешно раскодирован
3; 20.11.2006 16:14:21; Прогноз для станции 27199 на 024 часа успешно раскодирован
3; 20.11.2006 16:14:21; Прогноз для станции 27199 на 048 часа успешно раскодирован
3; 20.11.2006 16:14:21; Прогноз для станции 27199 на 072 часа успешно раскодирован
3; 20.11.2006 16:14:21; Прогноз для станции 28411 на 024 часа успешно раскодирован
3; 20.11.2006 16:14:21; Прогноз для станции 28411 на 048 часа успешно раскодирован
3; 20.11.2006 16:14:21; Прогноз для станции 28411 на 072 часа успешно раскодирован
3; 20.11.2006 16:14:22; Прогноз для станции 27459 на 024 часа успешно раскодирован
3; 20.11.2006 16:14:22; Прогноз для станции 27459 на 048 часа успешно раскодирован
3; 20.11.2006 16:14:22; Прогноз для станции 27459 на 072 часа успешно раскодирован
3; 20.11.2006 16:14:22; Прогноз для станции 27760 на 024 часа успешно раскодирован
3; 20.11.2006 16:14:22; Прогноз для станции 27760 на 048 часа успешно раскодирован
3; 20.11.2006 16:14:22; Прогноз для станции 27760 на 072 часа успешно раскодирован
3; 20.11.2006 16:14:22; Прогноз для станции 27485 на 024 часа успешно раскодирован
3; 20.11.2006 16:14:22; Прогноз для станции 27485 на 048 часа успешно раскодирован
3; 20.11.2006 16:14:22; Прогноз для станции 27485 на 072 часа успешно раскодирован
3; 20.11.2006 16:14:22; Прогноз для станции 27581 на 024 часа успешно раскодирован
3; 20.11.2006 16:14:22; Прогноз для станции 27581 на 048 часа успешно раскодирован
3; 20.11.2006 16:14:22; Прогноз для станции 27581 на 072 часа успешно раскодирован
3; 20.11.2006 16:14:22; Прогноз для станции 27199 на 024 часа успешно раскодирован
3; 20.11.2006 16:14:22; Прогноз для станции 27199 на 048 часа успешно раскодирован
3; 20.11.2006 16:14:22; Прогноз для станции 27199 на 072 часа успешно раскодирован
3; 20.11.2006 16:14:22; Прогноз для станции 28411 на 024 часа успешно раскодирован
3; 20.11.2006 16:14:22; Прогноз для станции 28411 на 048 часа успешно раскодирован
3; 20.11.2006 16:14:22; Прогноз для станции 28411 на 072 часа успешно раскодирован
3; 20.11.2006 16:14:22; Прогноз для станции 27459 на 024 часа успешно раскодирован
3; 20.11.2006 16:14:22; Прогноз для станции 27459 на 048 часа успешно раскодирован
3; 20.11.2006 16:14:22; Прогноз для станции 27459 на 072 часа успешно раскодирован
3; 20.11.2006 16:14:22; Прогноз для станции 27760 на 024 часа успешно раскодирован
3; 20.11.2006 16:14:22; Прогноз для станции 27760 на 048 часа успешно раскодирован
3; 20.11.2006 16:14:22; Прогноз для станции 27760 на 072 часа успешно раскодирован
3; 20.11.2006 16:14:22; Прогноз для станции 27485 на 024 часа успешно раскодирован
3; 20.11.2006 16:14:22; Прогноз для станции 27485 на 048 часа успешно раскодирован
3; 20.11.2006 16:14:22; Прогноз для станции 27485 на 072 часа успешно раскодирован
3; 20.11.2006 16:14:22; Прогноз для станции 27581 на 024 часа успешно раскодирован
3; 20.11.2006 16:14:22; Прогноз для станции 27581 на 048 часа успешно раскодирован
3; 20.11.2006 16:14:22; Прогноз для станции 27581 на 072 часа успешно раскодирован
3; 20.11.2006 16:14:22; Прогноз для станции 27199 на 024 часа успешно раскодирован
3; 20.11.2006 16:14:22; Прогноз для станции 27199 на 048 часа успешно раскодирован
3; 20.11.2006 16:14:22; Прогноз для станции 27199 на 072 часа успешно раскодирован
3; 20.11.2006 16:14:22; Прогноз для станции 28411 на 024 часа успешно раскодирован
3; 20.11.2006 16:14:22; Прогноз для станции 28411 на 048 часа успешно раскодирован
3; 20.11.2006 16:14:22; Прогноз для станции 28411 на 072 часа успешно раскодирован
3; 20.11.2006 16:14:22; Прогноз для станции 27459 на 024 часа успешно раскодирован
3; 20.11.2006 16:14:22; Прогноз для станции 27459 на 048 часа успешно раскодирован
3; 20.11.2006 16:14:22; Прогноз для станции 27459 на 072 часа успешно раскодирован
3; 20.11.2006 16:14:22; Прогноз для станции 27760 на 024 часа успешно раскодирован
3; 20.11.2006 16:14:22; Прогноз для станции 27760 на 048 часа успешно раскодирован
3; 20.11.2006 16:14:22; Прогноз для станции 27760 на 072 часа успешно раскодирован
3; 20.11.2006 16:14:22; Прогноз для станции 27485 на 024 часа успешно раскодирован
3; 20.11.2006 16:14:22; Прогноз для станции 27485 на 048 часа успешно раскодирован
3; 20.11.2006 16:14:22; Прогноз для станции 27485 на 072 часа успешно раскодирован
3; 20.11.2006 16:14:22; Прогноз для станции 27581 на 024 часа успешно раскодирован
3; 20.11.2006 16:14:22; Прогноз для станции 27581 на 048 часа успешно раскодирован
3; 20.11.2006 16:14:22; Прогноз для станции 27581 на 072 часа успешно раскодирован
3; 20.11.2006 16:14:22; Прогноз для станции 27199 на 024 часа успешно раскодирован
3; 20.11.2006 16:14:22; Прогноз для станции 27199 на 048 часа успешно раскодирован
3; 20.11.2006 16:14:22; Прогноз для станции 27199 на 072 часа успешно раскодирован
3; 20.11.2006 16:14:22; Прогноз для станции 28411 на 024 часа успешно раскодирован
3; 20.11.2006 16:14:22; Прогноз для станции 28411 на 048 часа успешно раскодирован
3; 20.11.2006 16:14:22; Прогноз для станции 28411 на 072 часа успешно раскодирован
3; 20.11.2006 16:14:22; Прогноз для станции 27459 на 024 часа успешно раскодирован
3; 20.11.2006 16:14:22; Прогноз для станции 27459 на 048 часа успешно раскодирован
3; 20.11.2006 16:14:22; Прогноз для станции 27459 на 072 часа успешно раскодирован
3; 20.11.2006 16:14:22; Прогноз для станции 27760 на 024 часа успешно раскодирован
3; 20.11.2006 16:14:22; Прогноз для станции 27760 на 048 часа успешно раскодирован
3; 20.11.2006 16:14:22; Прогноз для станции 27760 на 072 часа успешно раскодирован
3; 20.11.2006 16:14:22; Прогноз для станции 27485 на 024 часа успешно раскодирован
3; 20.11.2006 16:14:22; Прогноз для станции 27485 на 048 часа успешно раскодирован
3; 20.11.2006 16:14:22; Прогноз для станции 27485 на 072 часа успешно раскодирован
3; 20.11.2006 16:14:22; Прогноз для станции 27581 на 024 часа успешно раскодирован
3; 20.11.2006 16:14:22; Прогноз для станции 27581 на 048 часа успешно раскодирован
3; 20.11.2006 16:14:22; Прогноз для станции 27581 на 072 часа успешно раскодирован
3; 20.11.2006 16:14:22; Прогноз для станции 27199 на 024 часа успешно раскодирован
3; 20.11.2006 16:14:22; Прогноз для станции 27199 на 048 часа успешно раскодирован
3; 20.11.2006 16:14:22; Прогноз для станции 27199 на 072 часа успешно раскодирован
3; 20.11.2006 16:14:22; Прогноз для станции 28411 на 024 часа успешно раскодирован
3; 20.11.2006 16:14:22; Прогноз для станции 28411 на 048 часа успешно раскодирован
3; 20.11.2006 16:14:22; Прогноз для станции 28411 на 072 часа успешно раскодирован
3; 20.11.2006 16:14:22; Прогноз для станции 27459 на 024 часа успешно раскодирован
3; 20.11.2006 16:14:22; Прогноз для станции 27459 на 048 часа успешно раскодирован
3; 20.11.2006 16:14:22; Прогноз для станции 27459 на 072 часа успешно раскодирован
3; 20.11.2006 16:14:22; Прогноз для станции 27760 на 024 часа успешно раскодирован
3; 20.11.2006 16:14:22; Прогноз для станции 27760 на 048 часа успешно раскодирован
3; 20.11.2006 16:14:22; Прогноз для станции 27760 на 072 часа успешно раскодирован
3; 20.11.2006 16:14:22; Прогноз для станции 27485 на 024 часа успешно раскодирован
3; 20.11.2006 16:14:22; Прогноз для станции 27485 на 048 часа успешно раскодирован
3; 20.11.2006 16:14:22; Прогноз для станции 27485 на 072 часа успешно раскодирован
3; 20.11.2006 16:14:22; Прогноз для станции 27581 на 024 часа успешно раскодирован
3; 20.11.2006 16:14:22; Прогноз для станции 27581 на 048 часа успешно раскодирован
3; 20.11.2006 16:14:22; Прогноз для станции 27581 на 072 часа успешно раскодирован
3; 20.11.2006 16:14:22; Прогноз для станции 27199 на 024 часа успешно раскодирован
3; 20.11.2006 16:14:22; Прогноз для станции 27199 на 048 часа успешно раскодирован
3; 20.11.2006 16:14:22; Прогноз для станции 27199 на 072 часа успешно раскодирован
3; 20.11.2006 16:14:22; Прогноз для станции 28411 на 024 часа успешно раскодирован
3; 20.11.2006 16:14:22; Прогноз для станции 28411 на 048 часа успешно раскодирован
3; 20.11.2006 16:14:22; Прогноз для станции 28411 на 072 часа успешно раскодирован
3; 20.11.2006 16:14:22; Прогноз для станции 27459 на 024 часа успешно раскодирован
3; 20.11.2006 16:14:22; Прогноз для станции 27459 на 048 часа успешно раскодирован
3; 20.11.2006 16:14:22; Прогноз для станции 27459 на 072 часа успешно раскодирован
3; 20.11.2006 16:14:22; Прогноз для станции 27760 на 024 часа успешно раскодирован
3; 20.11.2006 16:14:22; Прогноз для станции 27760 на 048 часа успешно раскодирован
3; 20.11.2006 16:14:22; Прогноз для станции 27760 на 072 часа успешно раскодирован
3; 20.11.2006 16:14:22; Прогноз для станции 27485 на 024 часа успешно раскодирован
3; 20.11.2006 16:14:22; Прогноз для станции 27485 на 048 часа успешно раскодирован
3; 20.11.2006 16:14:22; Прогноз для станции 27485 на 072 часа успешно раскодирован
3; 20.11.2006 16:14:22; Прогноз для станции 27581 на 024 часа успешно раскодирован
3; 20.11.2006 16:14:22; Прогноз для станции 27581 на 048 часа успешно раскодирован
3; 20.11.2006 16:14:22; Прогноз для станции 27581 на 072 часа успешно раскодирован
3; 20.11.2006 16:14:22; Прогноз для станции 27199 на 024 часа успешно раскодирован
3; 20.11.2006 16:14:22; Прогноз для станции 27199 на 048 часа успешно раскодирован
3; 20.11.2006 16:14:22; Прогноз для станции 27199 на 072 часа успешно раскодирован
3; 20.11.2006 16:14:22; Прогноз для станции 28411 на 024 часа успешно раскодирован
3; 20.11.2006 16:14:22; Прогноз для станции 28411 на 048 часа успешно раскодирован
3; 20.11.2006 16:14:22; Прогноз для станции 28411 на 072 часа успешно раскодирован
3; 20.11.2006 16:14:23; Прогноз для станции 27459 на 024 часа успешно раскодирован
3; 20.11.2006 16:14:23; Прогноз для станции 27459 на 048 часа успешно раскодирован
3; 20.11.2006 16:14:23; Прогноз для станции 27459 на 072 часа успешно раскодирован
3; 20.11.2006 16:14:23; Прогноз для станции 27760 на 024 часа успешно раскодирован
3; 20.11.2006 16:14:23; Прогноз для станции 27760 на 048 часа успешно раскодирован
3; 20.11.2006 16:14:23; Прогноз для станции 27760 на 072 часа успешно раскодирован
3; 20.11.2006 16:14:23; Прогноз для станции 27485 на 024 часа успешно раскодирован
3; 20.11.2006 16:14:23; Прогноз для станции 27485 на 048 часа успешно раскодирован
3; 20.11.2006 16:14:23; Прогноз для станции 27485 на 072 часа успешно раскодирован
3; 20.11.2006 16:14:23; Прогноз для станции 27581 на 024 часа успешно раскодирован
3; 20.11.2006 16:14:23; Прогноз для станции 27581 на 048 часа успешно раскодирован
3; 20.11.2006 16:14:23; Прогноз для станции 27581 на 072 часа успешно раскодирован
3; 20.11.2006 16:14:23; Прогноз для станции 27199 на 024 часа успешно раскодирован
3; 20.11.2006 16:14:23; Прогноз для станции 27199 на 048 часа успешно раскодирован
3; 20.11.2006 16:14:23; Прогноз для станции 27199 на 072 часа успешно раскодирован
3; 20.11.2006 16:14:23; Прогноз для станции 28411 на 024 часа успешно раскодирован
3; 20.11.2006 16:14:23; Прогноз для станции 28411 на 048 часа успешно раскодирован
3; 20.11.2006 16:14:23; Прогноз для станции 28411 на 072 часа успешно раскодирован
3; 20.11.2006 16:14:23; Прогноз для станции 27459 на 024 часа успешно раскодирован
3; 20.11.2006 16:14:23; Прогноз для станции 27459 на 048 часа успешно раскодирован
3; 20.11.2006 16:14:23; Прогноз для станции 27459 на 072 часа успешно раскодирован
3; 20.11.2006 16:14:23; Прогноз для станции 27760 на 024 часа успешно раскодирован
3; 20.11.2006 16:14:23; Прогноз для станции 27760 на 048 часа успешно раскодирован
3; 20.11.2006 16:14:23; Прогноз для станции 27760 на 072 часа успешно раскодирован
3; 20.11.2006 16:14:23; Прогноз для станции 27485 на 024 часа успешно раскодирован
3; 20.11.2006 16:14:23; Прогноз для станции 27485 на 048 часа успешно раскодирован
3; 20.11.2006 16:14:23; Прогноз для станции 27485 на 072 часа успешно раскодирован
3; 20.11.2006 16:14:23; Прогноз для станции 27581 на 024 часа успешно раскодирован
3; 20.11.2006 16:14:23; Прогноз для станции 27581 на 048 часа успешно раскодирован
3; 20.11.2006 16:14:23; Прогноз для станции 27581 на 072 часа успешно раскодирован
3; 20.11.2006 16:14:23; Прогноз для станции 27199 на 024 часа успешно раскодирован
3; 20.11.2006 16:14:23; Прогноз для станции 27199 на 048 часа успешно раскодирован
3; 20.11.2006 16:14:23; Прогноз для станции 27199 на 072 часа успешно раскодирован
3; 20.11.2006 16:14:23; Прогноз для станции 28411 на 024 часа успешно раскодирован
3; 20.11.2006 16:14:23; Прогноз для станции 28411 на 048 часа успешно раскодирован
3; 20.11.2006 16:14:23; Прогноз для станции 28411 на 072 часа успешно раскодирован
3; 20.11.2006 16:14:23; Прогноз для станции 27459 на 024 часа успешно раскодирован
3; 20.11.2006 16:14:23; Прогноз для станции 27459 на 048 часа успешно раскодирован
3; 20.11.2006 16:14:23; Прогноз для станции 27459 на 072 часа успешно раскодирован
3; 20.11.2006 16:14:23; Прогноз для станции 27760 на 024 часа успешно раскодирован
3; 20.11.2006 16:14:23; Прогноз для станции 27760 на 048 часа успешно раскодирован
3; 20.11.2006 16:14:23; Прогноз для станции 27760 на 072 часа успешно раскодирован
3; 20.11.2006 16:14:23; Прогноз для станции 27485 на 024 часа успешно раскодирован
3; 20.11.2006 16:14:23; Прогноз для станции 27485 на 048 часа успешно раскодирован
3; 20.11.2006 16:14:23; Прогноз для станции 27485 на 072 часа успешно раскодирован
3; 20.11.2006 16:14:23; Прогноз для станции 27581 на 024 часа успешно раскодирован
3; 20.11.2006 16:14:23; Прогноз для станции 27581 на 048 часа успешно раскодирован
3; 20.11.2006 16:14:23; Прогноз для станции 27581 на 072 часа успешно раскодирован
3; 20.11.2006 16:14:23; Прогноз для станции 27199 на 024 часа успешно раскодирован
3; 20.11.2006 16:14:23; Прогноз для станции 27199 на 048 часа успешно раскодирован
3; 20.11.2006 16:14:23; Прогноз для станции 27199 на 072 часа успешно раскодирован
3; 20.11.2006 16:14:23; Прогноз для станции 28411 на 024 часа успешно раскодирован
3; 20.11.2006 16:14:23; Прогноз для станции 28411 на 048 часа успешно раскодирован
3; 20.11.2003; 20.11.2006 16:16:59; Прогноз для станции 27459 на 024 часа успешно раскодирован
3; 20.11.2006 16:16:59; Прогноз для станции 27459 на 048 часа успешно раскодирован
3; 20.11.2006 16:16:59; Прогноз для станции 27459 на 072 часа успешно раскодирован
3; 20.11.2006 16:16:59; Прогноз для станции 27760 на 024 часа успешно раскодирован
3; 20.11.2006 16:16:59; Прогноз для станции 27760 на 048 часа успешно раскодирован
3; 20.11.2006 16:16:59; Прогноз для станции 27760 на 072 часа успешно раскодирован
3; 20.11.2006 16:16:59; Прогноз для станции 27485 на 024 часа успешно раскодирован
3; 20.11.2006 16:16:59; Прогноз для станции 27485 на 048 часа успешно раскодирован
3; 20.11.2006 16:16:59; Прогноз для станции 27485 на 072 часа успешно раскодирован
3; 20.11.2006 16:16:59; Прогноз для станции 27581 на 024 часа успешно раскодирован
3; 20.11.2006 16:16:59; Прогноз для станции 27581 на 048 часа успешно раскодирован
3; 20.11.2006 16:16:59; Прогноз для станции 27581 на 072 часа успешно раскодирован
3; 20.11.2006 16:16:59; Прогноз для станции 27199 на 024 часа успешно раскодирован
3; 20.11.2006 16:16:59; Прогноз для станции 27199 на 048 часа успешно раскодирован
3; 20.11.2006 16:16:59; Прогноз для станции 27199 на 072 часа успешно раскодирован
3; 20.11.2006 16:16:59; Прогноз для станции 28411 на 024 часа успешно раскодирован
3; 20.11.2006 16:16:59; Прогноз для станции 28411 на 048 часа ус3; 20.11.2006 16:27:05; Прогноз для станции 27459 на 024 часа успешно раскодирован
3; 20.11.2006 16:27:05; Прогноз для станции 27459 на 048 часа успешно раскодирован
3; 20.11.2006 16:27:05; Прогноз для станции 27459 на 072 часа успешно раскодирован
3; 20.11.2006 16:27:05; Прогноз для станции 27760 на 024 часа успешно раскодирован
3; 20.11.2006 16:27:05; Прогноз для станции 27760 на 048 часа успешно раскодирован
3; 20.11.2006 16:27:05; Прогноз для станции 27760 на 072 часа успешно раскодирован
3; 20.11.2006 16:27:05; Прогноз для станции 27485 на 024 часа успешно раскодирован
3; 20.11.2006 16:27:05; Прогноз для станции 27485 на 048 часа успешно раскодирован
3; 20.11.2006 16:27:05; Прогноз для станции 27485 на 072 часа успешно раскодирован
3; 20.11.2006 16:27:05; Прогноз для станции 27581 на 024 часа успешно раскодирован
3; 20.11.2006 16:27:05; Прогноз для станции 27581 на 048 часа успешно раскодирован
3; 20.11.2006 16:27:05; Прогноз для станции 27581 на 072 часа успешно раскодирован
3; 20.11.2006 16:27:05; Прогноз для станции 27199 на 024 часа успешно раскодирован
3; 20.11.2006 16:27:05; Прогноз для станции 27199 на 048 часа успешно раскодирован
3; 20.11.2006 16:27:05; Прогноз для станции 27199 на 072 часа успешно раскодирован
3; 20.11.2006 16:27:05; Прогноз для станции 28411 на 024 часа успешно раскодирован
3; 20.11.2006 16:27:05; Прогноз для станции 28411 на 048 часа ус3; 20.11.2006 16:39:41; Прогноз для станции 27459 на 024 часа успешно раскодирован
3; 20.11.2006 16:39:41; Прогноз для станции 27459 на 048 часа успешно раскодирован
3; 20.11.2006 16:39:41; Прогноз для станции 27459 на 072 часа успешно раскодирован
3; 20.11.2006 16:39:41; Прогноз для станции 27760 на 024 часа успешно раскодирован
3; 20.11.2006 16:39:41; Прогноз для станции 27760 на 048 часа успешно раскодирован
3; 20.11.2006 16:39:41; Прогноз для станции 27760 на 072 часа успешно раскодирован
3; 20.11.2006 16:39:41; Прогноз для станции 27485 на 024 часа успешно раскодирован
3; 20.11.2006 16:39:41; Прогноз для станции 27485 на 048 часа успешно раскодирован
3; 20.11.2006 16:39:41; Прогноз для станции 27485 на 072 часа успешно раскодирован
3; 20.11.2006 16:39:41; Прогноз для станции 27581 на 024 часа успешно раскодирован
3; 20.11.2006 16:39:41; Прогноз для станции 27581 на 048 часа успешно раскодирован
3; 20.11.2006 16:39:41; Прогноз для станции 27581 на 072 часа успешно раскодирован
3; 20.11.2006 16:39:41; Прогноз для станции 27199 на 024 часа успешно раскодирован
3; 20.11.2006 16:39:41; Прогноз для станции 27199 на 048 часа успешно раскодирован
3; 20.11.2006 16:39:41; Прогноз для станции 27199 на 072 часа успешно раскодирован
3; 20.11.2006 16:39:41; Прогноз для станции 28411 на 024 часа успешно раскодирован
3; 20.11.2006 16:39:41; Прогноз для станции 28411 на 048 часа ус3; 20.11.2006 16:42:00; Прогноз для станции 27459 на 024 часа успешно раскодирован
3; 20.11.2006 16:42:00; Прогноз для станции 27459 на 048 часа успешно раскодирован
3; 20.11.2006 16:42:00; Прогноз для станции 27459 на 072 часа успешно раскодирован
3; 20.11.2006 16:42:00; Прогноз для станции 27760 на 024 часа успешно раскодирован
3; 20.11.2006 16:42:00; Прогноз для станции 27760 на 048 часа успешно раскодирован
3; 20.11.2006 16:42:00; Прогноз для станции 27760 на 072 часа успешно раскодирован
3; 20.11.2006 16:42:00; Прогноз для станции 27485 на 024 часа успешно раскодирован
3; 20.11.2006 16:42:00; Прогноз для станции 27485 на 048 часа успешно раскодирован
3; 20.11.2006 16:42:00; Прогноз для станции 27485 на 072 часа успешно раскодирован
3; 20.11.2006 16:42:00; Прогноз для станции 27581 на 024 часа успешно раскодирован
3; 20.11.2006 16:42:00; Прогноз для станции 27581 на 048 часа успешно раскодирован
3; 20.11.2006 16:42:00; Прогноз для станции 27581 на 072 часа успешно раскодирован
3; 20.11.2006 16:42:00; Прогноз для станции 27199 на 024 часа успешно раскодирован
3; 20.11.2006 16:42:00; Прогноз для станции 27199 на 048 часа успешно раскодирован
3; 20.11.2006 16:42:00; Прогноз для станции 27199 на 072 часа успешно раскодирован
3; 20.11.2006 16:42:00; Прогноз для станции 28411 на 024 часа успешно раскодирован
3; 20.11.2006 16:42:00; Прогноз для станции 28411 на 048 часа ус3; 20.11.2006 16:45:28; Прогноз для станции 27459 на 024 часа успешно раскодирован
3; 20.11.2006 16:45:28; Прогноз для станции 27459 на 048 часа успешно раскодирован
3; 20.11.2006 16:45:28; Прогноз для станции 27459 на 072 часа успешно раскодирован
3; 20.11.2006 16:45:28; Прогноз для станции 27760 на 024 часа успешно раскодирован
3; 20.11.2006 16:45:28; Прогноз для станции 27760 на 048 часа успешно раскодирован
3; 20.11.2006 16:45:28; Прогноз для станции 27760 на 072 часа успешно раскодирован
3; 20.11.2006 16:45:28; Прогноз для станции 27485 на 024 часа успешно раскодирован
3; 20.11.2006 16:45:28; Прогноз для станции 27485 на 048 часа успешно раскодирован
3; 20.11.2006 16:45:28; Прогноз для станции 27485 на 072 часа успешно раскодирован
3; 20.11.2006 16:45:28; Прогноз для станции 27581 на 024 часа успешно раскодирован
3; 20.11.2006 16:45:28; Прогноз для станции 27581 на 048 часа успешно раскодирован
3; 20.11.2006 16:45:28; Прогноз для станции 27581 на 072 часа успешно раскодирован
3; 20.11.2006 16:45:28; Прогноз для станции 27199 на 024 часа успешно раскодирован
3; 20.11.2006 16:45:28; Прогноз для станции 27199 на 048 часа успешно раскодирован
3; 20.11.2006 16:45:28; Прогноз для станции 27199 на 072 часа успешно раскодирован
3; 20.11.2006 16:45:28; Прогноз для станции 28411 на 024 часа успешно раскодирован
3; 20.11.2006 16:45:28; Прогноз для станции 28411 на 048 часа ус3; 20.11.2006 16:47:32; Прогноз для станции 27459 на 024 часа успешно раскодирован
3; 20.11.2006 16:47:32; Прогноз для станции 27459 на 048 часа успешно раскодирован
3; 20.11.2006 16:47:32; Прогноз для станции 27459 на 072 часа успешно раскодирован
3; 20.11.2006 16:47:32; Прогноз для станции 27760 на 024 часа успешно раскодирован
3; 20.11.2006 16:47:32; Прогноз для станции 27760 на 048 часа успешно раскодирован
3; 20.11.2006 16:47:32; Прогноз для станции 27760 на 072 часа успешно раскодирован
3; 20.11.2006 16:47:32; Прогноз для станции 27485 на 024 часа успешно раскодирован
3; 20.11.2006 16:47:32; Прогноз для станции 27485 на 048 часа успешно раскодирован
3; 20.11.2006 16:47:32; Прогноз для станции 27485 на 072 часа успешно раскодирован
3; 20.11.2006 16:47:32; Прогноз для станции 27581 на 024 часа успешно раскодирован
3; 20.11.2006 16:47:32; Прогноз для станции 27581 на 048 часа успешно раскодирован
3; 20.11.2006 16:47:32; Прогноз для станции 27581 на 072 часа успешно раскодирован
3; 20.11.2006 16:47:32; Прогноз для станции 27199 на 024 часа успешно раскодирован
3; 20.11.2006 16:47:32; Прогноз для станции 27199 на 048 часа успешно раскодирован
3; 20.11.2006 16:47:32; Прогноз для станции 27199 на 072 часа успешно раскодирован
3; 20.11.2006 16:47:32; Прогноз для станции 28411 на 024 часа успешно раскодирован
3; 20.11.2006 16:47:32; Прогноз для станции 28411 на 048 часа ус3; 20.11.2006 16:48:20; Прогноз для станции 27459 на -4 часа успешно раскодирован
3; 20.11.2006 16:48:20; Прогноз для станции 27459 на 048 часа успешно раскодирован
3; 20.11.2006 16:48:20; Прогноз для станции 27459 на 072 часа успешно раскодирован
3; 20.11.2006 16:48:20; Прогноз для станции 27760 на 024 часа успешно раскодирован
3; 20.11.2006 16:48:20; Прогноз для станции 27760 на 048 часа успешно раскодирован
3; 20.11.2006 16:48:20; Прогноз для станции 27760 на 072 часа успешно раскодирован
3; 20.11.2006 16:48:20; Прогноз для станции 27485 на 024 часа успешно раскодирован
3; 20.11.2006 16:48:20; Прогноз для станции 27485 на 048 часа успешно раскодирован
3; 20.11.2006 16:48:20; Прогноз для станции 27485 на 072 часа успешно раскодирован
3; 20.11.2006 16:48:20; Прогноз для станции 27581 на 024 часа успешно раскодирован
3; 20.11.2006 16:48:20; Прогноз для станции 27581 на 048 часа успешно раскодирован
3; 20.11.2006 16:48:20; Прогноз для станции 27581 на 072 часа успешно раскодирован
3; 20.11.2006 16:48:20; Прогноз для станции 27199 на 024 часа успешно раскодирован
3; 20.11.2006 16:48:20; Прогноз для станции 27199 на 048 часа успешно раскодирован
3; 20.11.2006 16:48:20; Прогноз для станции 27199 на 072 часа успешно раскодирован
3; 20.11.2006 16:48:20; Прогноз для станции 28411 на 024 часа успешно раскодирован
3; 20.11.2006 16:48:20; Прогноз для станции 28411 на 048 часа усп3; 20.11.2006 16:50:33; Прогноз для станции 27459 на -4 часа успешно раскодирован
3; 20.11.2006 16:50:39; Прогноз для станции 27459 на 048 часа успешно раскодирован
3; 20.11.2006 16:50:40; Прогноз для станции 27459 на 072 часа успешно раскодирован
3; 20.11.2006 16:50:40; Прогноз для станции 27760 на 024 часа успешно раскодирован
3; 20.11.2006 16:50:40; Прогноз для станции 27760 на 048 часа успешно раскодирован
3; 20.11.2006 16:50:40; Прогноз для станции 27760 на 072 часа успешно раскодирован
3; 20.11.2006 16:50:40; Прогноз для станции 27485 на 024 часа успешно раскодирован
3; 20.11.2006 16:50:40; Прогноз для станции 27485 на 048 часа успешно раскодирован
3; 20.11.2006 16:50:40; Прогноз для станции 27485 на 072 часа успешно раскодирован
3; 20.11.2006 16:50:40; Прогноз для станции 27581 на 024 часа успешно раскодирован
3; 20.11.2006 16:50:40; Прогноз для станции 27581 на 048 часа успешно раскодирован
3; 20.11.2006 16:50:40; Прогноз для станции 27581 на 072 часа успешно раскодирован
3; 20.11.2006 16:50:40; Прогноз для станции 27199 на 024 часа успешно раскодирован
3; 20.11.2006 16:50:40; Прогноз для станции 27199 на 048 часа успешно раскодирован
3; 20.11.2006 16:50:40; Прогноз для станции 27199 на 072 часа успешно раскодирован
3; 20.11.2006 16:50:40; Прогноз для станции 28411 на 024 часа успешно раскодирован
3; 20.11.2006 16:50:40; Прогноз для станции 28411 на 048 часа усп3; 20.11.2006 16:56:14; Прогноз для станции 27459 на 024 часа успешно раскодирован
3; 20.11.2006 16:56:14; Прогноз для станции 27459 на 048 часа успешно раскодирован
3; 20.11.2006 16:56:14; Прогноз для станции 27459 на 072 часа успешно раскодирован
3; 20.11.2006 16:56:14; Прогноз для станции 27760 на 024 часа успешно раскодирован
3; 20.11.2006 16:56:14; Прогноз для станции 27760 на 048 часа успешно раскодирован
3; 20.11.2006 16:56:14; Прогноз для станции 27760 на 072 часа успешно раскодирован
3; 20.11.2006 16:56:14; Прогноз для станции 27485 на 024 часа успешно раскодирован
3; 20.11.2006 16:56:14; Прогноз для станции 27485 на 048 часа успешно раскодирован
3; 20.11.2006 16:56:14; Прогноз для станции 27485 на 072 часа успешно раскодирован
3; 20.11.2006 16:56:14; Прогноз для станции 27581 на 024 часа успешно раскодирован
3; 20.11.2006 16:56:14; Прогноз для станции 27581 на 048 часа успешно раскодирован
3; 20.11.2006 16:56:14; Прогноз для станции 27581 на 072 часа успешно раскодирован
3; 20.11.2006 16:56:14; Прогноз для станции 27199 на 024 часа успешно раскодирован
3; 20.11.2006 16:56:14; Прогноз для станции 27199 на 048 часа успешно раскодирован
3; 20.11.2006 16:56:14; Прогноз для станции 27199 на 072 часа успешно раскодирован
3; 20.11.2006 16:56:14; Прогноз для станции 28411 на 024 часа успешно раскодирован
3; 20.11.2006 16:56:14; Прогноз для станции 28411 на 048 часа успешно раскодирован
3; 20.11.2006 16:56:14; Прогноз для станции 28411 на 072 часа успешно раскодирован
3; 20.11.2006 16:56:48; Прогноз для станции 27459 на 048 часа успешно раскодирован
3; 20.11.2006 16:56:48; Прогноз для станции 27459 на 072 часа успешно раскодирован
3; 20.11.2006 16:56:48; Прогноз для станции 27760 на 024 часа успешно раскодирован
3; 20.11.2006 16:56:48; Прогноз для станции 27760 на 048 часа успешно раскодирован
3; 20.11.2006 16:56:48; Прогноз для станции 27760 на 072 часа успешно раскодирован
3; 20.11.2006 16:56:48; Прогноз для станции 27485 на 024 часа успешно раскодирован
3; 20.11.2006 16:56:48; Прогноз для станции 27485 на 048 часа успешно раскодирован
3; 20.11.2006 16:56:48; Прогноз для станции 27485 на 072 часа успешно раскодирован
3; 20.11.2006 16:56:48; Прогноз для станции 27581 на 024 часа успешно раскодирован
3; 20.11.2006 16:56:48; Прогноз для станции 27581 на 048 часа успешно раскодирован
3; 20.11.2006 16:56:48; Прогноз для станции 27581 на 072 часа успешно раскодирован
3; 20.11.2006 16:56:48; Прогноз для станции 27199 на 024 часа успешно раскодирован
3; 20.11.2006 16:56:48; Прогноз для станции 27199 на 048 часа успешно раскодирован
3; 20.11.2006 16:56:48; Прогноз для станции 27199 на 072 часа успешно раскодирован
3; 20.11.2006 16:56:48; Прогноз для станции 28411 на 024 часа успешно раскодирован
3; 20.11.2006 16:56:48; Прогноз для станции 3; 20.11.2006 17:01:29; Прогноз для станции 27459 на 024 часа успешно раскодирован
3; 20.11.2006 17:01:29; Прогноз для станции 27459 на 048 часа успешно раскодирован
3; 20.11.2006 17:01:29; Прогноз для станции 27459 на 072 часа успешно раскодирован
3; 20.11.2006 17:01:29; Прогноз для станции 27760 на 024 часа успешно раскодирован
3; 20.11.2006 17:01:29; Прогноз для станции 27760 на 048 часа успешно раскодирован
3; 20.11.2006 17:01:29; Прогноз для станции 27760 на 072 часа успешно раскодирован
3; 20.11.2006 17:01:29; Прогноз для станции 27485 на 024 часа успешно раскодирован
3; 20.11.2006 17:01:29; Прогноз для станции 27485 на 048 часа успешно раскодирован
3; 20.11.2006 17:01:29; Прогноз для станции 27485 на 072 часа успешно раскодирован
3; 20.11.2006 17:01:29; Прогноз для станции 27581 на 024 часа успешно раскодирован
3; 20.11.2006 17:01:29; Прогноз для станции 27581 на 048 часа успешно раскодирован
3; 20.11.2006 17:01:29; Прогноз для станции 27581 на 072 часа успешно раскодирован
3; 20.11.2006 17:01:29; Прогноз для станции 27199 на 024 часа успешно раскодирован
3; 20.11.2006 17:01:29; Прогноз для станции 27199 на 048 часа успешно раскодирован
3; 20.11.2006 17:01:29; Прогноз для станции 27199 на 072 часа успешно раскодирован
3; 20.11.2006 17:01:29; Прогноз для станции 28411 на 024 часа успешно раскодирован
3; 20.11.2006 17:01:29; Прогноз для станции 28411 на 048 часа успешно раскодирован
3; 20.11.2006 17:01:29; Прогноз для станции 28411 на 072 часа успешно раскодирован
3; 20.11.2006 17:12:22; Прогноз для станции 27459 на 024 часа успешно раскодирован
3; 20.11.2006 17:12:22; Прогноз для станции 27459 на 048 часа успешно раскодирован
3; 20.11.2006 17:12:22; Прогноз для станции 27459 на 072 часа успешно раскодирован
3; 20.11.2006 17:12:22; Прогноз для станции 27760 на 024 часа успешно раскодирован
3; 20.11.2006 17:12:22; Прогноз для станции 27760 на 048 часа успешно раскодирован
3; 20.11.2006 17:12:22; Прогноз для станции 27760 на 072 часа успешно раскодирован
3; 20.11.2006 17:12:22; Прогноз для станции 27485 на 024 часа успешно раскодирован
3; 20.11.2006 17:12:22; Прогноз для станции 27485 на 048 часа успешно раскодирован
3; 20.11.2006 17:12:22; Прогноз для станции 27485 на 072 часа успешно раскодирован
3; 20.11.2006 17:12:22; Прогноз для станции 27581 на 024 часа успешно раскодирован
3; 20.11.2006 17:12:22; Прогноз для станции 27581 на 048 часа успешно раскодирован
3; 20.11.2006 17:12:22; Прогноз для станции 27581 на 072 часа успешно раскодирован
3; 20.11.2006 17:12:22; Прогноз для станции 27199 на 024 часа успешно раскодирован
3; 20.11.2006 17:12:22; Прогноз для станции 27199 на 048 часа успешно раскодирован
3; 20.11.2006 17:12:22; Прогноз для станции 27199 на 072 часа успешно раскодирован
3; 20.11.2006 17:12:22; Прогноз для станции 28411 на 024 часа успешно раскодирован
3; 20.11.2006 17:12:22; Прогноз для станции 28411 на 048 часа ус3; 20.11.2006 17:40:01; Прогноз для станции 27459 на 024 часа успешно раскодирован
3; 20.11.2006 17:40:01; Прогноз для станции 27459 на 048 часа успешно раскодирован
3; 20.11.2006 17:40:01; Прогноз для станции 27459 на 072 часа успешно раскодирован
3; 20.11.2006 17:40:01; Прогноз для станции 27760 на 024 часа успешно раскодирован
3; 20.11.2006 17:40:01; Прогноз для станции 27760 на 048 часа успешно раскодирован
3; 20.11.2006 17:40:01; Прогноз для станции 27760 на 072 часа успешно раскодирован
3; 20.11.2006 17:40:01; Прогноз для станции 27485 на 024 часа успешно раскодирован
3; 20.11.2006 17:40:01; Прогноз для станции 27485 на 048 часа успешно раскодирован
3; 20.11.2006 17:40:01; Прогноз для станции 27485 на 072 часа успешно раскодирован
3; 20.11.2006 17:40:01; Прогноз для станции 27581 на 024 часа успешно раскодирован
3; 20.11.2006 17:40:01; Прогноз для станции 27581 на 048 часа успешно раскодирован
3; 20.11.2006 17:40:01; Прогноз для станции 27581 на 072 часа успешно раскодирован
3; 20.11.2006 17:40:01; Прогноз для станции 27199 на 024 часа успешно раскодирован
3; 20.11.2006 17:40:01; Прогноз для станции 27199 на 048 часа успешно раскодирован
3; 20.11.2006 17:40:01; Прогноз для станции 27199 на 072 часа успешно раскодирован
3; 20.11.2006 17:40:01; Прогноз для станции 28411 на 024 часа успешно раскодирован
3; 20.11.2006 17:40:01; Прогноз для станции 28411 на 048 часа ус3; 20.11.2006 17:40:51; Прогноз для станции 27459 на 024 часа успешно раскодирован
3; 20.11.2006 17:40:51; Прогноз для станции 27459 на 048 часа успешно раскодирован
3; 20.11.2006 17:40:51; Прогноз для станции 27459 на 072 часа успешно раскодирован
3; 20.11.2006 17:40:51; Прогноз для станции 27760 на 024 часа успешно раскодирован
3; 20.11.2006 17:40:51; Прогноз для станции 27760 на 048 часа успешно раскодирован
3; 20.11.2006 17:40:51; Прогноз для станции 27760 на 072 часа успешно раскодирован
3; 20.11.2006 17:40:51; Прогноз для станции 27485 на 024 часа успешно раскодирован
3; 20.11.2006 17:40:51; Прогноз для станции 27485 на 048 часа успешно раскодирован
3; 20.11.2006 17:40:51; Прогноз для станции 27485 на 072 часа успешно раскодирован
3; 20.11.2006 17:40:51; Прогноз для станции 27581 на 024 часа успешно раскодирован
3; 20.11.2006 17:40:51; Прогноз для станции 27581 на 048 часа успешно раскодирован
3; 20.11.2006 17:40:51; Прогноз для станции 27581 на 072 часа успешно раскодирован
3; 20.11.2006 17:40:51; Прогноз для станции 27199 на 024 часа успешно раскодирован
3; 20.11.2006 17:40:51; Прогноз для станции 27199 на 048 часа успешно раскодирован
3; 20.11.2006 17:40:51; Прогноз для станции 27199 на 072 часа успешно раскодирован
3; 20.11.2006 17:40:51; Прогноз для станции 28411 на 024 часа успешно раскодирован
3; 20.11.2006 17:40:51; Прогноз для станции 28411 на 048 часа ус