0; 17.11.2006 13:48:51; Неправильный формат КП-68
0; 17.11.2006 13:49:14; Неправильный формат КП-68
0; 17.11.2006 13:49:14; Не0; 17.11.2006 14:03:08; Неправильный формат КП-68
3; 17.11.2006 15:43:37; Прогноз для станции  успешно раскодирован
3; 17.11.2006 15:43:37; Прогноз для станции  успешно раскодирован
3; 17.11.2006 15:43:37; Прогноз для станции  успешно раскодирован
3; 17.11.2006 15:43:37; Прогноз для станции  успешно раскодирован
3; 17.11.2006 15:43:37; Прогноз для станции  успешно раскодирован
3; 17.11.2006 15:43:37; Прогноз для станции  успешно раскодирован
3; 17.11.2006 15:43:37; Прогноз для станции  успешно раскодирован
3; 17.11.2006 15:43:37; Прогноз для станции  успешно раскодирован
3; 17.11.2006 15:43:37; Прогноз для станции  успешно раскодирован
3; 17.11.2006 15:43:37; Прогноз для станции  успешно раскодирован
3; 17.11.2006 15:43:37; Прогноз для станции  успешно раскодирован
3; 17.11.2006 15:43:37; Прогноз для станции  успешно раскодирован
3; 17.11.2006 15:43:37; Прогноз для станции  успешно раскодирован
3; 17.11.2006 15:43:37; Прогноз для станции  успешно раскодирован
3; 17.11.2006 15:43:37; Прогноз для станции  успешно раскодирован
3; 17.11.2006 15:43:37; Прогноз для станции  успешно раскодирован
3; 17.11.2006 15:43:37; Прогноз для станции  успешно раскодирован
3; 17.11.20063; 17.11.2006 15:49:41; Прогноз для станции  успешно раскодирован
3; 17.11.2006 15:49:41; Прогноз для станции  успешно раскодирован
3; 17.11.2006 15:49:41; Прогноз для станции  успешно раскодирован
3; 17.11.2006 15:49:41; Прогноз для станции  успешно раскодирован
3; 17.11.2006 15:49:41; Прогноз для станции  успешно раскодирован
3; 17.11.2006 15:49:41; Прогноз для станции  успешно раскодирован
3; 17.11.2006 15:49:41; Прогноз для станции  успешно раскодирован
3; 17.11.2006 15:49:41; Прогноз для станции  успешно раскодирован
3; 17.11.2006 15:49:41; Прогноз для станции  успешно раскодирован
3; 17.11.2006 15:49:41; Прогноз для станции  успешно раскодирован
3; 17.11.2006 15:49:41; Прогноз для станции  успешно раскодирован
3; 17.11.2006 15:49:41; Прогноз для станции  успешно раскодирован
3; 17.11.2006 15:49:41; Прогноз для станции  успешно раскодирован
3; 17.11.2006 15:49:41; Прогноз для станции  успешно раскодирован
3; 17.11.2006 15:49:41; Прогноз для станции  успешно раскодирован
3; 17.11.2006 15:49:41; Прогноз для станции  успешно раскодирован
3; 17.11.2006 15:49:41; Прогноз для станции  успешно раскодирован
3; 17.11.20063; 17.11.2006 15:57:24; Прогноз для станции 27459 успешно раскодирован
3; 17.11.2006 15:57:24; Прогноз для станции 27459 успешно раскодирован
3; 17.11.2006 15:57:24; Прогноз для станции 27459 успешно раскодирован
3; 17.11.2006 15:57:24; Прогноз для станции 27760 успешно раскодирован
3; 17.11.2006 15:57:24; Прогноз для станции 27760 успешно раскодирован
3; 17.11.2006 15:57:24; Прогноз для станции 27760 успешно раскодирован
3; 17.11.2006 15:57:24; Прогноз для станции 27485 успешно раскодирован
3; 17.11.2006 15:57:24; Прогноз для станции 27485 успешно раскодирован
3; 17.11.2006 15:57:24; Прогноз для станции 27485 успешно раскодирован
3; 17.11.2006 15:57:24; Прогноз для станции 27581 успешно раскодирован
3; 17.11.2006 15:57:24; Прогноз для станции 27581 успешно раскодирован
3; 17.11.2006 15:57:24; Прогноз для станции 27581 успешно раскодирован
3; 17.11.2006 15:57:24; Прогноз для станции 27199 успешно раскодирован
3; 17.11.2006 15:57:24; Прогноз для станции 27199 успешно раскодирован
3; 17.11.2006 15:57:24; Прогноз для станции 27199 успешно раскодирован
3; 17.11.2006 15:57:24; Прогноз для станции 28411 успешно раскодирован
3; 17.11.2006 15:57:24; Прогноз для станции 28411 успешно раскодирован
3; 17.11.2006 15:57:24; Прогноз для станции 28411 успешн