3; 24.11.2006 12:37:38; Прогноз для станции 27459 на 024 часа успешно раскодирован
3; 24.11.2006 12:37:38; Прогноз для станции 27459 на 048 часа успешно раскодирован
3; 24.11.2006 12:37:38; Прогноз для станции 27459 на 072 часа успешно раскодирован
3; 24.11.2006 12:37:38; Прогноз для станции 27760 на 024 часа успешно раскодирован
3; 24.11.2006 12:37:38; Прогноз для станции 27760 на 048 часа успешно раскодирован
3; 24.11.2006 12:37:38; Прогноз для станции 27760 на 072 часа успешно раскодирован
3; 24.11.2006 12:37:38; Прогноз для станции 27485 на 024 часа успешно раскодирован
3; 24.11.2006 12:37:38; Прогноз для станции 27485 на 048 часа успешно раскодирован
3; 24.11.2006 12:37:38; Прогноз для станции 27485 на 072 часа успешно раскодирован
3; 24.11.2006 12:37:38; Прогноз для станции 27581 на 024 часа успешно раскодирован
3; 24.11.2006 12:37:38; Прогноз для станции 27581 на 048 часа успешно раскодирован
3; 24.11.2006 12:37:38; Прогноз для станции 27581 на 072 часа успешно раскодирован
3; 24.11.2006 12:37:38; Прогноз для станции 27199 на 024 часа успешно раскодирован
3; 24.11.2006 12:37:38; Прогноз для станции 27199 на 048 часа успешно раскодирован
3; 24.11.2006 12:37:38; Прогноз для станции 27199 на 072 часа успешно раскодирован
3; 24.11.2006 12:37:38; Прогноз для станции 28411 на 024 часа успешно раскодирован
3; 24.11.2006 12:37:38; Прогноз для станции 28411 на 048 часа успешно раскодирован
3; 24.11.2006 12:37:38; Прогноз для станции 28411 на 072 часа успешно раскодирован
0; 24.11.2006 12:37:58; Прогноз для станции 27459 на 22.11.2006 не записан на сайт ВВ УГМС. Отсутствует соединение с сервером
0; 24.11.2006 12:38:01; Прогноз для станции 27459 на 23.11.2006 не записан на сайт ВВ УГМС. Отсутствует соединение с сервером
0; 24.11.2006 12:38:04; Прогноз для станции 27459 на 24.11.2006 не записан на сайт ВВ УГМС. Отсутствует соединение с сервером
0; 24.11.2006 12:38:07; Прогноз для станции 27760 на 22.11.2006 не записан на сайт ВВ УГМС. Отсутствует соединение с сервером
0; 24.11.2006 12:38:10; Прогноз для станции 27760 на 23.11.2006 не записан на сайт ВВ УГМС. Отсутствует соединение с сервером
0; 24.11.2006 12:38:13; Прогноз для станции 27760 на 24.11.2006 не записан на сайт ВВ УГМС. Отсутствует соединение с сервером
0; 24.11.2006 12:38:16; Прогноз для станции 27485 на 22.11.2006 не записан на сайт ВВ УГМС. Отсутствует соединение с сервером
0; 24.11.2006 12:38:19; Прогноз для станции 27485 на 23.11.2006 не записан на сайт ВВ УГМС. Отсутствует соединение с сервером
0; 24.11.2006 12:38:22; Прогноз для станции 27485 на 24.11.2006 не записан на сайт ВВ УГМС. Отсутствует соединение с сервером
0; 24.11.2006 12:38:25; Прогноз для станции 27581 на 22.11.2006 не записан на сайт ВВ УГМС. Отсутствует соединение с сервером
0; 24.11.2006 12:38:28; Прогноз для станции 27581 на 23.11.2006 не записан на сайт ВВ УГМС. Отсутствует соединение с сервером
0; 24.11.2006 12:38:31; Прогноз для станции 27581 на 24.11.2006 не записан на сайт ВВ УГМС. Отсутствует соединение с сервером
0; 24.11.2006 12:38:34; Прогноз для станции 27199 на 22.11.2006 не записан на сайт ВВ УГМС. Отсутствует соединение с сервером
0; 24.11.2006 12:38:37; Прогноз для станции 27199 на 23.11.2006 не записан на сайт ВВ УГМС. Отсутствует соединение с сервером
0; 24.11.2006 12:38:40; Прогноз для станции 27199 на 24.11.2006 не записан на сайт ВВ УГМС. Отсутствует соединение с сервером
0; 24.11.2006 12:38:43; Прогноз для станции 28411 на 22.11.2006 не записан на сайт ВВ УГМС. Отсутствует соединение с сервером
0; 24.11.2006 12:38:46; Прогноз для станции 28411 на 23.11.2006 не записан на сайт ВВ УГМС. Отсутствует соединение с сервером
0; 24.11.2006 12:38:49; Прогноз для станции 28411 на 24.11.2006 не записан на сайт ВВ УГМС. Отсутствует соединение с сервером
3; 24.11.2006 13:11:11; Прогноз для станции 27459 на 024 часа успешно раскодирован
3; 24.11.2006 13:11:11; Прогноз для станции 27459 на 048 часа успешно раскодирован
3; 24.11.2006 13:11:11; Прогноз для станции 27459 на 072 часа успешно раскодирован
3; 24.11.2006 13:11:11; Прогноз для станции 27760 на 024 часа успешно раскодирован
3; 24.11.2006 13:11:11; Прогноз для станции 27760 на 048 часа успешно раскодирован
3; 24.11.2006 13:11:11; Прогноз для станции 27760 на 072 часа успешно раскодирован
3; 24.11.2006 13:11:11; Прогноз для станции 27485 на 024 часа успешно раскодирован
3; 24.11.2006 13:11:11; Прогноз для станции 27485 на 048 часа успешно раскодирован
3; 24.11.2006 13:11:11; Прогноз для станции 27485 на 072 часа успешно раскодирован
3; 24.11.2006 13:11:11; Прогноз для станции 27581 на 024 часа успешно раскодирован
3; 24.11.2006 13:11:11; Прогноз для станции 27581 на 048 часа успешно раскодирован
3; 24.11.2006 13:11:11; Прогноз для станции 27581 на 072 часа успешно раскодирован
3; 24.11.2006 13:11:11; Прогноз для станции 27199 на 024 часа успешно раскодирован
3; 24.11.2006 13:11:11; Прогноз для станции 27199 на 048 часа успешно раскодирован
3; 24.11.2006 13:11:11; Прогноз для станции 27199 на 072 часа успешно раскодирован
3; 24.11.2006 13:11:11; Прогноз для станции 28411 на 024 часа успешно раскодирован
3; 24.11.2006 13:11:12; Прогноз для станции 28411 на 048 часа успешно раскодирован
3; 24.11.2006 13:11:12; Прогноз для станции 28411 на 072 часа успешно раскодирован
3; 24.11.2006 13:21:15; Прогноз для станции 27459 на 024 часа успешно раскодирован
3; 24.11.2006 13:21:15; Прогноз для станции 27459 на 048 часа успешно раскодирован
3; 24.11.2006 13:21:15; Прогноз для станции 27459 на 072 часа успешно раскодирован
3; 24.11.2006 13:21:15; Прогноз для станции 27760 на 024 часа успешно раскодирован
3; 24.11.2006 13:21:15; Прогноз для станции 27760 на 048 часа успешно раскодирован
3; 24.11.2006 13:21:15; Прогноз для станции 27760 на 072 часа успешно раскодирован
3; 24.11.2006 13:21:15; Прогноз для станции 27485 на 024 часа успешно раскодирован
3; 24.11.2006 13:21:15; Прогноз для станции 27485 на 048 часа успешно раскодирован
3; 24.11.2006 13:21:15; Прогноз для станции 27485 на 072 часа успешно раскодирован
3; 24.11.2006 13:21:15; Прогноз для станции 27581 на 024 часа успешно раскодирован
3; 24.11.2006 13:21:15; Прогноз для станции 27581 на 048 часа успешно раскодирован
3; 24.11.2006 13:21:15; Прогноз для станции 27581 на 072 часа успешно раскодирован
3; 24.11.2006 13:21:15; Прогноз для станции 27199 на 024 часа успешно раскодирован
3; 24.11.2006 13:21:15; Прогноз для станции 27199 на 048 часа успешно раскодирован
3; 24.11.2006 13:21:15; Прогноз для станции 27199 на 072 часа успешно раскодирован
3; 24.11.2006 13:21:15; Прогноз для станции 28411 на 024 часа успешно раскодирован
3; 24.11.2006 13:21:15; Прогноз для станции 28411 на 048 часа успешно раскодирован
3; 24.11.2006 13:21:15; Прогноз для станции 28411 на 072 часа успешно раскодирован
0; 24.11.2006 13:21:17; Прогноз для станции 27459 на 22.11.2006 не записан на сайт ВВ УГМС. <br />
<b>Parse error</b>:  parse error, unexpected T_REQUIRE in <b>/var/www/html/prognoz/writefrc.php</b> on line <b>2</b><br />

0; 24.11.2006 13:21:17; Прогноз для станции 27459 на 23.11.2006 не записан на сайт ВВ УГМС. <br />
<b>Parse error</b>:  parse error, unexpected T_REQUIRE in <b>/var/www/html/prognoz/writefrc.php</b> on line <b>2</b><br />

0; 24.11.2006 13:21:17; Прогноз для станции 27459 на 24.11.2006 не записан на сайт ВВ УГМС. <br />
<b>Parse error</b>:  parse error, unexpected T_REQUIRE in <b>/var/www/html/prognoz/writefrc.php</b> on line <b>2</b><br />

0; 24.11.2006 13:21:17; Прогноз для станции 27760 на 22.11.2006 не записан на сайт ВВ УГМС. <br />
<b>Parse error</b>:  parse error, unexpected T_REQUIRE in <b>/var/www/html/prognoz/writefrc.php</b> on line <b>2</b><br />

0; 24.11.2006 13:21:18; Прогноз для станции 27760 на 23.11.2006 не записан на сайт ВВ УГМС. <br />
<b>Parse error</b>:  parse error, unexpected T_REQUIRE in <b>/var/www/html/prognoz/writefrc.php</b> on line <b>2</b><br />

0; 24.11.2006 13:21:18; Прогноз для станции 27760 на 24.11.2006 не записан на сайт ВВ УГМС. <br />
<b>Parse error</b>:  parse error, unexpected T_REQUIRE in <b>/var/www/html/prognoz/writefrc.php</b> on line <b>2</b><br />

0; 24.11.2006 13:21:18; Прогноз для станции 27485 на 22.11.2006 не записан на сайт ВВ УГМС. <br />
<b>Parse error</b>:  parse error, unexpected T_REQUIRE in <b>/var/www/html/prognoz/writefrc.php</b> on line <b>2</b><br />

0; 24.11.2006 13:21:18; Прогноз для станции 27485 на 23.11.2006 не записан на сайт ВВ УГМС. <br />
<b>Parse error</b>:  parse error, unexpected T_REQUIRE in <b>/var/www/html/prognoz/writefrc.php</b> on line <b>2</b><br />

0; 24.11.2006 13:21:18; Прогноз для станции 27485 на 24.11.2006 не записан на сайт ВВ УГМС. <br />
<b>Parse error</b>:  parse error, unexpected T_REQUIRE in <b>/var/www/html/prognoz/writefrc.php</b> on line <b>2</b><br />

0; 24.11.2006 13:21:18; Прогноз для станции 27581 на 22.11.2006 не записан на сайт ВВ УГМС. <br />
<b>Parse error</b>:  parse error, unexpected T_REQUIRE in <b>/var/www/html/prognoz/writefrc.php</b> on line <b>2</b><br />

0; 24.11.2006 13:21:18; Прогноз для станции 27581 на 23.11.2006 не записан на сайт ВВ УГМС. <br />
<b>Parse error</b>:  parse error, unexpected T_REQUIRE in <b>/var/www/html/prognoz/writefrc.php</b> on line <b>2</b><br />

0; 24.11.2006 13:21:18; Прогноз для станции 27581 на 24.11.2006 не записан на сайт ВВ УГМС. <br />
<b>Parse error</b>:  parse error, unexpected T_REQUIRE in <b>/var/www/html/prognoz/writefrc.php</b> on line <b>2</b><br />

0; 24.11.2006 13:21:19; Прогноз для станции 27199 на 22.11.2006 не записан на сайт ВВ УГМС. <br />
<b>Parse error</b>:  parse error, unexpected T_REQUIRE in <b>/var/www/html/prognoz/writefrc.php</b> on line <b>2</b><br />

0; 24.11.2006 13:21:19; Прогноз для станции 27199 на 23.11.2006 не записан на сайт ВВ УГМС. <br />
<b>Parse error</b>:  parse error, unexpected T_REQUIRE in <b>/var/www/html/prognoz/writefrc.php</b> on line <b>2</b><br />

0; 24.11.2006 13:21:19; Прогноз для станции 27199 на 24.11.2006 не записан на сайт ВВ УГМС. <br />
<b>Parse error</b>:  parse error, unexpected T_REQUIRE in <b>/var/www/html/prognoz/writefrc.php</b> on line <b>2</b><br />

0; 24.11.2006 13:21:19; Прогноз для станции 28411 на 22.11.2006 не записан на сайт ВВ УГМС. <br />
<b>Parse error</b>:  parse error, unexpected T_REQUIRE in <b>/var/www/html/prognoz/writefrc.php</b> on line <b>2</b><br />

0; 24.11.2006 13:21:19; Прогноз для станции 28411 на 23.11.2006 не записан на сайт ВВ УГМС. <br />
<b>Parse error</b>:  parse error, unexpected T_REQUIRE in <b>/var/www/html/prognoz/writefrc.php</b> on line <b>2</b><br />

0; 24.11.2006 13:21:19; Прогноз для станции 28411 на 24.11.2006 не записан на сайт ВВ УГМС. <br />
<b>Parse error</b>:  parse error, unexpected T_REQUIRE in <b>/var/www/html/prognoz/writefrc.php</b> on line <b>2</b><br />

3; 24.11.2006 13:23:31; Прогноз для станции 27459 на 024 часа успешно раскодирован
3; 24.11.2006 13:23:31; Прогноз для станции 27459 на 048 часа успешно раскодирован
3; 24.11.2006 13:23:31; Прогноз для станции 27459 на 072 часа успешно раскодирован
3; 24.11.2006 13:23:31; Прогноз для станции 27760 на 024 часа успешно раскодирован
3; 24.11.2006 13:23:31; Прогноз для станции 27760 на 048 часа успешно раскодирован
3; 24.11.2006 13:23:31; Прогноз для станции 27760 на 072 часа успешно раскодирован
3; 24.11.2006 13:23:31; Прогноз для станции 27485 на 024 часа успешно раскодирован
3; 24.11.2006 13:23:31; Прогноз для станции 27485 на 048 часа успешно раскодирован
3; 24.11.2006 13:23:31; Прогноз для станции 27485 на 072 часа успешно раскодирован
3; 24.11.2006 13:23:31; Прогноз для станции 27581 на 024 часа успешно раскодирован
3; 24.11.2006 13:23:31; Прогноз для станции 27581 на 048 часа успешно раскодирован
3; 24.11.2006 13:23:31; Прогноз для станции 27581 на 072 часа успешно раскодирован
3; 24.11.2006 13:23:31; Прогноз для станции 27199 на 024 часа успешно раскодирован
3; 24.11.2006 13:23:31; Прогноз для станции 27199 на 048 часа успешно раскодирован
3; 24.11.2006 13:23:31; Прогноз для станции 27199 на 072 часа успешно раскодирован
3; 24.11.2006 13:23:31; Прогноз для станции 28411 на 024 часа успешно раскодирован
3; 24.11.2006 13:23:31; Прогноз для станции 28411 на 048 часа успешно раскодирован
3; 24.11.2006 13:23:31; Прогноз для станции 28411 на 072 часа успешно раскодирован
9; 24.11.2006 13:23:34; Прогноз для станции 27459 на 22.11.2006 записан на сайт ВВ УГМС
9; 24.11.2006 13:23:35; Прогноз для станции 27459 на 23.11.2006 записан на сайт ВВ УГМС
9; 24.11.2006 13:23:35; Прогноз для станции 27459 на 24.11.2006 записан на сайт ВВ УГМС
9; 24.11.2006 13:23:35; Прогноз для станции 27760 на 22.11.2006 записан на сайт ВВ УГМС
9; 24.11.2006 13:23:35; Прогноз для станции 27760 на 23.11.2006 записан на сайт ВВ УГМС
9; 24.11.2006 13:23:35; Прогноз для станции 27760 на 24.11.2006 записан на сайт ВВ УГМС
9; 24.11.2006 13:23:35; Прогноз для станции 27485 на 22.11.2006 записан на сайт ВВ УГМС
9; 24.11.2006 13:23:36; Прогноз для станции 27485 на 23.11.2006 записан на сайт ВВ УГМС
9; 24.11.2006 13:23:36; Прогноз для станции 27485 на 24.11.2006 записан на сайт ВВ УГМС
9; 24.11.2006 13:23:36; Прогноз для станции 27581 на 22.11.2006 записан на сайт ВВ УГМС
9; 24.11.2006 13:23:36; Прогноз для станции 27581 на 23.11.2006 записан на сайт ВВ УГМС
9; 24.11.2006 13:23:36; Прогноз для станции 27581 на 24.11.2006 записан на сайт ВВ УГМС
9; 24.11.2006 13:23:36; Прогноз для станции 27199 на 22.11.2006 записан на сайт ВВ УГМС
9; 24.11.2006 13:23:37; Прогноз для станции 27199 на 23.11.2006 записан на сайт ВВ УГМС
9; 24.11.2006 13:23:37; Прогноз для станции 27199 на 24.11.2006 записан на сайт ВВ УГМС
9; 24.11.2006 13:23:37; Прогноз для станции 28411 на 22.11.2006 записан на сайт ВВ УГМС
9; 24.11.2006 13:23:37; Прогноз для станции 28411 на 23.11.2006 записан на сайт ВВ УГМС
9; 24.11.2006 13:23:37; Прогноз для станции 28411 на 24.11.2006 записан на сайт ВВ УГМС
3; 24.11.2006 13:25:59; Прогноз для станции 27459 на 024 часа успешно раскодирован
3; 24.11.2006 13:25:59; Прогноз для станции 27459 на 048 часа успешно раскодирован
3; 24.11.2006 13:25:59; Прогноз для станции 27459 на 072 часа успешно раскодирован
3; 24.11.2006 13:25:59; Прогноз для станции 27760 на 024 часа успешно раскодирован
3; 24.11.2006 13:25:59; Прогноз для станции 27760 на 048 часа успешно раскодирован
3; 24.11.2006 13:25:59; Прогноз для станции 27760 на 072 часа успешно раскодирован
3; 24.11.2006 13:25:59; Прогноз для станции 27485 на 024 часа успешно раскодирован
3; 24.11.2006 13:25:59; Прогноз для станции 27485 на 048 часа успешно раскодирован
3; 24.11.2006 13:25:59; Прогноз для станции 27485 на 072 часа успешно раскодирован
3; 24.11.2006 13:25:59; Прогноз для станции 27581 на 024 часа успешно раскодирован
3; 24.11.2006 13:25:59; Прогноз для станции 27581 на 048 часа успешно раскодирован
3; 24.11.2006 13:25:59; Прогноз для станции 27581 на 072 часа успешно раскодирован
3; 24.11.2006 13:25:59; Прогноз для станции 27199 на 024 часа успешно раскодирован
3; 24.11.2006 13:25:59; Прогноз для станции 27199 на 048 часа успешно раскодирован
3; 24.11.2006 13:25:59; Прогноз для станции 27199 на 072 часа успешно раскодирован
3; 24.11.2006 13:25:59; Прогноз для станции 28411 на 024 часа успешно раскодирован
3; 24.11.2006 13:25:59; Прогноз для станции 28411 на 048 часа успешно раскодирован
3; 24.11.2006 13:25:59; Прогноз для станции 28411 на 072 часа успешно раскодирован
9; 24.11.2006 13:26:00; Прогноз для станции 27459 на 22.11.2006 записан на сайт ВВ УГМС
9; 24.11.2006 13:26:01; Прогноз для станции 27459 на 23.11.2006 записан на сайт ВВ УГМС
9; 24.11.2006 13:26:01; Прогноз для станции 27459 на 24.11.2006 записан на сайт ВВ УГМС
9; 24.11.2006 13:26:01; Прогноз для станции 27760 на 22.11.2006 записан на сайт ВВ УГМС
9; 24.11.2006 13:26:01; Прогноз для станции 27760 на 23.11.2006 записан на сайт ВВ УГМС
9; 24.11.2006 13:26:01; Прогноз для станции 27760 на 24.11.2006 записан на сайт ВВ УГМС
9; 24.11.2006 13:26:01; Прогноз для станции 27485 на 22.11.2006 записан на сайт ВВ УГМС
9; 24.11.2006 13:26:01; Прогноз для станции 27485 на 23.11.2006 записан на сайт ВВ УГМС
9; 24.11.2006 13:26:02; Прогноз для станции 27485 на 24.11.2006 записан на сайт ВВ УГМС
9; 24.11.2006 13:26:02; Прогноз для станции 27581 на 22.11.2006 записан на сайт ВВ УГМС
9; 24.11.2006 13:26:02; Прогноз для станции 27581 на 23.11.2006 записан на сайт ВВ УГМС
9; 24.11.2006 13:26:02; Прогноз для станции 27581 на 24.11.2006 записан на сайт ВВ УГМС
9; 24.11.2006 13:26:02; Прогноз для станции 27199 на 22.11.2006 записан на сайт ВВ УГМС
9; 24.11.2006 13:26:02; Прогноз для станции 27199 на 23.11.2006 записан на сайт ВВ УГМС
9; 24.11.2006 13:26:03; Прогноз для станции 27199 на 24.11.2006 записан на сайт ВВ УГМС
9; 24.11.2006 13:26:03; Прогноз для станции 28411 на 22.11.2006 записан на сайт ВВ УГМС
9; 24.11.2006 13:26:03; Прогноз для станции 28411 на 23.11.2006 записан на сайт ВВ УГМС
9; 24.11.2006 13:26:03; Прогноз для станции 28411 на 24.11.2006 записан на сайт ВВ УГМС
3; 24.11.2006 13:28:11; Прогноз для станции 27459 на 024 часа успешно раскодирован
3; 24.11.2006 13:28:11; Прогноз для станции 27459 на 048 часа успешно раскодирован
3; 24.11.2006 13:28:11; Прогноз для станции 27459 на 072 часа успешно раскодирован
3; 24.11.2006 13:28:11; Прогноз для станции 27760 на 024 часа успешно раскодирован
3; 24.11.2006 13:28:11; Прогноз для станции 27760 на 048 часа успешно раскодирован
3; 24.11.2006 13:28:11; Прогноз для станции 27760 на 072 часа успешно раскодирован
3; 24.11.2006 13:28:11; Прогноз для станции 27485 на 024 часа успешно раскодирован
3; 24.11.2006 13:28:11; Прогноз для станции 27485 на 048 часа успешно раскодирован
3; 24.11.2006 13:28:11; Прогноз для станции 27485 на 072 часа успешно раскодирован
3; 24.11.2006 13:28:11; Прогноз для станции 27581 на 024 часа успешно раскодирован
3; 24.11.2006 13:28:11; Прогноз для станции 27581 на 048 часа успешно раскодирован
3; 24.11.2006 13:28:11; Прогноз для станции 27581 на 072 часа успешно раскодирован
3; 24.11.2006 13:28:11; Прогноз для станции 27199 на 024 часа успешно раскодирован
3; 24.11.2006 13:28:11; Прогноз для станции 27199 на 048 часа успешно раскодирован
3; 24.11.2006 13:28:11; Прогноз для станции 27199 на 072 часа успешно раскодирован
3; 24.11.2006 13:28:11; Прогноз для станции 28411 на 024 часа успешно раскодирован
3; 24.11.2006 13:28:11; Прогноз для станции 28411 на 048 часа успешно раскодирован
3; 24.11.2006 13:28:11; Прогноз для станции 28411 на 072 часа успешно раскодирован
9; 24.11.2006 13:28:13; Прогноз для станции 27459 на 22.11.2006 записан на сайт ВВ УГМС
9; 24.11.2006 13:28:13; Прогноз для станции 27459 на 23.11.2006 записан на сайт ВВ УГМС
9; 24.11.2006 13:28:13; Прогноз для станции 27459 на 24.11.2006 записан на сайт ВВ УГМС
9; 24.11.2006 13:28:13; Прогноз для станции 27760 на 22.11.2006 записан на сайт ВВ УГМС
9; 24.11.2006 13:28:13; Прогноз для станции 27760 на 23.11.2006 записан на сайт ВВ УГМС
9; 24.11.2006 13:28:13; Прогноз для станции 27760 на 24.11.2006 записан на сайт ВВ УГМС
9; 24.11.2006 13:28:14; Прогноз для станции 27485 на 22.11.2006 записан на сайт ВВ УГМС
9; 24.11.2006 13:28:14; Прогноз для станции 27485 на 23.11.2006 записан на сайт ВВ УГМС
9; 24.11.2006 13:28:14; Прогноз для станции 27485 на 24.11.2006 записан на сайт ВВ УГМС
9; 24.11.2006 13:28:14; Прогноз для станции 27581 на 22.11.2006 записан на сайт ВВ УГМС
9; 24.11.2006 13:28:14; Прогноз для станции 27581 на 23.11.2006 записан на сайт ВВ УГМС
9; 24.11.2006 13:28:14; Прогноз для станции 27581 на 24.11.2006 записан на сайт ВВ УГМС
9; 24.11.2006 13:28:15; Прогноз для станции 27199 на 22.11.2006 записан на сайт ВВ УГМС
9; 24.11.2006 13:28:15; Прогноз для станции 27199 на 23.11.2006 записан на сайт ВВ УГМС
9; 24.11.2006 13:28:15; Прогноз для станции 27199 на 24.11.2006 записан на сайт ВВ УГМС
9; 24.11.2006 13:28:15; Прогноз для станции 28411 на 22.11.2006 записан на сайт ВВ УГМС
9; 24.11.2006 13:28:15; Прогноз для станции 28411 на 23.11.2006 записан на сайт ВВ УГМС
9; 24.11.2006 13:28:15; Прогноз для станции 28411 на 24.11.2006 записан на сайт ВВ УГМС
3; 24.11.2006 13:33:09; Прогноз для станции 27459 на 024 часа успешно раскодирован
3; 24.11.2006 13:33:09; Прогноз для станции 27459 на 048 часа успешно раскодирован
3; 24.11.2006 13:33:09; Прогноз для станции 27459 на 072 часа успешно раскодирован
3; 24.11.2006 13:33:09; Прогноз для станции 27760 на 024 часа успешно раскодирован
3; 24.11.2006 13:33:09; Прогноз для станции 27760 на 048 часа успешно раскодирован
3; 24.11.2006 13:33:09; Прогноз для станции 27760 на 072 часа успешно раскодирован
3; 24.11.2006 13:33:09; Прогноз для станции 27485 на 024 часа успешно раскодирован
3; 24.11.2006 13:33:09; Прогноз для станции 27485 на 048 часа успешно раскодирован
3; 24.11.2006 13:33:09; Прогноз для станции 27485 на 072 часа успешно раскодирован
3; 24.11.2006 13:33:09; Прогноз для станции 27581 на 024 часа успешно раскодирован
3; 24.11.2006 13:33:09; Прогноз для станции 27581 на 048 часа успешно раскодирован
3; 24.11.2006 13:33:09; Прогноз для станции 27581 на 072 часа успешно раскодирован
3; 24.11.2006 13:33:09; Прогноз для станции 27199 на 024 часа успешно раскодирован
3; 24.11.2006 13:33:09; Прогноз для станции 27199 на 048 часа успешно раскодирован
3; 24.11.2006 13:33:09; Прогноз для станции 27199 на 072 часа успешно раскодирован
3; 24.11.2006 13:33:09; Прогноз для станции 28411 на 024 часа успешно раскодирован
3; 24.11.2006 13:33:09; Прогноз для станции 28411 на 048 часа успешно раскодирован
3; 24.11.2006 13:33:09; Прогноз для станции 28411 на 072 часа успешно раскодирован
9; 24.11.2006 13:33:17; Прогноз для станции 27459 на 22.11.2006 записан на сайт ВВ УГМС
9; 24.11.2006 13:33:17; Прогноз для станции 27459 на 23.11.2006 записан на сайт ВВ УГМС
9; 24.11.2006 13:33:17; Прогноз для станции 27459 на 24.11.2006 записан на сайт ВВ УГМС
9; 24.11.2006 13:33:17; Прогноз для станции 27760 на 22.11.2006 записан на сайт ВВ УГМС
9; 24.11.2006 13:33:18; Прогноз для станции 27760 на 23.11.2006 записан на сайт ВВ УГМС
9; 24.11.2006 13:33:18; Прогноз для станции 27760 на 24.11.2006 записан на сайт ВВ УГМС
9; 24.11.2006 13:33:18; Прогноз для станции 27485 на 22.11.2006 записан на сайт ВВ УГМС
9; 24.11.2006 13:33:18; Прогноз для станции 27485 на 23.11.2006 записан на сайт ВВ УГМС
9; 24.11.2006 13:33:18; Прогноз для станции 27485 на 24.11.2006 записан на сайт ВВ УГМС
9; 24.11.2006 13:33:18; Прогноз для станции 27581 на 22.11.2006 записан на сайт ВВ УГМС
9; 24.11.2006 13:33:18; Прогноз для станции 27581 на 23.11.2006 записан на сайт ВВ УГМС
9; 24.11.2006 13:33:18; Прогноз для станции 27581 на 24.11.2006 записан на сайт ВВ УГМС
9; 24.11.2006 13:33:19; Прогноз для станции 27199 на 22.11.2006 записан на сайт ВВ УГМС
9; 24.11.2006 13:33:19; Прогноз для станции 27199 на 23.11.2006 записан на сайт ВВ УГМС
9; 24.11.2006 13:33:19; Прогноз для станции 27199 на 24.11.2006 записан на сайт ВВ УГМС
9; 24.11.2006 13:33:19; Прогноз для станции 28411 на 22.11.2006 записан на сайт ВВ УГМС
9; 24.11.2006 13:33:19; Прогноз для станции 28411 на 23.11.2006 записан на сайт ВВ УГМС
9; 24.11.2006 13:33:19; Прогноз для станции 28411 на 24.11.2006 записан на сайт ВВ УГМС
3; 24.11.2006 14:00:51; Прогноз для станции 27459 на 024 часа успешно раскодирован
3; 24.11.2006 14:00:51; Прогноз для станции 27459 на 048 часа успешно раскодирован
3; 24.11.2006 14:00:51; Прогноз для станции 27459 на 072 часа успешно раскодирован
3; 24.11.2006 14:00:51; Прогноз для станции 27760 на 024 часа успешно раскодирован
3; 24.11.2006 14:00:51; Прогноз для станции 27760 на 048 часа успешно раскодирован
3; 24.11.2006 14:00:51; Прогноз для станции 27760 на 072 часа успешно раскодирован
3; 24.11.2006 14:00:51; Прогноз для станции 27485 на 024 часа успешно раскодирован
3; 24.11.2006 14:00:51; Прогноз для станции 27485 на 048 часа успешно раскодирован
3; 24.11.2006 14:00:51; Прогноз для станции 27485 на 072 часа успешно раскодирован
3; 24.11.2006 14:00:51; Прогноз для станции 27581 на 024 часа успешно раскодирован
3; 24.11.2006 14:00:51; Прогноз для станции 27581 на 048 часа успешно раскодирован
3; 24.11.2006 14:00:51; Прогноз для станции 27581 на 072 часа успешно раскодирован
3; 24.11.2006 14:00:51; Прогноз для станции 27199 на 024 часа успешно раскодирован
3; 24.11.2006 14:00:51; Прогноз для станции 27199 на 048 часа успешно раскодирован
3; 24.11.2006 14:00:51; Прогноз для станции 27199 на 072 часа успешно раскодирован
3; 24.11.2006 14:00:51; Прогноз для станции 28411 на 024 часа успешно раскодирован
3; 24.11.2006 14:00:51; Прогноз для станции 28411 на 048 часа успешно раскодирован
3; 24.11.2006 14:00:51; Прогноз для станции 28411 на 072 часа успешно раскодирован
0; 24.11.2006 14:00:53; Прогноз для станции 27459 на 11.22.2006 не записан на сайт ВВ УГМС. <br />
<b>Warning</b>:  pg_exec() query failed:  ERROR:  parser: parse error at or near ".2006" at character 40
 in <b>/var/www/html/db_pgsql.inc</b> on line <b>52</b><br />
</td></tr></table><b>Database error:</b> Invalid SQL: SELECT index FROM frc3 WHERE date=11.22.2006 and index=27459<br>
<b>PostgreSQL Error</b>: 1 (ERROR:  parser: parse error at or near ".2006" at character 40
)<br>
Session halted.
0; 24.11.2006 14:00:54; Прогноз для станции 27459 на 11.23.2006 не записан на сайт ВВ УГМС. <br />
<b>Warning</b>:  pg_exec() query failed:  ERROR:  parser: parse error at or near ".2006" at character 40
 in <b>/var/www/html/db_pgsql.inc</b> on line <b>52</b><br />
</td></tr></table><b>Database error:</b> Invalid SQL: SELECT index FROM frc3 WHERE date=11.23.2006 and index=27459<br>
<b>PostgreSQL Error</b>: 1 (ERROR:  parser: parse error at or near ".2006" at character 40
)<br>
Session halted.
0; 24.11.2006 14:00:54; Прогноз для станции 27459 на 11.24.2006 не записан на сайт ВВ УГМС. <br />
<b>Warning</b>:  pg_exec() query failed:  ERROR:  parser: parse error at or near ".2006" at character 40
 in <b>/var/www/html/db_pgsql.inc</b> on line <b>52</b><br />
</td></tr></table><b>Database error:</b> Invalid SQL: SELECT index FROM frc3 WHERE date=11.24.2006 and index=27459<br>
<b>PostgreSQL Error</b>: 1 (ERROR:  parser: parse error at or near ".2006" at character 40
)<br>
Session halted.
0; 24.11.2006 14:00:54; Прогноз для станции 27760 на 11.22.2006 не записан на сайт ВВ УГМС. <br />
<b>Warning</b>:  pg_exec() query failed:  ERROR:  parser: parse error at or near ".2006" at character 40
 in <b>/var/www/html/db_pgsql.inc</b> on line <b>52</b><br />
</td></tr></table><b>Database error:</b> Invalid SQL: SELECT index FROM frc3 WHERE date=11.22.2006 and index=27760<br>
<b>PostgreSQL Error</b>: 1 (ERROR:  parser: parse error at or near ".2006" at character 40
)<br>
Session halted.
0; 24.11.2006 14:00:54; Прогноз для станции 27760 на 11.23.2006 не записан на сайт ВВ УГМС. <br />
<b>Warning</b>:  pg_exec() query failed:  ERROR:  parser: parse error at or near ".2006" at character 40
 in <b>/var/www/html/db_pgsql.inc</b> on line <b>52</b><br />
</td></tr></table><b>Database error:</b> Invalid SQL: SELECT index FROM frc3 WHERE date=11.23.2006 and index=27760<br>
<b>PostgreSQL Error</b>: 1 (ERROR:  parser: parse error at or near ".2006" at character 40
)<br>
Session halted.
0; 24.11.2006 14:00:54; Прогноз для станции 27760 на 11.24.2006 не записан на сайт ВВ УГМС. <br />
<b>Warning</b>:  pg_exec() query failed:  ERROR:  parser: parse error at or near ".2006" at character 40
 in <b>/var/www/html/db_pgsql.inc</b> on line <b>52</b><br />
</td></tr></table><b>Database error:</b> Invalid SQL: SELECT index FROM frc3 WHERE date=11.24.2006 and index=27760<br>
<b>PostgreSQL Error</b>: 1 (ERROR:  parser: parse error at or near ".2006" at character 40
)<br>
Session halted.
0; 24.11.2006 14:00:54; Прогноз для станции 27485 на 11.22.2006 не записан на сайт ВВ УГМС. <br />
<b>Warning</b>:  pg_exec() query failed:  ERROR:  parser: parse error at or near ".2006" at character 40
 in <b>/var/www/html/db_pgsql.inc</b> on line <b>52</b><br />
</td></tr></table><b>Database error:</b> Invalid SQL: SELECT index FROM frc3 WHERE date=11.22.2006 and index=27485<br>
<b>PostgreSQL Error</b>: 1 (ERROR:  parser: parse error at or near ".2006" at character 40
)<br>
Session halted.
0; 24.11.2006 14:00:54; Прогноз для станции 27485 на 11.23.2006 не записан на сайт ВВ УГМС. <br />
<b>Warning</b>:  pg_exec() query failed:  ERROR:  parser: parse error at or near ".2006" at character 40
 in <b>/var/www/html/db_pgsql.inc</b> on line <b>52</b><br />
</td></tr></table><b>Database error:</b> Invalid SQL: SELECT index FROM frc3 WHERE date=11.23.2006 and index=27485<br>
<b>PostgreSQL Error</b>: 1 (ERROR:  parser: parse error at or near ".2006" at character 40
)<br>
Session halted.
0; 24.11.2006 14:00:55; Прогноз для станции 27485 на 11.24.2006 не записан на сайт ВВ УГМС. <br />
<b>Warning</b>:  pg_exec() query failed:  ERROR:  parser: parse error at or near ".2006" at character 40
 in <b>/var/www/html/db_pgsql.inc</b> on line <b>52</b><br />
</td></tr></table><b>Database error:</b> Invalid SQL: SELECT index FROM frc3 WHERE date=11.24.2006 and index=27485<br>
<b>PostgreSQL Error</b>: 1 (ERROR:  parser: parse error at or near ".2006" at character 40
)<br>
Session halted.
0; 24.11.2006 14:00:55; Прогноз для станции 27581 на 11.22.2006 не записан на сайт ВВ УГМС. <br />
<b>Warning</b>:  pg_exec() query failed:  ERROR:  parser: parse error at or near ".2006" at character 40
 in <b>/var/www/html/db_pgsql.inc</b> on line <b>52</b><br />
</td></tr></table><b>Database error:</b> Invalid SQL: SELECT index FROM frc3 WHERE date=11.22.2006 and index=27581<br>
<b>PostgreSQL Error</b>: 1 (ERROR:  parser: parse error at or near ".2006" at character 40
)<br>
Session halted.
0; 24.11.2006 14:00:55; Прогноз для станции 27581 на 11.23.2006 не записан на сайт ВВ УГМС. <br />
<b>Warning</b>:  pg_exec() query failed:  ERROR:  parser: parse error at or near ".2006" at character 40
 in <b>/var/www/html/db_pgsql.inc</b> on line <b>52</b><br />
</td></tr></table><b>Database error:</b> Invalid SQL: SELECT index FROM frc3 WHERE date=11.23.2006 and index=27581<br>
<b>PostgreSQL Error</b>: 1 (ERROR:  parser: parse error at or near ".2006" at character 40
)<br>
Session halted.
0; 24.11.2006 14:00:55; Прогноз для станции 27581 на 11.24.2006 не записан на сайт ВВ УГМС. <br />
<b>Warning</b>:  pg_exec() query failed:  ERROR:  parser: parse error at or near ".2006" at character 40
 in <b>/var/www/html/db_pgsql.inc</b> on line <b>52</b><br />
</td></tr></table><b>Database error:</b> Invalid SQL: SELECT index FROM frc3 WHERE date=11.24.2006 and index=27581<br>
<b>PostgreSQL Error</b>: 1 (ERROR:  parser: parse error at or near ".2006" at character 40
)<br>
Session halted.
0; 24.11.2006 14:00:55; Прогноз для станции 27199 на 11.22.2006 не записан на сайт ВВ УГМС. <br />
<b>Warning</b>:  pg_exec() query failed:  ERROR:  parser: parse error at or near ".2006" at character 40
 in <b>/var/www/html/db_pgsql.inc</b> on line <b>52</b><br />
</td></tr></table><b>Database error:</b> Invalid SQL: SELECT index FROM frc3 WHERE date=11.22.2006 and index=27199<br>
<b>PostgreSQL Error</b>: 1 (ERROR:  parser: parse error at or near ".2006" at character 40
)<br>
Session halted.
0; 24.11.2006 14:00:55; Прогноз для станции 27199 на 11.23.2006 не записан на сайт ВВ УГМС. <br />
<b>Warning</b>:  pg_exec() query failed:  ERROR:  parser: parse error at or near ".2006" at character 40
 in <b>/var/www/html/db_pgsql.inc</b> on line <b>52</b><br />
</td></tr></table><b>Database error:</b> Invalid SQL: SELECT index FROM frc3 WHERE date=11.23.2006 and index=27199<br>
<b>PostgreSQL Error</b>: 1 (ERROR:  parser: parse error at or near ".2006" at character 40
)<br>
Session halted.
0; 24.11.2006 14:00:55; Прогноз для станции 27199 на 11.24.2006 не записан на сайт ВВ УГМС. <br />
<b>Warning</b>:  pg_exec() query failed:  ERROR:  parser: parse error at or near ".2006" at character 40
 in <b>/var/www/html/db_pgsql.inc</b> on line <b>52</b><br />
</td></tr></table><b>Database error:</b> Invalid SQL: SELECT index FROM frc3 WHERE date=11.24.2006 and index=27199<br>
<b>PostgreSQL Error</b>: 1 (ERROR:  parser: parse error at or near ".2006" at character 40
)<br>
Session halted.
0; 24.11.2006 14:00:56; Прогноз для станции 28411 на 11.22.2006 не записан на сайт ВВ УГМС. <br />
<b>Warning</b>:  pg_exec() query failed:  ERROR:  parser: parse error at or near ".2006" at character 40
 in <b>/var/www/html/db_pgsql.inc</b> on line <b>52</b><br />
</td></tr></table><b>Database error:</b> Invalid SQL: SELECT index FROM frc3 WHERE date=11.22.2006 and index=28411<br>
<b>PostgreSQL Error</b>: 1 (ERROR:  parser: parse error at or near ".2006" at character 40
)<br>
Session halted.
0; 24.11.2006 14:00:56; Прогноз для станции 28411 на 11.23.2006 не записан на сайт ВВ УГМС. <br />
<b>Warning</b>:  pg_exec() query failed:  ERROR:  parser: parse error at or near ".2006" at character 40
 in <b>/var/www/html/db_pgsql.inc</b> on line <b>52</b><br />
</td></tr></table><b>Database error:</b> Invalid SQL: SELECT index FROM frc3 WHERE date=11.23.2006 and index=28411<br>
<b>PostgreSQL Error</b>: 1 (ERROR:  parser: parse error at or near ".2006" at character 40
)<br>
Session halted.
0; 24.11.2006 14:00:56; Прогноз для станции 28411 на 11.24.2006 не записан на сайт ВВ УГМС. <br />
<b>Warning</b>:  pg_exec() query failed:  ERROR:  parser: parse error at or near ".2006" at character 40
 in <b>/var/www/html/db_pgsql.inc</b> on line <b>52</b><br />
</td></tr></table><b>Database error:</b> Invalid SQL: SELECT index FROM frc3 WHERE date=11.24.2006 and index=28411<br>
<b>PostgreSQL Error</b>: 1 (ERROR:  parser: parse error at or near ".2006" at character 40
)<br>
Session halted.
3; 24.11.2006 14:03:12; Прогноз для станции 27459 на 024 часа успешно раскодирован
3; 24.11.2006 14:03:12; Прогноз для станции 27459 на 048 часа успешно раскодирован
3; 24.11.2006 14:03:12; Прогноз для станции 27459 на 072 часа успешно раскодирован
3; 24.11.2006 14:03:12; Прогноз для станции 27760 на 024 часа успешно раскодирован
3; 24.11.2006 14:03:12; Прогноз для станции 27760 на 048 часа успешно раскодирован
3; 24.11.2006 14:03:12; Прогноз для станции 27760 на 072 часа успешно раскодирован
3; 24.11.2006 14:03:12; Прогноз для станции 27485 на 024 часа успешно раскодирован
3; 24.11.2006 14:03:12; Прогноз для станции 27485 на 048 часа успешно раскодирован
3; 24.11.2006 14:03:12; Прогноз для станции 27485 на 072 часа успешно раскодирован
3; 24.11.2006 14:03:12; Прогноз для станции 27581 на 024 часа успешно раскодирован
3; 24.11.2006 14:03:12; Прогноз для станции 27581 на 048 часа успешно раскодирован
3; 24.11.2006 14:03:12; Прогноз для станции 27581 на 072 часа успешно раскодирован
3; 24.11.2006 14:03:12; Прогноз для станции 27199 на 024 часа успешно раскодирован
3; 24.11.2006 14:03:12; Прогноз для станции 27199 на 048 часа успешно раскодирован
3; 24.11.2006 14:03:12; Прогноз для станции 27199 на 072 часа успешно раскодирован
3; 24.11.2006 14:03:12; Прогноз для станции 28411 на 024 часа успешно раскодирован
3; 24.11.2006 14:03:12; Прогноз для станции 28411 на 048 часа успешно раскодирован
3; 24.11.2006 14:03:12; Прогноз для станции 28411 на 072 часа успешно раскодирован
0; 24.11.2006 14:03:14; Прогноз для станции 27459 на 11.22.2006 не записан на сайт ВВ УГМС. Отсутствует соединение с сервером
0; 24.11.2006 14:03:14; Прогноз для станции 27459 на 11.23.2006 не записан на сайт ВВ УГМС. Отсутствует соединение с сервером
0; 24.11.2006 14:03:14; Прогноз для станции 27459 на 11.24.2006 не записан на сайт ВВ УГМС. Отсутствует соединение с сервером
0; 24.11.2006 14:03:14; Прогноз для станции 27760 на 11.22.2006 не записан на сайт ВВ УГМС. Отсутствует соединение с сервером
0; 24.11.2006 14:03:14; Прогноз для станции 27760 на 11.23.2006 не записан на сайт ВВ УГМС. Отсутствует соединение с сервером
0; 24.11.2006 14:03:14; Прогноз для станции 27760 на 11.24.2006 не записан на сайт ВВ УГМС. Отсутствует соединение с сервером
0; 24.11.2006 14:03:14; Прогноз для станции 27485 на 11.22.2006 не записан на сайт ВВ УГМС. Отсутствует соединение с сервером
0; 24.11.2006 14:03:15; Прогноз для станции 27485 на 11.23.2006 не записан на сайт ВВ УГМС. Отсутствует соединение с сервером
0; 24.11.2006 14:03:15; Прогноз для станции 27485 на 11.24.2006 не записан на сайт ВВ УГМС. Отсутствует соединение с сервером
0; 24.11.2006 14:03:15; Прогноз для станции 27581 на 11.22.2006 не записан на сайт ВВ УГМС. Отсутствует соединение с сервером
0; 24.11.2006 14:03:15; Прогноз для станции 27581 на 11.23.2006 не записан на сайт ВВ УГМС. Отсутствует соединение с сервером
0; 24.11.2006 14:03:15; Прогноз для станции 27581 на 11.24.2006 не записан на сайт ВВ УГМС. Отсутствует соединение с сервером
0; 24.11.2006 14:03:15; Прогноз для станции 27199 на 11.22.2006 не записан на сайт ВВ УГМС. Отсутствует соединение с сервером
0; 24.11.2006 14:03:15; Прогноз для станции 27199 на 11.23.2006 не записан на сайт ВВ УГМС. Отсутствует соединение с сервером
0; 24.11.2006 14:03:15; Прогноз для станции 27199 на 11.24.2006 не записан на сайт ВВ УГМС. Отсутствует соединение с сервером
0; 24.11.2006 14:03:15; Прогноз для станции 28411 на 11.22.2006 не записан на сайт ВВ УГМС. Отсутствует соединение с сервером
0; 24.11.2006 14:03:16; Прогноз для станции 28411 на 11.23.2006 не записан на сайт ВВ УГМС. Отсутствует соединение с сервером
0; 24.11.2006 14:03:16; Прогноз для станции 28411 на 11.24.2006 не записан на сайт ВВ УГМС. Отсутствует соединение с сервером
3; 24.11.2006 14:12:25; Прогноз для станции 27459 на 024 часа успешно раскодирован
3; 24.11.2006 14:12:25; Прогноз для станции 27459 на 048 часа успешно раскодирован
3; 24.11.2006 14:12:25; Прогноз для станции 27459 на 072 часа успешно раскодирован
3; 24.11.2006 14:12:25; Прогноз для станции 27760 на 024 часа успешно раскодирован
3; 24.11.2006 14:12:25; Прогноз для станции 27760 на 048 часа успешно раскодирован
3; 24.11.2006 14:12:25; Прогноз для станции 27760 на 072 часа успешно раскодирован
3; 24.11.2006 14:12:25; Прогноз для станции 27485 на 024 часа успешно раскодирован
3; 24.11.2006 14:12:25; Прогноз для станции 27485 на 048 часа успешно раскодирован
3; 24.11.2006 14:12:25; Прогноз для станции 27485 на 072 часа успешно раскодирован
3; 24.11.2006 14:12:25; Прогноз для станции 27581 на 024 часа успешно раскодирован
3; 24.11.2006 14:12:25; Прогноз для станции 27581 на 048 часа успешно раскодирован
3; 24.11.2006 14:12:25; Прогноз для станции 27581 на 072 часа успешно раскодирован
3; 24.11.2006 14:12:25; Прогноз для станции 27199 на 024 часа успешно раскодирован
3; 24.11.2006 14:12:25; Прогноз для станции 27199 на 048 часа успешно раскодирован
3; 24.11.2006 14:12:25; Прогноз для станции 27199 на 072 часа успешно раскодирован
3; 24.11.2006 14:12:25; Прогноз для станции 28411 на 024 часа успешно раскодирован
3; 24.11.2006 14:12:25; Прогноз для станции 28411 на 048 часа успешно раскодирован
3; 24.11.2006 14:12:25; Прогноз для станции 28411 на 072 часа успешно раскодирован
9; 24.11.2006 14:12:26; Прогноз для станции 27459 на 11.22.2006 записан на сайт ВВ УГМС
9; 24.11.2006 14:12:26; Прогноз для станции 27459 на 11.23.2006 записан на сайт ВВ УГМС
9; 24.11.2006 14:12:26; Прогноз для станции 27459 на 11.24.2006 записан на сайт ВВ УГМС
9; 24.11.2006 14:12:27; Прогноз для станции 27760 на 11.22.2006 записан на сайт ВВ УГМС
9; 24.11.2006 14:12:27; Прогноз для станции 27760 на 11.23.2006 записан на сайт ВВ УГМС
9; 24.11.2006 14:12:27; Прогноз для станции 27760 на 11.24.2006 записан на сайт ВВ УГМС
9; 24.11.2006 14:12:27; Прогноз для станции 27485 на 11.22.2006 записан на сайт ВВ УГМС
9; 24.11.2006 14:12:27; Прогноз для станции 27485 на 11.23.2006 записан на сайт ВВ УГМС
9; 24.11.2006 14:12:28; Прогноз для станции 27485 на 11.24.2006 записан на сайт ВВ УГМС
9; 24.11.2006 14:12:28; Прогноз для станции 27581 на 11.22.2006 записан на сайт ВВ УГМС
9; 24.11.2006 14:12:28; Прогноз для станции 27581 на 11.23.2006 записан на сайт ВВ УГМС
9; 24.11.2006 14:12:28; Прогноз для станции 27581 на 11.24.2006 записан на сайт ВВ УГМС
9; 24.11.2006 14:12:28; Прогноз для станции 27199 на 11.22.2006 записан на сайт ВВ УГМС
9; 24.11.2006 14:12:28; Прогноз для станции 27199 на 11.23.2006 записан на сайт ВВ УГМС
9; 24.11.2006 14:12:29; Прогноз для станции 27199 на 11.24.2006 записан на сайт ВВ УГМС
9; 24.11.2006 14:12:29; Прогноз для станции 28411 на 11.22.2006 записан на сайт ВВ УГМС
9; 24.11.2006 14:12:29; Прогноз для станции 28411 на 11.23.2006 записан на сайт ВВ УГМС
9; 24.11.2006 14:12:29; Прогноз для станции 28411 на 11.24.2006 записан на сайт ВВ УГМС
3; 24.11.2006 14:23:04; Прогноз для станции 27459 на 024 часа успешно раскодирован
3; 24.11.2006 14:23:04; Прогноз для станции 27459 на 048 часа успешно раскодирован
3; 24.11.2006 14:23:04; Прогноз для станции 27459 на 072 часа успешно раскодирован
3; 24.11.2006 14:23:04; Прогноз для станции 27760 на 024 часа успешно раскодирован
3; 24.11.2006 14:23:04; Прогноз для станции 27760 на 048 часа успешно раскодирован
3; 24.11.2006 14:23:04; Прогноз для станции 27760 на 072 часа успешно раскодирован
3; 24.11.2006 14:23:04; Прогноз для станции 27485 на 024 часа успешно раскодирован
3; 24.11.2006 14:23:04; Прогноз для станции 27485 на 048 часа успешно раскодирован
3; 24.11.2006 14:23:04; Прогноз для станции 27485 на 072 часа успешно раскодирован
3; 24.11.2006 14:23:04; Прогноз для станции 27581 на 024 часа успешно раскодирован
3; 24.11.2006 14:23:04; Прогноз для станции 27581 на 048 часа успешно раскодирован
3; 24.11.2006 14:23:04; Прогноз для станции 27581 на 072 часа успешно раскодирован
3; 24.11.2006 14:23:04; Прогноз для станции 27199 на 024 часа успешно раскодирован
3; 24.11.2006 14:23:04; Прогноз для станции 27199 на 048 часа успешно раскодирован
3; 24.11.2006 14:23:04; Прогноз для станции 27199 на 072 часа успешно раскодирован
3; 24.11.2006 14:23:04; Прогноз для станции 28411 на 024 часа успешно раскодирован
3; 24.11.2006 14:23:04; Прогноз для станции 28411 на 048 часа успешно раскодирован
3; 24.11.2006 14:23:04; Прогноз для станции 28411 на 072 часа успешно раскодирован
9; 24.11.2006 14:23:05; Прогноз для станции 27459 на 11.22.2006 записан на сайт ВВ УГМС
9; 24.11.2006 14:23:06; Прогноз для станции 27459 на 11.23.2006 записан на сайт ВВ УГМС
9; 24.11.2006 14:23:06; Прогноз для станции 27459 на 11.24.2006 записан на сайт ВВ УГМС
9; 24.11.2006 14:23:06; Прогноз для станции 27760 на 11.22.2006 записан на сайт ВВ УГМС
9; 24.11.2006 14:23:06; Прогноз для станции 27760 на 11.23.2006 записан на сайт ВВ УГМС
9; 24.11.2006 14:23:06; Прогноз для станции 27760 на 11.24.2006 записан на сайт ВВ УГМС
9; 24.11.2006 14:23:06; Прогноз для станции 27485 на 11.22.2006 записан на сайт ВВ УГМС
9; 24.11.2006 14:23:06; Прогноз для станции 27485 на 11.23.2006 записан на сайт ВВ УГМС
9; 24.11.2006 14:23:06; Прогноз для станции 27485 на 11.24.2006 записан на сайт ВВ УГМС
9; 24.11.2006 14:23:07; Прогноз для станции 27581 на 11.22.2006 записан на сайт ВВ УГМС
9; 24.11.2006 14:23:07; Прогноз для станции 27581 на 11.23.2006 записан на сайт ВВ УГМС
9; 24.11.2006 14:23:07; Прогноз для станции 27581 на 11.24.2006 записан на сайт ВВ УГМС
9; 24.11.2006 14:23:07; Прогноз для станции 27199 на 11.22.2006 записан на сайт ВВ УГМС
9; 24.11.2006 14:23:07; Прогноз для станции 27199 на 11.23.2006 записан на сайт ВВ УГМС
9; 24.11.2006 14:23:07; Прогноз для станции 27199 на 11.24.2006 записан на сайт ВВ УГМС
9; 24.11.2006 14:23:08; Прогноз для станции 28411 на 11.22.2006 записан на сайт ВВ УГМС
9; 24.11.2006 14:23:08; Прогноз для станции 28411 на 11.23.2006 записан на сайт ВВ УГМС
9; 24.11.2006 14:23:08; Прогноз для станции 28411 на 11.24.2006 записан на сайт ВВ УГМС
3; 24.11.2006 14:40:54; Прогноз для станции 27459 на 024 часа успешно раскодирован
3; 24.11.2006 14:40:54; Прогноз для станции 27459 на 048 часа успешно раскодирован
3; 24.11.2006 14:40:54; Прогноз для станции 27459 на 072 часа успешно раскодирован
3; 24.11.2006 14:40:54; Прогноз для станции 27760 на 024 часа успешно раскодирован
3; 24.11.2006 14:40:54; Прогноз для станции 27760 на 048 часа успешно раскодирован
3; 24.11.2006 14:40:54; Прогноз для станции 27760 на 072 часа успешно раскодирован
3; 24.11.2006 14:40:54; Прогноз для станции 27485 на 024 часа успешно раскодирован
3; 24.11.2006 14:40:54; Прогноз для станции 27485 на 048 часа успешно раскодирован
3; 24.11.2006 14:40:54; Прогноз для станции 27485 на 072 часа успешно раскодирован
3; 24.11.2006 14:40:54; Прогноз для станции 27581 на 024 часа успешно раскодирован
3; 24.11.2006 14:40:54; Прогноз для станции 27581 на 048 часа успешно раскодирован
3; 24.11.2006 14:40:54; Прогноз для станции 27581 на 072 часа успешно раскодирован
3; 24.11.2006 14:40:54; Прогноз для станции 27199 на 024 часа успешно раскодирован
3; 24.11.2006 14:40:54; Прогноз для станции 27199 на 048 часа успешно раскодирован
3; 24.11.2006 14:40:54; Прогноз для станции 27199 на 072 часа успешно раскодирован
3; 24.11.2006 14:40:54; Прогноз для станции 28411 на 024 часа успешно раскодирован
3; 24.11.2006 14:40:54; Прогноз для станции 28411 на 048 часа успешно раскодирован
3; 24.11.2006 14:40:54; Прогноз для станции 28411 на 072 часа успешно раскодирован
0; 24.11.2006 14:40:56; Прогноз для станции 27459 на 11.22.2006 не записан на сайт ВВ УГМС. <br />
<b>Parse error</b>:  parse error, unexpected '[' in <b>/var/www/html/prognoz/writefrc.php</b> on line <b>4</b><br />

0; 24.11.2006 14:40:56; Прогноз для станции 27459 на 11.23.2006 не записан на сайт ВВ УГМС. <br />
<b>Parse error</b>:  parse error, unexpected '[' in <b>/var/www/html/prognoz/writefrc.php</b> on line <b>4</b><br />

0; 24.11.2006 14:40:56; Прогноз для станции 27459 на 11.24.2006 не записан на сайт ВВ УГМС. <br />
<b>Parse error</b>:  parse error, unexpected '[' in <b>/var/www/html/prognoz/writefrc.php</b> on line <b>4</b><br />

0; 24.11.2006 14:40:56; Прогноз для станции 27760 на 11.22.2006 не записан на сайт ВВ УГМС. <br />
<b>Parse error</b>:  parse error, unexpected '[' in <b>/var/www/html/prognoz/writefrc.php</b> on line <b>4</b><br />

0; 24.11.2006 14:40:56; Прогноз для станции 27760 на 11.23.2006 не записан на сайт ВВ УГМС. <br />
<b>Parse error</b>:  parse error, unexpected '[' in <b>/var/www/html/prognoz/writefrc.php</b> on line <b>4</b><br />

0; 24.11.2006 14:40:56; Прогноз для станции 27760 на 11.24.2006 не записан на сайт ВВ УГМС. <br />
<b>Parse error</b>:  parse error, unexpected '[' in <b>/var/www/html/prognoz/writefrc.php</b> on line <b>4</b><br />

0; 24.11.2006 14:40:59; Прогноз для станции 27485 на 11.22.2006 не записан на сайт ВВ УГМС. <br />
<b>Parse error</b>:  parse error, unexpected '[' in <b>/var/www/html/prognoz/writefrc.php</b> on line <b>4</b><br />

0; 24.11.2006 14:41:00; Прогноз для станции 27485 на 11.23.2006 не записан на сайт ВВ УГМС. <br />
<b>Parse error</b>:  parse error, unexpected '[' in <b>/var/www/html/prognoz/writefrc.php</b> on line <b>4</b><br />

0; 24.11.2006 14:41:00; Прогноз для станции 27485 на 11.24.2006 не записан на сайт ВВ УГМС. <br />
<b>Parse error</b>:  parse error, unexpected '[' in <b>/var/www/html/prognoz/writefrc.php</b> on line <b>4</b><br />

0; 24.11.2006 14:41:00; Прогноз для станции 27581 на 11.22.2006 не записан на сайт ВВ УГМС. <br />
<b>Parse error</b>:  parse error, unexpected '[' in <b>/var/www/html/prognoz/writefrc.php</b> on line <b>4</b><br />

0; 24.11.2006 14:41:00; Прогноз для станции 27581 на 11.23.2006 не записан на сайт ВВ УГМС. <br />
<b>Parse error</b>:  parse error, unexpected '[' in <b>/var/www/html/prognoz/writefrc.php</b> on line <b>4</b><br />

0; 24.11.2006 14:41:00; Прогноз для станции 27581 на 11.24.2006 не записан на сайт ВВ УГМС. <br />
<b>Parse error</b>:  parse error, unexpected '[' in <b>/var/www/html/prognoz/writefrc.php</b> on line <b>4</b><br />

0; 24.11.2006 14:41:00; Прогноз для станции 27199 на 11.22.2006 не записан на сайт ВВ УГМС. <br />
<b>Parse error</b>:  parse error, unexpected '[' in <b>/var/www/html/prognoz/writefrc.php</b> on line <b>4</b><br />

0; 24.11.2006 14:41:00; Прогноз для станции 27199 на 11.23.2006 не записан на сайт ВВ УГМС. <br />
<b>Parse error</b>:  parse error, unexpected '[' in <b>/var/www/html/prognoz/writefrc.php</b> on line <b>4</b><br />

0; 24.11.2006 14:41:00; Прогноз для станции 27199 на 11.24.2006 не записан на сайт ВВ УГМС. <br />
<b>Parse error</b>:  parse error, unexpected '[' in <b>/var/www/html/prognoz/writefrc.php</b> on line <b>4</b><br />

0; 24.11.2006 14:41:00; Прогноз для станции 28411 на 11.22.2006 не записан на сайт ВВ УГМС. <br />
<b>Parse error</b>:  parse error, unexpected '[' in <b>/var/www/html/prognoz/writefrc.php</b> on line <b>4</b><br />

0; 24.11.2006 14:41:01; Прогноз для станции 28411 на 11.23.2006 не записан на сайт ВВ УГМС. <br />
<b>Parse error</b>:  parse error, unexpected '[' in <b>/var/www/html/prognoz/writefrc.php</b> on line <b>4</b><br />

0; 24.11.2006 14:41:01; Прогноз для станции 28411 на 11.24.2006 не записан на сайт ВВ УГМС. <br />
<b>Parse error</b>:  parse error, unexpected '[' in <b>/var/www/html/prognoz/writefrc.php</b> on line <b>4</b><br />

3; 24.11.2006 14:43:15; Прогноз для станции 27459 на 024 часа успешно раскодирован
3; 24.11.2006 14:43:15; Прогноз для станции 27459 на 048 часа успешно раскодирован
3; 24.11.2006 14:43:15; Прогноз для станции 27459 на 072 часа успешно раскодирован
3; 24.11.2006 14:43:15; Прогноз для станции 27760 на 024 часа успешно раскодирован
3; 24.11.2006 14:43:15; Прогноз для станции 27760 на 048 часа успешно раскодирован
3; 24.11.2006 14:43:15; Прогноз для станции 27760 на 072 часа успешно раскодирован
3; 24.11.2006 14:43:15; Прогноз для станции 27485 на 024 часа успешно раскодирован
3; 24.11.2006 14:43:15; Прогноз для станции 27485 на 048 часа успешно раскодирован
3; 24.11.2006 14:43:15; Прогноз для станции 27485 на 072 часа успешно раскодирован
3; 24.11.2006 14:43:15; Прогноз для станции 27581 на 024 часа успешно раскодирован
3; 24.11.2006 14:43:15; Прогноз для станции 27581 на 048 часа успешно раскодирован
3; 24.11.2006 14:43:15; Прогноз для станции 27581 на 072 часа успешно раскодирован
3; 24.11.2006 14:43:15; Прогноз для станции 27199 на 024 часа успешно раскодирован
3; 24.11.2006 14:43:15; Прогноз для станции 27199 на 048 часа успешно раскодирован
3; 24.11.2006 14:43:15; Прогноз для станции 27199 на 072 часа успешно раскодирован
3; 24.11.2006 14:43:15; Прогноз для станции 28411 на 024 часа успешно раскодирован
3; 24.11.2006 14:43:15; Прогноз для станции 28411 на 048 часа успешно раскодирован
3; 24.11.2006 14:43:15; Прогноз для станции 28411 на 072 часа успешно раскодирован
9; 24.11.2006 14:43:16; Прогноз для станции 27459 на 11.22.2006 записан на сайт ВВ УГМС
9; 24.11.2006 14:43:16; Прогноз для станции 27459 на 11.23.2006 записан на сайт ВВ УГМС
9; 24.11.2006 14:43:16; Прогноз для станции 27459 на 11.24.2006 записан на сайт ВВ УГМС
9; 24.11.2006 14:43:16; Прогноз для станции 27760 на 11.22.2006 записан на сайт ВВ УГМС
9; 24.11.2006 14:43:16; Прогноз для станции 27760 на 11.23.2006 записан на сайт ВВ УГМС
9; 24.11.2006 14:43:17; Прогноз для станции 27760 на 11.24.2006 записан на сайт ВВ УГМС
9; 24.11.2006 14:43:17; Прогноз для станции 27485 на 11.22.2006 записан на сайт ВВ УГМС
9; 24.11.2006 14:43:17; Прогноз для станции 27485 на 11.23.2006 записан на сайт ВВ УГМС
9; 24.11.2006 14:43:17; Прогноз для станции 27485 на 11.24.2006 записан на сайт ВВ УГМС
9; 24.11.2006 14:43:17; Прогноз для станции 27581 на 11.22.2006 записан на сайт ВВ УГМС
9; 24.11.2006 14:43:18; Прогноз для станции 27581 на 11.23.2006 записан на сайт ВВ УГМС
9; 24.11.2006 14:43:18; Прогноз для станции 27581 на 11.24.2006 записан на сайт ВВ УГМС
9; 24.11.2006 14:43:18; Прогноз для станции 27199 на 11.22.2006 записан на сайт ВВ УГМС
9; 24.11.2006 14:43:18; Прогноз для станции 27199 на 11.23.2006 записан на сайт ВВ УГМС
9; 24.11.2006 14:43:18; Прогноз для станции 27199 на 11.24.2006 записан на сайт ВВ УГМС
9; 24.11.2006 14:43:19; Прогноз для станции 28411 на 11.22.2006 записан на сайт ВВ УГМС
9; 24.11.2006 14:43:19; Прогноз для станции 28411 на 11.23.2006 записан на сайт ВВ УГМС
9; 24.11.2006 14:43:19; Прогноз для станции 28411 на 11.24.2006 записан на сайт ВВ УГМС
3; 24.11.2006 14:53:20; Прогноз для станции 27459 на 024 часа успешно раскодирован
3; 24.11.2006 14:53:20; Прогноз для станции 27459 на 048 часа успешно раскодирован
3; 24.11.2006 14:53:20; Прогноз для станции 27459 на 072 часа успешно раскодирован
3; 24.11.2006 14:53:20; Прогноз для станции 27760 на 024 часа успешно раскодирован
3; 24.11.2006 14:53:20; Прогноз для станции 27760 на 048 часа успешно раскодирован
3; 24.11.2006 14:53:20; Прогноз для станции 27760 на 072 часа успешно раскодирован
3; 24.11.2006 14:53:20; Прогноз для станции 27485 на 024 часа успешно раскодирован
3; 24.11.2006 14:53:20; Прогноз для станции 27485 на 048 часа успешно раскодирован
3; 24.11.2006 14:53:20; Прогноз для станции 27485 на 072 часа успешно раскодирован
3; 24.11.2006 14:53:20; Прогноз для станции 27581 на 024 часа успешно раскодирован
3; 24.11.2006 14:53:20; Прогноз для станции 27581 на 048 часа успешно раскодирован
3; 24.11.2006 14:53:20; Прогноз для станции 27581 на 072 часа успешно раскодирован
3; 24.11.2006 14:53:20; Прогноз для станции 27199 на 024 часа успешно раскодирован
3; 24.11.2006 14:53:20; Прогноз для станции 27199 на 048 часа успешно раскодирован
3; 24.11.2006 14:53:20; Прогноз для станции 27199 на 072 часа успешно раскодирован
3; 24.11.2006 14:53:20; Прогноз для станции 28411 на 024 часа успешно раскодирован
3; 24.11.2006 14:53:20; Прогноз для станции 28411 на 048 часа успешно раскодирован
3; 24.11.2006 14:53:20; Прогноз для станции 28411 на 072 часа успешно раскодирован
9; 24.11.2006 14:53:22; Прогноз для станции 27459 на 11.22.2006 записан на сайт ВВ УГМС
9; 24.11.2006 14:53:22; Прогноз для станции 27459 на 11.23.2006 записан на сайт ВВ УГМС
9; 24.11.2006 14:53:22; Прогноз для станции 27459 на 11.24.2006 записан на сайт ВВ УГМС
9; 24.11.2006 14:53:22; Прогноз для станции 27760 на 11.22.2006 записан на сайт ВВ УГМС
9; 24.11.2006 14:53:22; Прогноз для станции 27760 на 11.23.2006 записан на сайт ВВ УГМС
9; 24.11.2006 14:53:23; Прогноз для станции 27760 на 11.24.2006 записан на сайт ВВ УГМС
9; 24.11.2006 14:53:23; Прогноз для станции 27485 на 11.22.2006 записан на сайт ВВ УГМС
9; 24.11.2006 14:53:23; Прогноз для станции 27485 на 11.23.2006 записан на сайт ВВ УГМС
9; 24.11.2006 14:53:23; Прогноз для станции 27485 на 11.24.2006 записан на сайт ВВ УГМС
9; 24.11.2006 14:53:23; Прогноз для станции 27581 на 11.22.2006 записан на сайт ВВ УГМС
9; 24.11.2006 14:53:23; Прогноз для станции 27581 на 11.23.2006 записан на сайт ВВ УГМС
9; 24.11.2006 14:53:24; Прогноз для станции 27581 на 11.24.2006 записан на сайт ВВ УГМС
9; 24.11.2006 14:53:24; Прогноз для станции 27199 на 11.22.2006 записан на сайт ВВ УГМС
9; 24.11.2006 14:53:24; Прогноз для станции 27199 на 11.23.2006 записан на сайт ВВ УГМС
9; 24.11.2006 14:53:24; Прогноз для станции 27199 на 11.24.2006 записан на сайт ВВ УГМС
9; 24.11.2006 14:53:24; Прогноз для станции 28411 на 11.22.2006 записан на сайт ВВ УГМС
9; 24.11.2006 14:53:46; Прогноз для станции 28411 на 11.23.2006 записан на сайт ВВ УГМС
9; 24.11.2006 14:53:47; Прогноз для станции 28411 на 11.24.2006 записан на сайт ВВ УГМС
3; 24.11.2006 16:48:45; Прогноз для станции 27459 на 024 часа успешно раскодирован
3; 24.11.2006 16:48:45; Прогноз для станции 27459 на 048 часа успешно раскодирован
3; 24.11.2006 16:48:45; Прогноз для станции 27459 на 072 часа успешно раскодирован
3; 24.11.2006 16:48:45; Прогноз для станции 27760 на 024 часа успешно раскодирован
3; 24.11.2006 16:48:45; Прогноз для станции 27760 на 048 часа успешно раскодирован
3; 24.11.2006 16:48:45; Прогноз для станции 27760 на 072 часа успешно раскодирован
3; 24.11.2006 16:48:45; Прогноз для станции 27485 на 024 часа успешно раскодирован
3; 24.11.2006 16:48:45; Прогноз для станции 27485 на 048 часа успешно раскодирован
3; 24.11.2006 16:48:45; Прогноз для станции 27485 на 072 часа успешно раскодирован
3; 24.11.2006 16:48:45; Прогноз для станции 27581 на 024 часа успешно раскодирован
3; 24.11.2006 16:48:45; Прогноз для станции 27581 на 048 часа успешно раскодирован
3; 24.11.2006 16:48:45; Прогноз для станции 27581 на 072 часа успешно раскодирован
3; 24.11.2006 16:48:45; Прогноз для станции 27199 на 024 часа успешно раскодирован
3; 24.11.2006 16:48:45; Прогноз для станции 27199 на 048 часа успешно раскодирован
3; 24.11.2006 16:48:45; Прогноз для станции 27199 на 072 часа успешно раскодирован
3; 24.11.2006 16:48:45; Прогноз для станции 28411 на 024 часа успешно раскодирован
3; 24.11.2006 16:48:45; Прогноз для станции 28411 на 048 часа успешно раскодирован
3; 24.11.2006 16:48:45; Прогноз для станции 28411 на 072 часа успешно раскодирован
9; 24.11.2006 16:49:09; Прогноз для станции 27459 на 11.22.2006 записан на сайт ВВ УГМС
9; 24.11.2006 16:49:10; Прогноз для станции 27459 на 11.23.2006 записан на сайт ВВ УГМС
9; 24.11.2006 16:49:10; Прогноз для станции 27459 на 11.24.2006 записан на сайт ВВ УГМС
9; 24.11.2006 16:49:10; Прогноз для станции 27760 на 11.22.2006 записан на сайт ВВ УГМС
9; 24.11.2006 16:49:10; Прогноз для станции 27760 на 11.23.2006 записан на сайт ВВ УГМС
9; 24.11.2006 16:49:10; Прогноз для станции 27760 на 11.24.2006 записан на сайт ВВ УГМС
9; 24.11.2006 16:49:11; Прогноз для станции 27485 на 11.22.2006 записан на сайт ВВ УГМС
9; 24.11.2006 16:49:11; Прогноз для станции 27485 на 11.23.2006 записан на сайт ВВ УГМС
9; 24.11.2006 16:49:11; Прогноз для станции 27485 на 11.24.2006 записан на сайт ВВ УГМС
9; 24.11.2006 16:49:11; Прогноз для станции 27581 на 11.22.2006 записан на сайт ВВ УГМС
9; 24.11.2006 16:49:11; Прогноз для станции 27581 на 11.23.2006 записан на сайт ВВ УГМС
9; 24.11.2006 16:49:11; Прогноз для станции 27581 на 11.24.2006 записан на сайт ВВ УГМС
9; 24.11.2006 16:49:12; Прогноз для станции 27199 на 11.22.2006 записан на сайт ВВ УГМС
9; 24.11.2006 16:49:12; Прогноз для станции 27199 на 11.23.2006 записан на сайт ВВ УГМС
9; 24.11.2006 16:49:12; Прогноз для станции 27199 на 11.24.2006 записан на сайт ВВ УГМС
9; 24.11.2006 16:49:12; Прогноз для станции 28411 на 11.22.2006 записан на сайт ВВ УГМС
9; 24.11.2006 16:49:12; Прогноз для станции 28411 на 11.23.2006 записан на сайт ВВ УГМС
9; 24.11.2006 16:49:12; Прогноз для станции 28411 на 11.24.2006 записан на сайт ВВ УГМС
