3; 22.11.2006 22:27:44; Прогноз для станции 27459 на 024 часа успешно раскодирован
3; 22.11.2006 22:27:44; Прогноз для станции 27459 на 048 часа успешно раскодирован
3; 22.11.2006 22:27:44; Прогноз для станции 27459 на 072 часа успешно раскодирован
3; 22.11.2006 22:27:44; Прогноз для станции 27760 на 024 часа успешно раскодирован
3; 22.11.2006 22:27:44; Прогноз для станции 27760 на 048 часа успешно раскодирован
3; 22.11.2006 22:27:44; Прогноз для станции 27760 на 072 часа успешно раскодирован
3; 22.11.2006 22:27:44; Прогноз для станции 27485 на 024 часа успешно раскодирован
3; 22.11.2006 22:27:44; Прогноз для станции 27485 на 048 часа успешно раскодирован
3; 22.11.2006 22:27:44; Прогноз для станции 27485 на 072 часа успешно раскодирован
3; 22.11.2006 22:27:44; Прогноз для станции 27581 на 024 часа успешно раскодирован
3; 22.11.2006 22:27:44; Прогноз для станции 27581 на 048 часа успешно раскодирован
3; 22.11.2006 22:27:44; Прогноз для станции 27581 на 072 часа успешно раскодирован
3; 22.11.2006 22:27:44; Прогноз для станции 27199 на 024 часа успешно раскодирован
3; 22.11.2006 22:27:44; Прогноз для станции 27199 на 048 часа успешно раскодирован
3; 22.11.2006 22:27:44; Прогноз для станции 27199 на 072 часа успешно раскодирован
3; 22.11.2006 22:27:44; Прогноз для станции 28411 на 024 часа успешно раскодирован
3; 22.11.2006 22:27:44; Прогноз для станции 28411 на 048 часа успешно раскодирован
3; 22.11.2006 22:27:44; Прогноз для станции 28411 на 072 часа успешно раскодирован
0; 22.11.2006 22:27:44; Неправильный формат КП-68. Неправильный индекс станции. 
0; 22.11.2006 22:28:38; Прогноз для станции 27459 на 024 не записан на сайт ВВ УГМС. Отсутствует соединение с сервером
0; 22.11.2006 22:28:41; Прогноз для станции 27459 на 048 не записан на сайт ВВ УГМС. Отсутствует соединение с сервером
0; 22.11.2006 22:28:44; Прогноз для станции 27459 на 072 не записан на сайт ВВ УГМС. Отсутствует соединение с сервером
0; 22.11.2006 22:28:47; Прогноз для станции 27760 на 024 не записан на сайт ВВ УГМС. Отсутствует соединение с сервером
3; 22.11.2006 22:32:24; Прогноз для станции 27459 на 024 часа успешно раскодирован
3; 22.11.2006 22:32:24; Прогноз для станции 27459 на 048 часа успешно раскодирован
3; 22.11.2006 22:32:24; Прогноз для станции 27459 на 072 часа успешно раскодирован
3; 22.11.2006 22:32:24; Прогноз для станции 27760 на 024 часа успешно раскодирован
3; 22.11.2006 22:32:24; Прогноз для станции 27760 на 048 часа успешно раскодирован
3; 22.11.2006 22:32:24; Прогноз для станции 27760 на 072 часа успешно раскодирован
3; 22.11.2006 22:32:24; Прогноз для станции 27485 на 024 часа успешно раскодирован
3; 22.11.2006 22:32:24; Прогноз для станции 27485 на 048 часа успешно раскодирован
3; 22.11.2006 22:32:24; Прогноз для станции 27485 на 072 часа успешно раскодирован
3; 22.11.2006 22:32:24; Прогноз для станции 27581 на 024 часа успешно раскодирован
3; 22.11.2006 22:32:24; Прогноз для станции 27581 на 048 часа успешно раскодирован
3; 22.11.2006 22:32:24; Прогноз для станции 27581 на 072 часа успешно раскодирован
3; 22.11.2006 22:32:24; Прогноз для станции 27199 на 024 часа успешно раскодирован
3; 22.11.2006 22:32:24; Прогноз для станции 27199 на 048 часа успешно раскодирован
3; 22.11.2006 22:32:24; Прогноз для станции 27199 на 072 часа успешно раскодирован
3; 22.11.2006 22:32:24; Прогноз для станции 28411 на 024 часа успешно раскодирован
3; 22.11.2006 22:32:24; Прогноз для станции 28411 на 048 часа успешно раскодирован
3; 22.11.2006 22:32:24; Прогноз для станции 28411 на 072 часа успешно раскодирован
0; 22.11.2006 22:32:24; Неправильный формат КП-68. Неправильный индекс станции. 
3; 22.11.2006 22:38:00; Прогноз для станции 27459 на 024 часа успешно раскодирован
3; 22.11.2006 22:38:00; Прогноз для станции 27459 на 048 часа успешно раскодирован
3; 22.11.2006 22:38:00; Прогноз для станции 27459 на 072 часа успешно раскодирован
3; 22.11.2006 22:38:00; Прогноз для станции 27760 на 024 часа успешно раскодирован
3; 22.11.2006 22:38:00; Прогноз для станции 27760 на 048 часа успешно раскодирован
3; 22.11.2006 22:38:00; Прогноз для станции 27760 на 072 часа успешно раскодирован
3; 22.11.2006 22:38:00; Прогноз для станции 27485 на 024 часа успешно раскодирован
3; 22.11.2006 22:38:00; Прогноз для станции 27485 на 048 часа успешно раскодирован
3; 22.11.2006 22:38:00; Прогноз для станции 27485 на 072 часа успешно раскодирован
3; 22.11.2006 22:38:00; Прогноз для станции 27581 на 024 часа успешно раскодирован
3; 22.11.2006 22:38:00; Прогноз для станции 27581 на 048 часа успешно раскодирован
3; 22.11.2006 22:38:00; Прогноз для станции 27581 на 072 часа успешно раскодирован
3; 22.11.2006 22:38:00; Прогноз для станции 27199 на 024 часа успешно раскодирован
3; 22.11.2006 22:38:00; Прогноз для станции 27199 на 048 часа успешно раскодирован
3; 22.11.2006 22:38:00; Прогноз для станции 27199 на 072 часа успешно раскодирован
3; 22.11.2006 22:38:00; Прогноз для станции 28411 на 024 часа успешно раскодирован
3; 22.11.2006 22:38:00; Прогноз для станции 28411 на 048 часа успешно раскодирован
3; 22.11.2006 22:38:00; Прогноз для станции 28411 на 072 часа успешно раскодирован
0; 22.11.2006 22:38:00; Неправильный формат КП-68. Неправильный индекс станции. 
3; 22.11.2006 22:39:47; Прогноз для станции 27459 на 024 часа успешно раскодирован
3; 22.11.2006 22:39:47; Прогноз для станции 27459 на 048 часа успешно раскодирован
3; 22.11.2006 22:39:47; Прогноз для станции 27459 на 072 часа успешно раскодирован
3; 22.11.2006 22:39:47; Прогноз для станции 27760 на 024 часа успешно раскодирован
3; 22.11.2006 22:39:47; Прогноз для станции 27760 на 048 часа успешно раскодирован
3; 22.11.2006 22:39:47; Прогноз для станции 27760 на 072 часа успешно раскодирован
3; 22.11.2006 22:39:47; Прогноз для станции 27485 на 024 часа успешно раскодирован
3; 22.11.2006 22:39:47; Прогноз для станции 27485 на 048 часа успешно раскодирован
3; 22.11.2006 22:39:47; Прогноз для станции 27485 на 072 часа успешно раскодирован
3; 22.11.2006 22:39:47; Прогноз для станции 27581 на 024 часа успешно раскодирован
3; 22.11.2006 22:39:47; Прогноз для станции 27581 на 048 часа успешно раскодирован
3; 22.11.2006 22:39:47; Прогноз для станции 27581 на 072 часа успешно раскодирован
3; 22.11.2006 22:39:47; Прогноз для станции 27199 на 024 часа успешно раскодирован
3; 22.11.2006 22:39:47; Прогноз для станции 27199 на 048 часа успешно раскодирован
3; 22.11.2006 22:39:47; Прогноз для станции 27199 на 072 часа успешно раскодирован
3; 22.11.2006 22:39:47; Прогноз для станции 28411 на 024 часа успешно раскодирован
3; 22.11.2006 22:39:47; Прогноз для станции 28411 на 048 часа успешно раскодирован
3; 22.11.2006 22:39:47; Прогноз для станции 28411 на 072 часа успешно раскодирован
0; 22.11.2006 22:39:47; Неправильный формат КП-68. Неправильный индекс станции. 
3; 22.11.2006 22:44:22; Прогноз для станции 27459 на 024 часа успешно раскодирован
3; 22.11.2006 22:44:22; Прогноз для станции 27459 на 048 часа успешно раскодирован
3; 22.11.2006 22:44:22; Прогноз для станции 27459 на 072 часа успешно раскодирован
3; 22.11.2006 22:44:22; Прогноз для станции 27760 на 024 часа успешно раскодирован
3; 22.11.2006 22:44:22; Прогноз для станции 27760 на 048 часа успешно раскодирован
3; 22.11.2006 22:44:22; Прогноз для станции 27760 на 072 часа успешно раскодирован
3; 22.11.2006 22:44:22; Прогноз для станции 27485 на 024 часа успешно раскодирован
3; 22.11.2006 22:44:22; Прогноз для станции 27485 на 048 часа успешно раскодирован
3; 22.11.2006 22:44:22; Прогноз для станции 27485 на 072 часа успешно раскодирован
3; 22.11.2006 22:44:22; Прогноз для станции 27581 на 024 часа успешно раскодирован
3; 22.11.2006 22:44:22; Прогноз для станции 27581 на 048 часа успешно раскодирован
3; 22.11.2006 22:44:22; Прогноз для станции 27581 на 072 часа успешно раскодирован
3; 22.11.2006 22:44:22; Прогноз для станции 27199 на 024 часа успешно раскодирован
3; 22.11.2006 22:44:22; Прогноз для станции 27199 на 048 часа успешно раскодирован
3; 22.11.2006 22:44:22; Прогноз для станции 27199 на 072 часа успешно раскодирован
3; 22.11.2006 22:44:22; Прогноз для станции 28411 на 024 часа успешно раскодирован
3; 22.11.2006 22:44:22; Прогноз для станции 28411 на 048 часа успешно раскодирован
3; 22.11.2006 22:44:22; Прогноз для станции 28411 на 072 часа успешно раскодирован
0; 22.11.2006 22:44:22; 3; 22.11.2006 22:52:12; Прогноз для станции 27459 на 024 часа успешно раскодирован
3; 22.11.2006 22:52:12; Прогноз для станции 27459 на 048 часа успешно раскодирован
3; 22.11.2006 22:52:12; Прогноз для станции 27459 на 072 часа успешно раскодирован
3; 22.11.2006 22:52:12; Прогноз для станции 27760 на 024 часа успешно раскодирован
3; 22.11.2006 22:52:12; Прогноз для станции 27760 на 048 часа успешно раскодирован
3; 22.11.2006 22:52:12; Прогноз для станции 27760 на 072 часа успешно раскодирован
3; 22.11.2006 22:52:12; Прогноз для станции 27485 на 024 часа успешно раскодирован
3; 22.11.2006 22:52:12; Прогноз для станции 27485 на 048 часа успешно раскодирован
3; 22.11.2006 22:52:12; Прогноз для станции 27485 на 072 часа успешно раскодирован
3; 22.11.2006 22:52:12; Прогноз для станции 27581 на 024 часа успешно раскодирован
3; 22.11.2006 22:52:12; Прогноз для станции 27581 на 048 часа успешно раскодирован
3; 22.11.2006 22:52:12; Прогноз для станции 27581 на 072 часа успешно раскодирован
3; 22.11.2006 22:52:12; Прогноз для станции 27199 на 024 часа успешно раскодирован
3; 22.11.2006 22:52:12; Прогноз для станции 27199 на 048 часа успешно раскодирован
3; 22.11.2006 22:52:12; Прогноз для станции 27199 на 072 часа успешно раскодирован
3; 22.11.2006 22:52:12; Прогноз для станции 28411 на 024 часа успешно раскодирован
3; 22.11.2006 22:52:12; Прогноз для станции 28411 на 048 часа успешно раскодирован
3; 22.11.2006 22:52:12; Прогноз для станции 28411 на 072 часа успешно раскодирован
0; 22.11.2006 22:52:12; Неправильный формат КП-68. Неправильный индекс станции. 
0; 22.11.2006 22:52:15; Прогноз для станции 27459 на 024 не записан на сайт ВВ УГМС. Отсутствует соединение с сервером
0; 22.11.2006 22:52:18; Прогноз для станции 27459 на 048 не записан на сайт ВВ УГМС. Отсутствует соединение с сервером
0; 22.11.2006 22:52:21; Прогноз для станции 27459 на 072 не записан на сайт ВВ УГМС. Отсутствует соединение с сервером
0; 22.11.2006 22:52:24; Прогноз для станции 27760 на 024 не записан на сайт ВВ УГМС. Отсутствует соединение с сервером
0; 22.11.2006 22:52:27; Прогноз для станции 27760 на 048 не записан на сайт ВВ УГМС. Отсутствует соединение с сервером
0; 22.11.2006 22:52:30; Прогноз для станции 27760 на 072 не записан на сайт ВВ УГМС. Отсутствует соединение с сервером
0; 22.11.2006 22:52:33; Прогноз для станции 27485 на 024 не записан на сайт ВВ УГМС. Отсутствует соединение с сервером
0; 22.11.2006 22:52:36; Прогноз для станции 27485 на 048 не записан на сайт ВВ УГМС. Отсутствует соединение с сервером
0; 22.11.2006 22:52:39; Прогноз для станции 27485 на 072 не записан на сайт ВВ УГМС. Отсутствует соединение с сервером
0; 22.11.2006 22:52:42; Прогноз для станции 27581 на 024 не записан на сайт ВВ УГМС. Отсутствует соединение с сервером
0; 22.11.2006 22:52:45; Прогноз для станции 27581 на 048 не записан на сайт ВВ УГМС. Отсутствует соединение с сервером
0; 22.11.2006 22:52:48; Прогноз для станции 27581 на 072 не записан на сайт ВВ УГМС. Отсутствует соединение с сервером
0; 22.11.2006 22:52:51; Прогноз для станции 27199 на 024 не записан на сайт ВВ УГМС. Отсутствует соединение с сервером
0; 22.11.2006 22:52:54; Прогноз для станции 27199 на 048 не записан на сайт ВВ УГМС. Отсутствует соединение с сервером
0; 22.11.2006 22:52:57; Прогноз для станции 27199 на 072 не записан на сайт ВВ УГМС. Отсутствует соединение с сервером
0; 22.11.2006 22:53:01; Прогноз для станции 28411 на 024 не записан на сайт ВВ УГМС. Отсутствует соединение с сервером
0; 22.11.2006 22:53:04; Прогноз для станции 28411 на 048 не записан на сайт ВВ УГМС. Отсутствует соединение с сервером
0; 22.11.2006 22:53:07; Прогноз для станции 28411 на 072 не записан на сайт ВВ УГМС. Отсутствует соединение с сервером
3; 22.11.2006 22:55:40; Прогноз для станции 27459 на 024 часа успешно раскодирован
3; 22.11.2006 22:55:40; Прогноз для станции 27459 на 048 часа успешно раскодирован
3; 22.11.2006 22:55:40; Прогноз для станции 27459 на 072 часа успешно раскодирован
3; 22.11.2006 22:55:40; Прогноз для станции 27760 на 024 часа успешно раскодирован
3; 22.11.2006 22:55:40; Прогноз для станции 27760 на 048 часа успешно раскодирован
3; 22.11.2006 22:55:40; Прогноз для станции 27760 на 072 часа успешно раскодирован
3; 22.11.2006 22:55:40; Прогноз для станции 27485 на 024 часа успешно раскодирован
3; 22.11.2006 22:55:40; Прогноз для станции 27485 на 048 часа успешно раскодирован
3; 22.11.2006 22:55:41; Прогноз для станции 27485 на 072 часа успешно раскодирован
3; 22.11.2006 22:55:41; Прогноз для станции 27581 на 024 часа успешно раскодирован
3; 22.11.2006 22:55:41; Прогноз для станции 27581 на 048 часа успешно раскодирован
3; 22.11.2006 22:55:41; Прогноз для станции 27581 на 072 часа успешно раскодирован
3; 22.11.2006 22:55:41; Прогноз для станции 27199 на 024 часа успешно раскодирован
3; 22.11.2006 22:55:41; Прогноз для станции 27199 на 048 часа успешно раскодирован
3; 22.11.2006 22:55:41; Прогноз для станции 27199 на 072 часа успешно раскодирован
3; 22.11.2006 22:55:41; Прогноз для станции 28411 на 024 часа успешно раскодирован
3; 22.11.2006 22:55:41; Прогноз для станции 28411 на 048 часа успешно раскодирован
3; 22.11.2006 22:55:41; Прогноз для станции 28411 на 072 часа успешно раскодирован
0; 22.11.2006 22:55:41; Неправильный формат КП-68. Неправильный индекс станции. 
0; 22.11.2006 22:56:35; Прогноз для станции 27459 на 024 не записан на сайт ВВ УГМС. Отсутствует соединение с сервером
0; 22.11.2006 22:56:38; Прогноз для станции 27459 на 048 не записан на сайт ВВ УГМС. Отсутствует соединение с сервером
0; 22.11.2006 22:56:41; Прогноз для станции 27459 на 072 не записан на сайт ВВ УГМС. Отсутствует соединение с сервером
0; 22.11.2006 22:56:44; Прогноз для станции 27760 на 024 не записан на сайт ВВ УГМС. Отсутствует соединение с сервером
0; 22.11.2006 22:56:47; Прогноз для станции 27760 на 048 не записан на сайт ВВ УГМС. Отсутствует соединение с сервером
0; 22.11.2006 22:56:50; Прогноз для станции 27760 на 072 не записан на сайт ВВ УГМС. Отсутствует соединение с сервером
0; 22.11.2006 22:56:53; Прогноз для станции 27485 на 024 не записан на сайт ВВ УГМС. Отсутствует соединение с сервером
0; 22.11.2006 22:56:56; Прогноз для станции 27485 на 048 не записан на сайт ВВ УГМС. Отсутствует соединение с сервером
0; 22.11.2006 22:56:59; Прогноз для станции 27485 на 072 не записан на сайт ВВ УГМС. Отсутствует соединение с сервером
0; 22.11.2006 22:57:02; Прогноз для станции 27581 на 024 не записан на сайт ВВ УГМС. Отсутствует соединение с сервером
0; 22.11.2006 22:57:05; Прогноз для станции 27581 на 048 не записан на сайт ВВ УГМС. Отсутствует соединение с сервером
0; 22.11.2006 22:57:08; Прогноз для станции 27581 на 072 не записан на сайт ВВ УГМС. Отсутствует соединение с сервером
0; 22.11.2006 22:57:11; Прогноз для станции 27199 на 024 не записан на сайт ВВ УГМС. Отсутствует соединение с сервером
0; 22.11.2006 22:57:14; Прогноз для станции 27199 на 048 не записан на сайт ВВ УГМС. Отсутствует соединение с сервером
0; 22.11.2006 22:57:17; Прогноз для станции 27199 на 072 не записан на сайт ВВ УГМС. Отсутствует соединение с сервером
0; 22.11.2006 22:57:20; Прогноз для станции 28411 на 024 не записан на сайт ВВ УГМС. Отсутствует соединение с сервером
0; 22.11.2006 22:57:23; Прогноз для станции 28411 на 048 не записан на сайт ВВ УГМС. Отсутствует соединение с сервером
0; 22.11.2006 22:57:26; Прогноз для станции 28411 на 072 не записан на сайт ВВ УГМС. Отсутствует соединение с сервером
3; 22.11.2006 22:58:05; Прогноз для станции 27459 на 024 часа успешно раскодирован
3; 22.11.2006 22:58:05; Прогноз для станции 27459 на 048 часа успешно раскодирован
3; 22.11.2006 22:58:05; Прогноз для станции 27459 на 072 часа успешно раскодирован
3; 22.11.2006 22:58:05; Прогноз для станции 27760 на 024 часа успешно раскодирован
3; 22.11.2006 22:58:05; Прогноз для станции 27760 на 048 часа успешно раскодирован
3; 22.11.2006 22:58:05; Прогноз для станции 27760 на 072 часа успешно раскодирован
3; 22.11.2006 22:58:05; Прогноз для станции 27485 на 024 часа успешно раскодирован
3; 22.11.2006 22:58:05; Прогноз для станции 27485 на 048 часа успешно раскодирован
3; 22.11.2006 22:58:05; Прогноз для станции 27485 на 072 часа успешно раскодирован
3; 22.11.2006 22:58:05; Прогноз для станции 27581 на 024 часа успешно раскодирован
3; 22.11.2006 22:58:05; Прогноз для станции 27581 на 048 часа успешно раскодирован
3; 22.11.2006 22:58:05; Прогноз для станции 27581 на 072 часа успешно раскодирован
3; 22.11.2006 22:58:05; Прогноз для станции 27199 на 024 часа успешно раскодирован
3; 22.11.2006 22:58:05; Прогноз для станции 27199 на 048 часа успешно раскодирован
3; 22.11.2006 22:58:05; Прогноз для станции 27199 на 072 часа успешно раскодирован
3; 22.11.2006 22:58:05; Прогноз для станции 28411 на 024 часа успешно раскодирован
3; 22.11.2006 22:58:05; Прогноз для станции 28411 на 048 часа успешно раскодирован
3; 22.11.2006 22:58:05; Прогноз для станции 28411 на 072 часа успешно раскодирован
0; 22.11.2006 22:58:05; Неправильный формат КП-68. Неправильный индекс станции. 
0; 22.11.2006 22:58:56; Прогноз для станции 27459 на 024 не записан на сайт ВВ УГМС. Отсутствует соединение с сервером
0; 22.11.2006 22:58:59; Прогноз для станции 27459 на 048 не записан на сайт ВВ УГМС. Отсутствует соединение с сервером
0; 22.11.2006 22:59:02; Прогноз для станции 27459 на 072 не записан на сайт ВВ УГМС. Отсутствует соединение с сервером
0; 22.11.2006 22:59:05; Прогноз для станции 27760 на 024 не записан на сайт ВВ УГМС. Отсутствует соединение с сервером
3; 22.11.2006 23:08:31; Прогноз для станции 27459 на 024 часа успешно раскодирован
3; 22.11.2006 23:08:31; Прогноз для станции 27459 на 048 часа успешно раскодирован
3; 22.11.2006 23:08:31; Прогноз для станции 27459 на 072 часа успешно раскодирован
3; 22.11.2006 23:08:31; Прогноз для станции 27760 на 024 часа успешно раскодирован
3; 22.11.2006 23:08:31; Прогноз для станции 27760 на 048 часа успешно раскодирован
3; 22.11.2006 23:08:31; Прогноз для станции 27760 на 072 часа успешно раскодирован
3; 22.11.2006 23:08:31; Прогноз для станции 27485 на 024 часа успешно раскодирован
3; 22.11.2006 23:08:31; Прогноз для станции 27485 на 048 часа успешно раскодирован
3; 22.11.2006 23:08:31; Прогноз для станции 27485 на 072 часа успешно раскодирован
3; 22.11.2006 23:08:31; Прогноз для станции 27581 на 024 часа успешно раскодирован
3; 22.11.2006 23:08:31; Прогноз для станции 27581 на 048 часа успешно раскодирован
3; 22.11.2006 23:08:31; Прогноз для станции 27581 на 072 часа успешно раскодирован
3; 22.11.2006 23:08:31; Прогноз для станции 27199 на 024 часа успешно раскодирован
3; 22.11.2006 23:08:31; Прогноз для станции 27199 на 048 часа успешно раскодирован
3; 22.11.2006 23:08:31; Прогноз для станции 27199 на 072 часа успешно раскодирован
3; 22.11.2006 23:08:31; Прогноз для станции 28411 на 024 часа успешно раскодирован
3; 22.11.2006 23:08:31; Прогноз для станции 28411 на 048 часа успешно раскодирован
3; 22.11.2006 23:08:31; Прогноз для станции 28411 на 072 часа успешно раскодирован
0; 22.11.2006 23:08:31; Неправильный формат КП-68. Неправильный индекс станции. 
0; 22.11.2006 23:08:34; Прогноз для станции 27459 на 024 не записан на сайт ВВ УГМС. Отсутствует соединение с сервером
0; 22.11.2006 23:08:37; Прогноз для станции 27459 на 048 не записан на сайт ВВ УГМС. Отсутствует соединение с сервером
0; 22.11.2006 23:08:40; Прогноз для станции 27459 на 072 не записан на сайт ВВ УГМС. Отсутствует соединение с сервером
0; 22.11.2006 23:08:43; Прогноз для станции 27760 на 024 не записан на сайт ВВ УГМС. Отсутствует соединение с сервером
0; 22.11.2006 23:08:46; Прогноз для станции 27760 на 048 не записан на сайт ВВ УГМС. Отсутствует соединение с сервером
3; 22.11.2006 23:09:24; Прогноз для станции 27459 на 024 часа успешно раскодирован
3; 22.11.2006 23:09:28; Прогноз для станции 27459 на 048 часа успешно раскодирован
3; 22.11.2006 23:09:30; Прогноз для станции 27459 на 072 часа успешно раскодирован
3; 22.11.2006 23:09:33; Прогноз для станции 27760 на 024 часа успешно раскодирован
3; 22.11.2006 23:09:34; Прогноз для станции 27760 на 048 часа успешно раскодирован
3; 22.11.2006 23:09:34; Прогноз для станции 27760 на 072 часа успешно раскодирован
3; 22.11.2006 23:09:34; Прогноз для станции 27485 на 024 часа успешно раскодирован
3; 22.11.2006 23:09:34; Прогноз для станции 27485 на 048 часа успешно раскодирован
3; 22.11.2006 23:09:35; Прогноз для станции 27485 на 072 часа успешно раскодирован
3; 22.11.2006 23:09:35; Прогноз для станции 27581 на 024 часа успешно раскодирован
3; 22.11.2006 23:09:35; Прогноз для станции 27581 на 048 часа успешно раскодирован
3; 22.11.2006 23:09:35; Прогноз для станции 27581 на 072 часа успешно раскодирован
3; 22.11.2006 23:09:37; Прогноз для станции 27199 на 024 часа успешно раскодирован
3; 22.11.2006 23:09:38; Прогноз для станции 27199 на 048 часа успешно раскодирован
3; 22.11.2006 23:09:40; Прогноз для станции 27199 на 072 часа успешно раскодирован
3; 22.11.2006 23:09:42; Прогноз для станции 28411 на 024 часа успешно раскодирован
3; 22.11.2006 23:09:44; Прогноз для станции 28411 на 048 часа ус3; 22.11.2006 23:12:10; Прогноз для станции 27459 на 024 часа успешно раскодирован
3; 22.11.2006 23:12:10; Прогноз для станции 27459 на 048 часа успешно раскодирован
3; 22.11.2006 23:12:10; Прогноз для станции 27459 на 072 часа успешно раскодирован
3; 22.11.2006 23:12:10; Прогноз для станции 27760 на 024 часа успешно раскодирован
3; 22.11.2006 23:12:10; Прогноз для станции 27760 на 048 часа успешно раскодирован
3; 22.11.2006 23:12:10; Прогноз для станции 27760 на 072 часа успешно раскодирован
3; 22.11.2006 23:12:10; Прогноз для станции 27485 на 024 часа успешно раскодирован
3; 22.11.2006 23:12:10; Прогноз для станции 27485 на 048 часа успешно раскодирован
3; 22.11.2006 23:12:10; Прогноз для станции 27485 на 072 часа успешно раскодирован
3; 22.11.2006 23:12:10; Прогноз для станции 27581 на 024 часа успешно раскодирован
3; 22.11.2006 23:12:10; Прогноз для станции 27581 на 048 часа успешно раскодирован
3; 22.11.2006 23:12:10; Прогноз для станции 27581 на 072 часа успешно раскодирован
3; 22.11.2006 23:12:10; Прогноз для станции 27199 на 024 часа успешно раскодирован
3; 22.11.2006 23:12:10; Прогноз для станции 27199 на 048 часа успешно раскодирован
3; 22.11.2006 23:12:10; Прогноз для станции 27199 на 072 часа успешно раскодирован
3; 22.11.2006 23:12:10; Прогноз для станции 28411 на 024 часа успешно раскодирован
3; 22.11.2006 23:12:10; Прогноз для станции 28411 на 048 часа успешно раскодирован
3; 22.11.2006 23:12:10; Прогноз для станции 28411 на 072 часа успешно раскодирован
0; 22.11.2006 23:12:10; Неправильный формат КП-68. Неправильный индекс станции. 
0; 22.11.2006 23:12:14; Прогноз для станции 27459 на 024 не записан на сайт ВВ УГМС. Отсутствует соединение с сервером
0; 22.11.2006 23:12:17; Прогноз для станции 27459 на 048 не записан на сайт ВВ УГМС. Отсутствует соединение с сервером
0; 22.11.2006 23:12:20; Прогноз для станции 27459 на 072 не записан на сайт ВВ УГМС. Отсутствует соединение с сервером
3; 22.11.2006 23:14:37; Прогноз для станции 27459 на 024 часа успешно раскодирован
3; 22.11.2006 23:14:37; Прогноз для станции 27459 на 048 часа успешно раскодирован
3; 22.11.2006 23:14:37; Прогноз для станции 27459 на 072 часа успешно раскодирован
3; 22.11.2006 23:14:37; Прогноз для станции 27760 на 024 часа успешно раскодирован
3; 22.11.2006 23:14:37; Прогноз для станции 27760 на 048 часа успешно раскодирован
3; 22.11.2006 23:14:37; Прогноз для станции 27760 на 072 часа успешно раскодирован
3; 22.11.2006 23:14:37; Прогноз для станции 27485 на 024 часа успешно раскодирован
3; 22.11.2006 23:14:37; Прогноз для станции 27485 на 048 часа успешно раскодирован
3; 22.11.2006 23:14:37; Прогноз для станции 27485 на 072 часа успешно раскодирован
3; 22.11.2006 23:14:37; Прогноз для станции 27581 на 024 часа успешно раскодирован
3; 22.11.2006 23:14:37; Прогноз для станции 27581 на 048 часа успешно раскодирован
3; 22.11.2006 23:14:37; Прогноз для станции 27581 на 072 часа успешно раскодирован
3; 22.11.2006 23:14:37; Прогноз для станции 27199 на 024 часа успешно раскодирован
3; 22.11.2006 23:14:37; Прогноз для станции 27199 на 048 часа успешно раскодирован
3; 22.11.2006 23:14:37; Прогноз для станции 27199 на 072 часа успешно раскодирован
3; 22.11.2006 23:14:37; Прогноз для станции 28411 на 024 часа успешно раскодирован
3; 22.11.2006 23:14:37; Прогноз для станции 28411 на 048 часа успешно раскодирован
3; 22.11.2006 23:14:37; Прогноз для станции 28411 на 072 часа успешно раскодирован
0; 22.11.2006 23:14:40; Прогноз для станции 27459 на 024 не записан на сайт ВВ УГМС. Отсутствует соединение с сервером
0; 22.11.2006 23:14:43; Прогноз для станции 27459 на 048 не записан на сайт ВВ УГМС. Отсутствует соединение с сервером
0; 22.11.2006 23:14:47; Прогноз для станции 27459 на 072 не записан на сайт ВВ УГМС. Отсутствует соединение с сервером
0; 22.11.2006 23:14:50; Прогноз для станции 27760 на 024 не записан на сайт ВВ УГМС. Отсутствует соединение с сервером
0; 22.11.2006 23:14:53; Прогноз для станции 27760 на 048 не записан на сайт ВВ УГМС. Отсутствует соединение с сервером
0; 22.11.2006 23:14:56; Прогноз для станции 27760 на 072 не записан на сайт ВВ УГМС. Отсутствует соединение с сервером
0; 22.11.2006 23:14:59; Прогноз для станции 27485 на 024 не записан на сайт ВВ УГМС. Отсутствует соединение с сервером
0; 22.11.2006 23:15:02; Прогноз для станции 27485 на 048 не записан на сайт ВВ УГМС. Отсутствует соединение с сервером
0; 22.11.2006 23:15:05; Прогноз для станции 27485 на 072 не записан на сайт ВВ УГМС. Отсутствует соединение с сервером
0; 22.11.2006 23:15:08; Прогноз для станции 27581 на 024 не записан на сайт ВВ УГМС. Отсутствует соединение с сервером
0; 22.11.2006 23:15:11; Прогноз для станции 27581 на 048 не записан на сайт ВВ УГМС. Отсутствует соединение с сервером
0; 22.11.2006 23:15:14; Прогноз для станции 27581 на 072 не записан на сайт ВВ УГМС. Отсутствует соединение с сервером
0; 22.11.2006 23:15:17; Прогноз для станции 27199 на 024 не записан на сайт ВВ УГМС. Отсутствует соединение с сервером
0; 22.11.2006 23:15:20; Прогноз для станции 27199 на 048 не записан на сайт ВВ УГМС. Отсутствует соединение с сервером
0; 22.11.2006 23:15:23; Прогноз для станции 27199 на 072 не записан на сайт ВВ УГМС. Отсутствует соединение с сервером
0; 22.11.2006 23:15:26; Прогноз для станции 28411 на 024 не записан на сайт ВВ УГМС. Отсутствует соединение с сервером
0; 22.11.2006 23:15:29; Прогноз для станции 28411 на 048 не записан на сайт ВВ УГМС. Отсутствует соединение с сервером
0; 22.11.2006 23:15:32; Прогноз для станции 28411 на 072 не записан на сайт ВВ УГМС. Отсутствует соединение с сервером
3; 22.11.2006 23:23:18; Прогноз для станции 27459 на 024 часа успешно раскодирован
3; 22.11.2006 23:23:18; Прогноз для станции 27459 на 048 часа успешно раскодирован
3; 22.11.2006 23:23:18; Прогноз для станции 27459 на 072 часа успешно раскодирован
3; 22.11.2006 23:23:18; Прогноз для станции 27760 на 024 часа успешно раскодирован
3; 22.11.2006 23:23:18; Прогноз для станции 27760 на 048 часа успешно раскодирован
3; 22.11.2006 23:23:18; Прогноз для станции 27760 на 072 часа успешно раскодирован
3; 22.11.2006 23:23:18; Прогноз для станции 27485 на 024 часа успешно раскодирован
3; 22.11.2006 23:23:18; Прогноз для станции 27485 на 048 часа успешно раскодирован
3; 22.11.2006 23:23:18; Прогноз для станции 27485 на 072 часа успешно раскодирован
3; 22.11.2006 23:23:18; Прогноз для станции 27581 на 024 часа успешно раскодирован
3; 22.11.2006 23:23:18; Прогноз для станции 27581 на 048 часа успешно раскодирован
3; 22.11.2006 23:23:18; Прогноз для станции 27581 на 072 часа успешно раскодирован
3; 22.11.2006 23:23:18; Прогноз для станции 27199 на 024 часа успешно раскодирован
3; 22.11.2006 23:23:18; Прогноз для станции 27199 на 048 часа успешно раскодирован
3; 22.11.2006 23:23:18; Прогноз для станции 27199 на 072 часа успешно раскодирован
3; 22.11.2006 23:23:18; Прогноз для станции 28411 на 024 часа успешно раскодирован
3; 22.11.2006 23:23:18; Прогноз для станции 28411 на 048 часа успешно раскодирован
3; 22.11.2006 23:23:18; Прогноз для станции 28411 на 072 часа успешно раскодирован
0; 22.11.2006 23:23:21; Прогноз для станции 27459 на 024 не записан на сайт ВВ УГМС. Отсутствует соединение с сервером
0; 22.11.2006 23:23:24; Прогноз для станции 27459 на 048 не записан на сайт ВВ УГМС. Отсутствует соединение с сервером
0; 22.11.2006 23:23:27; Прогноз для станции 27459 на 072 не записан на сайт ВВ УГМС. Отсутствует соединение с сервером
0; 22.11.2006 23:23:30; Прогноз для станции 27760 на 024 не записан на сайт ВВ УГМС. Отсутствует соединение с сервером
0; 22.11.2006 23:23:33; Прогноз для станции 27760 на 048 не записан на сайт ВВ УГМС. Отсутствует соединение с сервером
0; 22.11.2006 23:23:36; Прогноз для станции 27760 на 072 не записан на сайт ВВ УГМС. Отсутствует соединение с сервером
0; 22.11.2006 23:23:39; Прогноз для станции 27485 на 024 не записан на сайт ВВ УГМС. Отсутствует соединение с сервером
0; 22.11.2006 23:23:42; Прогноз для станции 27485 на 048 не записан на сайт ВВ УГМС. Отсутствует соединение с сервером
0; 22.11.2006 23:23:45; Прогноз для станции 27485 на 072 не записан на сайт ВВ УГМС. Отсутствует соединение с сервером
0; 22.11.2006 23:23:48; Прогноз для станции 27581 на 024 не записан на сайт ВВ УГМС. Отсутствует соединение с сервером
0; 22.11.2006 23:23:51; Прогноз для станции 27581 на 048 не записан на сайт ВВ УГМС. Отсутствует соединение с сервером
0; 22.11.2006 23:23:54; Прогноз для станции 27581 на 072 не записан на сайт ВВ УГМС. Отсутствует соединение с сервером
0; 22.11.2006 23:23:57; Прогноз для станции 27199 на 024 не записан на сайт ВВ УГМС. Отсутствует соединение с сервером
0; 22.11.2006 23:24:00; Прогноз для станции 27199 на 048 не записан на сайт ВВ УГМС. Отсутствует соединение с сервером
0; 22.11.2006 23:24:03; Прогноз для станции 27199 на 072 не записан на сайт ВВ УГМС. Отсутствует соединение с сервером
0; 22.11.2006 23:24:06; Прогноз для станции 28411 на 024 не записан на сайт ВВ УГМС. Отсутствует соединение с сервером
0; 22.11.2006 23:24:09; Прогноз для станции 28411 на 048 не записан на сайт ВВ УГМС. Отсутствует соединение с сервером
0; 22.11.2006 23:24:12; Прогноз для станции 28411 на 072 не записан на сайт ВВ УГМС. Отсутствует соединение с сервером
3; 22.11.2006 23:29:37; Прогноз для станции 27459 на 024 часа успешно раскодирован
3; 22.11.2006 23:29:37; Прогноз для станции 27459 на 048 часа успешно раскодирован
3; 22.11.2006 23:29:37; Прогноз для станции 27459 на 072 часа успешно раскодирован
3; 22.11.2006 23:29:37; Прогноз для станции 27760 на 024 часа успешно раскодирован
3; 22.11.2006 23:29:37; Прогноз для станции 27760 на 048 часа успешно раскодирован
3; 22.11.2006 23:29:37; Прогноз для станции 27760 на 072 часа успешно раскодирован
3; 22.11.2006 23:29:37; Прогноз для станции 27485 на 024 часа успешно раскодирован
3; 22.11.2006 23:29:37; Прогноз для станции 27485 на 048 часа успешно раскодирован
3; 22.11.2006 23:29:37; Прогноз для станции 27485 на 072 часа успешно раскодирован
3; 22.11.2006 23:29:37; Прогноз для станции 27581 на 024 часа успешно раскодирован
3; 22.11.2006 23:29:37; Прогноз для станции 27581 на 048 часа успешно раскодирован
3; 22.11.2006 23:29:37; Прогноз для станции 27581 на 072 часа успешно раскодирован
3; 22.11.2006 23:29:37; Прогноз для станции 27199 на 024 часа успешно раскодирован
3; 22.11.2006 23:29:37; Прогноз для станции 27199 на 048 часа успешно раскодирован
3; 22.11.2006 23:29:37; Прогноз для станции 27199 на 072 часа успешно раскодирован
3; 22.11.2006 23:29:37; Прогноз для станции 28411 на 024 часа успешно раскодирован
3; 22.11.2006 23:29:37; Прогноз для станции 28411 на 048 часа успешно раскодирован
3; 22.11.2006 23:29:37; Прогноз для станции 28411 на 072 часа успешно раскодирован
0; 22.11.2006 23:29:40; Прогноз для станции 27459 на 024 не записан на сайт ВВ УГМС. Отсутствует соединение с сервером
0; 22.11.2006 23:29:43; Прогноз для станции 27459 на 048 не записан на сайт ВВ УГМС. Отсутствует соединение с сервером
0; 22.11.2006 23:29:46; Прогноз для станции 27459 на 072 не записан на сайт ВВ УГМС. Отсутствует соединение с сервером
0; 22.11.2006 23:29:49; Прогноз для станции 27760 на 024 не записан на сайт ВВ УГМС. Отсутствует соединение с сервером
0; 22.11.2006 23:29:52; Прогноз для станции 27760 на 048 не записан на сайт ВВ УГМС. Отсутствует соединение с сервером
0; 22.11.2006 23:29:55; Прогноз для станции 27760 на 072 не записан на сайт ВВ УГМС. Отсутствует соединение с сервером
0; 22.11.2006 23:29:58; Прогноз для станции 27485 на 024 не записан на сайт ВВ УГМС. Отсутствует соединение с сервером
0; 22.11.2006 23:30:01; Прогноз для станции 27485 на 048 не записан на сайт ВВ УГМС. Отсутствует соединение с сервером
0; 22.11.2006 23:30:04; Прогноз для станции 27485 на 072 не записан на сайт ВВ УГМС. Отсутствует соединение с сервером
0; 22.11.2006 23:30:07; Прогноз для станции 27581 на 024 не записан на сайт ВВ УГМС. Отсутствует соединение с сервером
0; 22.11.2006 23:30:10; Прогноз для станции 27581 на 048 не записан на сайт ВВ УГМС. Отсутствует соединение с сервером
0; 22.11.2006 23:30:13; Прогноз для станции 27581 на 072 не записан на сайт ВВ УГМС. Отсутствует соединение с сервером
0; 22.11.2006 23:30:16; Прогноз для станции 27199 на 024 не записан на сайт ВВ УГМС. Отсутствует соединение с сервером
0; 22.11.2006 23:30:19; Прогноз для станции 27199 на 048 не записан на сайт ВВ УГМС. Отсутствует соединение с сервером
0; 22.11.2006 23:30:22; Прогноз для станции 27199 на 072 не записан на сайт ВВ УГМС. Отсутствует соединение с сервером
0; 22.11.2006 23:30:25; Прогноз для станции 28411 на 024 не записан на сайт ВВ УГМС. Отсутствует соединение с сервером
0; 22.11.2006 23:30:28; Прогноз для станции 28411 на 048 не записан на сайт ВВ УГМС. Отсутствует соединение с сервером
0; 22.11.2006 23:30:31; Прогноз для станции 28411 на 072 не записан на сайт ВВ УГМС. Отсутствует соединение с сервером
3; 22.11.2006 23:54:16; Прогноз для станции 27459 на 024 часа успешно раскодирован
3; 22.11.2006 23:54:16; Прогноз для станции 27459 на 048 часа успешно раскодирован
3; 22.11.2006 23:54:16; Прогноз для станции 27459 на 072 часа успешно раскодирован
3; 22.11.2006 23:54:17; Прогноз для станции 27760 на 024 часа успешно раскодирован
3; 22.11.2006 23:54:17; Прогноз для станции 27760 на 048 часа успешно раскодирован
3; 22.11.2006 23:54:17; Прогноз для станции 27760 на 072 часа успешно раскодирован
3; 22.11.2006 23:54:17; Прогноз для станции 27485 на 024 часа успешно раскодирован
3; 22.11.2006 23:54:17; Прогноз для станции 27485 на 048 часа успешно раскодирован
3; 22.11.2006 23:54:17; Прогноз для станции 27485 на 072 часа успешно раскодирован
3; 22.11.2006 23:54:17; Прогноз для станции 27581 на 024 часа успешно раскодирован
3; 22.11.2006 23:54:17; Прогноз для станции 27581 на 048 часа успешно раскодирован
3; 22.11.2006 23:54:17; Прогноз для станции 27581 на 072 часа успешно раскодирован
3; 22.11.2006 23:54:17; Прогноз для станции 27199 на 024 часа успешно раскодирован
3; 22.11.2006 23:54:17; Прогноз для станции 27199 на 048 часа успешно раскодирован
3; 22.11.2006 23:54:17; Прогноз для станции 27199 на 072 часа успешно раскодирован
3; 22.11.2006 23:54:17; Прогноз для станции 28411 на 024 часа успешно раскодирован
3; 22.11.2006 23:54:17; Прогноз для станции 28411 на 048 часа успешно раскодирован
3; 22.11.2006 23:54:17; Прогноз для станции 28411 на 072 часа успешно раскодирован
0; 22.11.2006 23:55:09; Прогноз для станции 27459 на 024 не записан на сайт ВВ УГМС. Отсутствует соединение с сервером
0; 22.11.2006 23:55:12; Прогноз для станции 27459 на 048 не записан на сайт ВВ УГМС. Отсутствует соединение с сервером
0; 22.11.2006 23:55:15; Прогноз для станции 27459 на 072 не записан на сайт ВВ УГМС. Отсутствует соединение с сервером
0; 22.11.2006 23:55:18; Прогноз для станции 27760 на 024 не записан на сайт ВВ УГМС. Отсутствует соединение с сервером
0; 22.11.2006 23:55:21; Прогноз для станции 27760 на 048 не записан на сайт ВВ УГМС. Отсутствует соединение с сервером
0; 22.11.2006 23:55:24; Прогноз для станции 27760 на 072 не записан на сайт ВВ УГМС. Отсутствует соединение с сервером
0; 22.11.2006 23:55:27; Прогноз для станции 27485 на 024 не записан на сайт ВВ УГМС. Отсутствует соединение с сервером
0; 22.11.2006 23:55:30; Прогноз для станции 27485 на 048 не записан на сайт ВВ УГМС. Отсутствует соединение с сервером
0; 22.11.2006 23:55:33; Прогноз для станции 27485 на 072 не записан на сайт ВВ УГМС. Отсутствует соединение с сервером
0; 22.11.2006 23:55:36; Прогноз для станции 27581 на 024 не записан на сайт ВВ УГМС. Отсутствует соединение с сервером
0; 22.11.2006 23:55:39; Прогноз для станции 27581 на 048 не записан на сайт ВВ УГМС. Отсутствует соединение с сервером
0; 22.11.2006 23:55:42; Прогноз для станции 27581 на 072 не записан на сайт ВВ УГМС. Отсутствует соединение с сервером
0; 22.11.2006 23:55:45; Прогноз для станции 27199 на 024 не записан на сайт ВВ УГМС. Отсутствует соединение с сервером
0; 22.11.2006 23:55:48; Прогноз для станции 27199 на 048 не записан на сайт ВВ УГМС. Отсутствует соединение с сервером
0; 22.11.2006 23:55:51; Прогноз для станции 27199 на 072 не записан на сайт ВВ УГМС. Отсутствует соединение с сервером
0; 22.11.2006 23:55:54; Прогноз для станции 28411 на 024 не записан на сайт ВВ УГМС. Отсутствует соединение с сервером
0; 22.11.2006 23:55:57; Прогноз для станции 28411 на 048 не записан на сайт ВВ УГМС. Отсутствует соединение с сервером
0; 22.11.2006 23:56:00; Прогноз для станции 28411 на 072 не записан на сайт ВВ УГМС. Отсутствует соединение с сервером
